(VSCode) 2025-03-27 19:53:00.682 [INFO]: No proxy settings found
(VSCode) 2025-03-27 19:53:01.942 [INFO]: Checking network connection...
(VSCode) 2025-03-27 19:53:02.702 [INFO]: No Network Issue connecting to https://server.codeium.com/healthz
(VSCode) 2025-03-27 19:53:03.136 [INFO]: Creating manager directory: /tmp/35281ad8-d64b-4454-8f44-4f764962dfe1/codeium/manager
(VSCode) 2025-03-27 19:53:03.577 [INFO]: Using cached LS with valid crc32: /home/smitee/.vscode/extensions/codeium.codeium-1.42.3/dist/0c9faf39e693eeaf762c0320f624cde0b6c7bb7e/language_server_linux_x64
(VSCode) 2025-03-27 19:53:03.584 [INFO]: Language server started
2025/03/27 19:53:03 maxprocs: Leaving GOMAXPROCS=12: CPU quota undefined
I0327 19:53:03.681958  3429 main.go:581] [Language Server Manager] Setting GOMAXPROCS to 4
I0327 19:53:03.683538  3429 main.go:725] [Language Server Manager] Release 1.42.3 (0c9faf39e693eeaf762c0320f624cde0b6c7bb7e)
I0327 19:53:03.683578  3429 main.go:804] [Language Server Manager] Starting language server manager with pid 3429
I0327 19:53:03.683666  3429 main.go:124] [Language Server Manager] Manager acquired its lock file /tmp/35281ad8-d64b-4454-8f44-4f764962dfe1/codeium/manager/locks/manager.lock
I0327 19:53:03.684035  3429 main.go:265] [Language Server Manager] Waiting for random port file in /tmp/35281ad8-d64b-4454-8f44-4f764962dfe1/codeium/manager/child_random_port_1743094383683741578_5335661531278357070 to be created
2025/03/27 19:53:03 maxprocs: Leaving GOMAXPROCS=12: CPU quota undefined
I0327 19:53:03.773250  3444 main.go:581] Setting GOMAXPROCS to 4
I0327 19:53:03.773477  3444 main.go:798] Starting language server process with pid 3444
I0327 19:53:03.773514  3444 server.go:256] Language server will attempt to listen on host 127.0.0.1
I0327 19:53:03.773610  3444 server.go:263] Language server listening on random port at 33819
I0327 19:53:05.833241  3444 server.go:342] Extension server port not specified; skipping extension server client creation
I0327 19:53:05.847154  3444 web_server.go:258] Chat Web Server listening at ws://127.0.0.1:32931
I0327 19:53:05.965956  3444 server.go:849] Local search is enabled, will index local files.
I0327 19:53:05.965976  3444 server.go:853] Using 3 indexer workers
I0327 19:53:05.978266  3444 server.go:995] Child process attempting to acquire lock file /tmp/35281ad8-d64b-4454-8f44-4f764962dfe1/codeium/manager/locks/child_lock_1743094383683766396_9186719853410516584
I0327 19:53:05.978327  3444 server.go:1003] Child process acquired lock file /tmp/35281ad8-d64b-4454-8f44-4f764962dfe1/codeium/manager/locks/child_lock_1743094383683766396_9186719853410516584
43341
I0327 19:53:05.989506  3429 main.go:301] [Language Server Manager] Found random server port 33819
I0327 19:53:05.989532  3429 main.go:302] [Language Server Manager] Found random lsp port 43341
I0327 19:53:05.989544  3429 main.go:309] [Language Server Manager] Attempting to connect to language server at 127.0.0.1:33819
I0327 19:53:06.000817  3429 main.go:178] [Language Server Manager] Fixing language server port at 33819
I0327 19:53:06.000832  3429 main.go:361] [Language Server Manager] Successfully connected to new language server at 127.0.0.1:33819
(VSCode) 2025-03-27 19:53:06.088 [INFO]: Found language server running on port 33819
(VSCode) 2025-03-27 19:53:06.462 [INFO]: openAllTextDocuments took 24.742739000001166ms
(VSCode) 2025-03-27 19:53:23.480 [INFO]: Codeium is not enabled for the current document.
(VSCode) 2025-03-27 19:53:24.108 [INFO]: Codeium is not enabled for the current document.
(VSCode) 2025-03-27 19:53:24.377 [INFO]: Codeium is not enabled for the current document.
(VSCode) 2025-03-27 19:53:26.624 [INFO]: Disposing language server process
(VSCode) 2025-03-27 19:53:26.624 [INFO]: Deleting manager directory: /tmp/35281ad8-d64b-4454-8f44-4f764962dfe1/codeium/manager
(VSCode) 2025-03-27 19:53:26.625 [INFO]: Successfully disposed language server
W0327 19:53:26.624456  3429 main.go:128] [Language Server Manager] Got signal terminated, shutting down
