2025-03-28 03:00:51.124 [info] Reading sessions from keychain...
2025-03-28 03:00:51.124 [info] Getting sessions for all scopes...
2025-03-28 03:00:51.124 [info] Getting sessions for all scopes...
2025-03-28 03:00:51.139 [info] Getting sessions for all scopes...
2025-03-28 03:00:51.139 [info] Getting sessions for all scopes...
2025-03-28 03:00:51.140 [info] Getting sessions for all scopes...
2025-03-28 03:00:51.140 [info] Getting sessions for all scopes...
2025-03-28 03:00:51.140 [info] Getting sessions for all scopes...
2025-03-28 03:00:51.167 [info] Got stored sessions!
2025-03-28 03:00:51.167 [info] Got 1 verified sessions.
2025-03-28 03:00:51.167 [info] Got 1 sessions for ...
2025-03-28 03:00:51.167 [info] Got 1 sessions for ...
2025-03-28 03:00:51.167 [info] Got 1 sessions for ...
2025-03-28 03:00:51.167 [info] Got 1 sessions for ...
2025-03-28 03:00:51.167 [info] Got 1 sessions for ...
2025-03-28 03:00:51.167 [info] Got 1 sessions for ...
2025-03-28 03:00:51.167 [info] Got 1 sessions for ...
2025-03-28 03:00:51.210 [info] Getting sessions for all scopes...
2025-03-28 03:00:51.210 [info] Got 1 sessions for ...
2025-03-28 03:00:52.928 [info] Getting sessions for all scopes...
2025-03-28 03:00:52.928 [info] Got 1 sessions for ...
