2025-03-29 00:01:26.143 [info] [основное] Уровень ведения журнала: Info
2025-03-29 00:01:26.143 [info] [основное] Проверка найденного Git в: "git"
2025-03-29 00:01:26.143 [info] [основное] Используется Git "2.49.0" из "git"
2025-03-29 00:01:26.143 [info] [Model][doInitialScan] Initial repository scan started
2025-03-29 00:01:26.143 [info] > git rev-parse --show-toplevel [33ms]
2025-03-29 00:01:26.143 [info] fatal: not a git repository (or any of the parent directories): .git
2025-03-29 00:01:26.143 [info] > git rev-parse --show-toplevel [7ms]
2025-03-29 00:01:26.143 [info] fatal: not a git repository (or any of the parent directories): .git
2025-03-29 00:01:26.159 [info] > git rev-parse --show-toplevel [1ms]
2025-03-29 00:01:26.159 [info] fatal: not a git repository (or any of the parent directories): .git
2025-03-29 00:01:26.163 [info] > git rev-parse --show-toplevel [1ms]
2025-03-29 00:01:26.163 [info] fatal: not a git repository (or any of the parent directories): .git
2025-03-29 00:01:26.214 [info] > git rev-parse --show-toplevel [48ms]
2025-03-29 00:01:26.214 [info] fatal: not a git repository (or any of the parent directories): .git
2025-03-29 00:01:26.230 [info] > git rev-parse --show-toplevel [6ms]
2025-03-29 00:01:26.230 [info] fatal: not a git repository (or any of the parent directories): .git
2025-03-29 00:01:26.950 [info] > git rev-parse --show-toplevel [326ms]
2025-03-29 00:01:26.950 [info] fatal: not a git repository (or any of the parent directories): .git
2025-03-29 00:01:27.034 [info] > git rev-parse --show-toplevel [9ms]
2025-03-29 00:01:27.034 [info] fatal: not a git repository (or any of the parent directories): .git
2025-03-29 00:01:27.047 [info] > git rev-parse --show-toplevel [2ms]
2025-03-29 00:01:27.047 [info] fatal: not a git repository (or any of the parent directories): .git
2025-03-29 00:01:27.053 [info] > git rev-parse --show-toplevel [1ms]
2025-03-29 00:01:27.053 [info] fatal: not a git repository (or any of the parent directories): .git
2025-03-29 00:01:27.089 [info] > git rev-parse --show-toplevel [32ms]
2025-03-29 00:01:27.089 [info] fatal: not a git repository (or any of the parent directories): .git
2025-03-29 00:01:27.097 [info] > git rev-parse --show-toplevel [1ms]
2025-03-29 00:01:27.097 [info] fatal: not a git repository (or any of the parent directories): .git
2025-03-29 00:01:27.103 [info] > git rev-parse --show-toplevel [2ms]
2025-03-29 00:01:27.103 [info] fatal: not a git repository (or any of the parent directories): .git
2025-03-29 00:01:27.109 [info] > git rev-parse --show-toplevel [0ms]
2025-03-29 00:01:27.109 [info] fatal: not a git repository (or any of the parent directories): .git
2025-03-29 00:01:27.120 [info] > git rev-parse --show-toplevel [7ms]
2025-03-29 00:01:27.120 [info] fatal: not a git repository (or any of the parent directories): .git
2025-03-29 00:01:27.126 [info] > git rev-parse --show-toplevel [1ms]
2025-03-29 00:01:27.126 [info] fatal: not a git repository (or any of the parent directories): .git
2025-03-29 00:01:27.132 [info] > git rev-parse --show-toplevel [1ms]
2025-03-29 00:01:27.132 [info] fatal: not a git repository (or any of the parent directories): .git
2025-03-29 00:01:27.137 [info] > git rev-parse --show-toplevel [1ms]
2025-03-29 00:01:27.137 [info] fatal: not a git repository (or any of the parent directories): .git
2025-03-29 00:01:27.142 [info] > git rev-parse --show-toplevel [0ms]
2025-03-29 00:01:27.142 [info] fatal: not a git repository (or any of the parent directories): .git
2025-03-29 00:01:27.148 [info] > git rev-parse --show-toplevel [1ms]
2025-03-29 00:01:27.148 [info] fatal: not a git repository (or any of the parent directories): .git
2025-03-29 00:01:27.153 [info] > git rev-parse --show-toplevel [1ms]
2025-03-29 00:01:27.153 [info] fatal: not a git repository (or any of the parent directories): .git
2025-03-29 00:01:27.158 [info] > git rev-parse --show-toplevel [0ms]
2025-03-29 00:01:27.158 [info] fatal: not a git repository (or any of the parent directories): .git
2025-03-29 00:01:27.164 [info] > git rev-parse --show-toplevel [1ms]
2025-03-29 00:01:27.164 [info] fatal: not a git repository (or any of the parent directories): .git
2025-03-29 00:01:27.169 [info] > git rev-parse --show-toplevel [1ms]
2025-03-29 00:01:27.169 [info] fatal: not a git repository (or any of the parent directories): .git
2025-03-29 00:01:27.174 [info] > git rev-parse --show-toplevel [0ms]
2025-03-29 00:01:27.174 [info] fatal: not a git repository (or any of the parent directories): .git
2025-03-29 00:01:27.180 [info] > git rev-parse --show-toplevel [1ms]
2025-03-29 00:01:27.180 [info] fatal: not a git repository (or any of the parent directories): .git
2025-03-29 00:01:27.185 [info] > git rev-parse --show-toplevel [0ms]
2025-03-29 00:01:27.185 [info] fatal: not a git repository (or any of the parent directories): .git
2025-03-29 00:01:27.191 [info] > git rev-parse --show-toplevel [1ms]
2025-03-29 00:01:27.191 [info] fatal: not a git repository (or any of the parent directories): .git
2025-03-29 00:01:27.196 [info] > git rev-parse --show-toplevel [0ms]
2025-03-29 00:01:27.196 [info] fatal: not a git repository (or any of the parent directories): .git
2025-03-29 00:01:27.201 [info] > git rev-parse --show-toplevel [1ms]
2025-03-29 00:01:27.201 [info] fatal: not a git repository (or any of the parent directories): .git
2025-03-29 00:01:27.206 [info] > git rev-parse --show-toplevel [1ms]
2025-03-29 00:01:27.206 [info] fatal: not a git repository (or any of the parent directories): .git
2025-03-29 00:01:27.210 [info] > git rev-parse --show-toplevel [0ms]
2025-03-29 00:01:27.210 [info] fatal: not a git repository (or any of the parent directories): .git
2025-03-29 00:01:27.216 [info] > git rev-parse --show-toplevel [1ms]
2025-03-29 00:01:27.216 [info] fatal: not a git repository (or any of the parent directories): .git
2025-03-29 00:01:27.220 [info] > git rev-parse --show-toplevel [0ms]
2025-03-29 00:01:27.220 [info] fatal: not a git repository (or any of the parent directories): .git
2025-03-29 00:01:27.225 [info] > git rev-parse --show-toplevel [0ms]
2025-03-29 00:01:27.225 [info] fatal: not a git repository (or any of the parent directories): .git
2025-03-29 00:01:27.230 [info] > git rev-parse --show-toplevel [1ms]
2025-03-29 00:01:27.230 [info] fatal: not a git repository (or any of the parent directories): .git
2025-03-29 00:01:27.235 [info] > git rev-parse --show-toplevel [0ms]
2025-03-29 00:01:27.235 [info] fatal: not a git repository (or any of the parent directories): .git
2025-03-29 00:01:27.239 [info] > git rev-parse --show-toplevel [1ms]
2025-03-29 00:01:27.239 [info] fatal: not a git repository (or any of the parent directories): .git
2025-03-29 00:01:27.245 [info] > git rev-parse --show-toplevel [0ms]
2025-03-29 00:01:27.245 [info] fatal: not a git repository (or any of the parent directories): .git
2025-03-29 00:01:27.249 [info] > git rev-parse --show-toplevel [1ms]
2025-03-29 00:01:27.249 [info] fatal: not a git repository (or any of the parent directories): .git
2025-03-29 00:01:27.255 [info] > git rev-parse --show-toplevel [1ms]
2025-03-29 00:01:27.255 [info] fatal: not a git repository (or any of the parent directories): .git
2025-03-29 00:01:27.260 [info] > git rev-parse --show-toplevel [1ms]
2025-03-29 00:01:27.260 [info] fatal: not a git repository (or any of the parent directories): .git
2025-03-29 00:01:27.266 [info] > git rev-parse --show-toplevel [1ms]
2025-03-29 00:01:27.266 [info] fatal: not a git repository (or any of the parent directories): .git
2025-03-29 00:01:27.271 [info] > git rev-parse --show-toplevel [1ms]
2025-03-29 00:01:27.271 [info] fatal: not a git repository (or any of the parent directories): .git
2025-03-29 00:01:27.276 [info] > git rev-parse --show-toplevel [1ms]
2025-03-29 00:01:27.276 [info] fatal: not a git repository (or any of the parent directories): .git
2025-03-29 00:01:27.281 [info] > git rev-parse --show-toplevel [1ms]
2025-03-29 00:01:27.281 [info] fatal: not a git repository (or any of the parent directories): .git
2025-03-29 00:01:27.286 [info] > git rev-parse --show-toplevel [1ms]
2025-03-29 00:01:27.286 [info] fatal: not a git repository (or any of the parent directories): .git
2025-03-29 00:01:27.291 [info] > git rev-parse --show-toplevel [1ms]
2025-03-29 00:01:27.291 [info] fatal: not a git repository (or any of the parent directories): .git
2025-03-29 00:01:27.296 [info] > git rev-parse --show-toplevel [1ms]
2025-03-29 00:01:27.296 [info] fatal: not a git repository (or any of the parent directories): .git
2025-03-29 00:01:27.302 [info] > git rev-parse --show-toplevel [2ms]
2025-03-29 00:01:27.302 [info] fatal: not a git repository (or any of the parent directories): .git
2025-03-29 00:01:27.306 [info] > git rev-parse --show-toplevel [1ms]
2025-03-29 00:01:27.306 [info] fatal: not a git repository (or any of the parent directories): .git
2025-03-29 00:01:27.311 [info] > git rev-parse --show-toplevel [0ms]
2025-03-29 00:01:27.311 [info] fatal: not a git repository (or any of the parent directories): .git
2025-03-29 00:01:27.313 [info] [Model][doInitialScan] Initial repository scan completed - repositories (0), closed repositories (0), parent repositories (0), unsafe repositories (0)
2025-03-29 00:01:27.318 [info] > git rev-parse --show-toplevel [1ms]
2025-03-29 00:01:27.318 [info] fatal: not a git repository (or any of the parent directories): .git
2025-03-29 00:01:27.323 [info] > git rev-parse --show-toplevel [1ms]
2025-03-29 00:01:27.323 [info] fatal: not a git repository (or any of the parent directories): .git
2025-03-29 00:01:27.327 [info] > git rev-parse --show-toplevel [0ms]
2025-03-29 00:01:27.327 [info] fatal: not a git repository (or any of the parent directories): .git
2025-03-29 00:01:27.332 [info] > git rev-parse --show-toplevel [1ms]
2025-03-29 00:01:27.332 [info] fatal: not a git repository (or any of the parent directories): .git
2025-03-29 00:01:27.762 [info] > git rev-parse --show-toplevel [1ms]
2025-03-29 00:01:27.762 [info] fatal: not a git repository (or any of the parent directories): .git
2025-03-29 00:01:34.173 [info] > git rev-parse --show-toplevel [6ms]
2025-03-29 00:01:34.173 [info] fatal: not a git repository (or any of the parent directories): .git
2025-03-29 00:11:08.108 [info] > git rev-parse --show-toplevel [2ms]
2025-03-29 00:11:08.109 [info] fatal: not a git repository (or any of the parent directories): .git
2025-03-29 00:11:38.604 [info] > git rev-parse --show-toplevel [2ms]
2025-03-29 00:11:38.604 [info] fatal: not a git repository (or any of the parent directories): .git
2025-03-29 00:13:52.929 [info] > git rev-parse --show-toplevel [0ms]
2025-03-29 00:13:52.929 [info] fatal: not a git repository (or any of the parent directories): .git
2025-03-29 00:14:54.863 [info] > git rev-parse --show-toplevel [1ms]
2025-03-29 00:14:54.863 [info] fatal: not a git repository (or any of the parent directories): .git
