2025-03-27 20:39:14.658 [info] [основное] Уровень ведения журнала: Info
2025-03-27 20:39:14.658 [info] [основное] Проверка найденного Git в: "git"
2025-03-27 20:39:14.658 [info] [основное] Используется Git "2.49.0" из "git"
2025-03-27 20:39:14.658 [info] [Model][doInitialScan] Initial repository scan started
2025-03-27 20:39:14.658 [info] > git rev-parse --show-toplevel [32ms]
2025-03-27 20:39:14.658 [info] fatal: not a git repository (or any of the parent directories): .git
2025-03-27 20:39:14.658 [info] > git rev-parse --show-toplevel [42ms]
2025-03-27 20:39:14.658 [info] fatal: not a git repository (or any of the parent directories): .git
2025-03-27 20:39:14.740 [info] > git rev-parse --show-toplevel [5ms]
2025-03-27 20:39:14.740 [info] fatal: not a git repository (or any of the parent directories): .git
2025-03-27 20:39:15.064 [info] > git rev-parse --show-toplevel [2ms]
2025-03-27 20:39:15.064 [info] fatal: not a git repository (or any of the parent directories): .git
2025-03-27 20:39:15.072 [info] > git rev-parse --show-toplevel [0ms]
2025-03-27 20:39:15.072 [info] fatal: not a git repository (or any of the parent directories): .git
2025-03-27 20:39:15.078 [info] > git rev-parse --show-toplevel [1ms]
2025-03-27 20:39:15.078 [info] fatal: not a git repository (or any of the parent directories): .git
2025-03-27 20:39:15.085 [info] > git rev-parse --show-toplevel [2ms]
2025-03-27 20:39:15.085 [info] fatal: not a git repository (or any of the parent directories): .git
2025-03-27 20:39:15.135 [info] > git rev-parse --show-toplevel [45ms]
2025-03-27 20:39:15.135 [info] fatal: not a git repository (or any of the parent directories): .git
2025-03-27 20:39:15.142 [info] > git rev-parse --show-toplevel [1ms]
2025-03-27 20:39:15.142 [info] fatal: not a git repository (or any of the parent directories): .git
2025-03-27 20:39:15.148 [info] > git rev-parse --show-toplevel [1ms]
2025-03-27 20:39:15.148 [info] fatal: not a git repository (or any of the parent directories): .git
2025-03-27 20:39:15.154 [info] > git rev-parse --show-toplevel [1ms]
2025-03-27 20:39:15.154 [info] fatal: not a git repository (or any of the parent directories): .git
2025-03-27 20:39:15.160 [info] > git rev-parse --show-toplevel [1ms]
2025-03-27 20:39:15.160 [info] fatal: not a git repository (or any of the parent directories): .git
2025-03-27 20:39:15.165 [info] > git rev-parse --show-toplevel [1ms]
2025-03-27 20:39:15.165 [info] fatal: not a git repository (or any of the parent directories): .git
2025-03-27 20:39:15.170 [info] > git rev-parse --show-toplevel [1ms]
2025-03-27 20:39:15.170 [info] fatal: not a git repository (or any of the parent directories): .git
2025-03-27 20:39:15.192 [info] > git rev-parse --show-toplevel [18ms]
2025-03-27 20:39:15.192 [info] fatal: not a git repository (or any of the parent directories): .git
2025-03-27 20:39:15.198 [info] > git rev-parse --show-toplevel [1ms]
2025-03-27 20:39:15.198 [info] fatal: not a git repository (or any of the parent directories): .git
2025-03-27 20:39:15.203 [info] > git rev-parse --show-toplevel [1ms]
2025-03-27 20:39:15.203 [info] fatal: not a git repository (or any of the parent directories): .git
2025-03-27 20:39:15.208 [info] > git rev-parse --show-toplevel [1ms]
2025-03-27 20:39:15.208 [info] fatal: not a git repository (or any of the parent directories): .git
2025-03-27 20:39:15.213 [info] > git rev-parse --show-toplevel [0ms]
2025-03-27 20:39:15.213 [info] fatal: not a git repository (or any of the parent directories): .git
2025-03-27 20:39:15.218 [info] > git rev-parse --show-toplevel [1ms]
2025-03-27 20:39:15.218 [info] fatal: not a git repository (or any of the parent directories): .git
2025-03-27 20:39:15.223 [info] > git rev-parse --show-toplevel [1ms]
2025-03-27 20:39:15.223 [info] fatal: not a git repository (or any of the parent directories): .git
2025-03-27 20:39:15.228 [info] > git rev-parse --show-toplevel [1ms]
2025-03-27 20:39:15.228 [info] fatal: not a git repository (or any of the parent directories): .git
2025-03-27 20:39:15.238 [info] > git rev-parse --show-toplevel [6ms]
2025-03-27 20:39:15.238 [info] fatal: not a git repository (or any of the parent directories): .git
2025-03-27 20:39:15.244 [info] > git rev-parse --show-toplevel [1ms]
2025-03-27 20:39:15.244 [info] fatal: not a git repository (or any of the parent directories): .git
2025-03-27 20:39:15.250 [info] > git rev-parse --show-toplevel [1ms]
2025-03-27 20:39:15.250 [info] fatal: not a git repository (or any of the parent directories): .git
2025-03-27 20:39:15.256 [info] > git rev-parse --show-toplevel [1ms]
2025-03-27 20:39:15.256 [info] fatal: not a git repository (or any of the parent directories): .git
2025-03-27 20:39:15.261 [info] > git rev-parse --show-toplevel [1ms]
2025-03-27 20:39:15.261 [info] fatal: not a git repository (or any of the parent directories): .git
2025-03-27 20:39:15.267 [info] > git rev-parse --show-toplevel [0ms]
2025-03-27 20:39:15.267 [info] fatal: not a git repository (or any of the parent directories): .git
2025-03-27 20:39:15.272 [info] > git rev-parse --show-toplevel [1ms]
2025-03-27 20:39:15.272 [info] fatal: not a git repository (or any of the parent directories): .git
2025-03-27 20:39:15.278 [info] > git rev-parse --show-toplevel [1ms]
2025-03-27 20:39:15.278 [info] fatal: not a git repository (or any of the parent directories): .git
2025-03-27 20:39:15.283 [info] > git rev-parse --show-toplevel [1ms]
2025-03-27 20:39:15.283 [info] fatal: not a git repository (or any of the parent directories): .git
2025-03-27 20:39:15.289 [info] > git rev-parse --show-toplevel [1ms]
2025-03-27 20:39:15.289 [info] fatal: not a git repository (or any of the parent directories): .git
2025-03-27 20:39:15.294 [info] > git rev-parse --show-toplevel [0ms]
2025-03-27 20:39:15.294 [info] fatal: not a git repository (or any of the parent directories): .git
2025-03-27 20:39:15.300 [info] > git rev-parse --show-toplevel [1ms]
2025-03-27 20:39:15.300 [info] fatal: not a git repository (or any of the parent directories): .git
2025-03-27 20:39:15.306 [info] > git rev-parse --show-toplevel [1ms]
2025-03-27 20:39:15.306 [info] fatal: not a git repository (or any of the parent directories): .git
2025-03-27 20:39:15.312 [info] > git rev-parse --show-toplevel [0ms]
2025-03-27 20:39:15.312 [info] fatal: not a git repository (or any of the parent directories): .git
2025-03-27 20:39:15.317 [info] > git rev-parse --show-toplevel [0ms]
2025-03-27 20:39:15.317 [info] fatal: not a git repository (or any of the parent directories): .git
2025-03-27 20:39:15.322 [info] > git rev-parse --show-toplevel [0ms]
2025-03-27 20:39:15.322 [info] fatal: not a git repository (or any of the parent directories): .git
2025-03-27 20:39:15.327 [info] > git rev-parse --show-toplevel [1ms]
2025-03-27 20:39:15.327 [info] fatal: not a git repository (or any of the parent directories): .git
2025-03-27 20:39:15.332 [info] > git rev-parse --show-toplevel [0ms]
2025-03-27 20:39:15.332 [info] fatal: not a git repository (or any of the parent directories): .git
2025-03-27 20:39:15.337 [info] > git rev-parse --show-toplevel [1ms]
2025-03-27 20:39:15.337 [info] fatal: not a git repository (or any of the parent directories): .git
2025-03-27 20:39:15.341 [info] > git rev-parse --show-toplevel [0ms]
2025-03-27 20:39:15.341 [info] fatal: not a git repository (or any of the parent directories): .git
2025-03-27 20:39:15.347 [info] > git rev-parse --show-toplevel [1ms]
2025-03-27 20:39:15.347 [info] fatal: not a git repository (or any of the parent directories): .git
2025-03-27 20:39:15.351 [info] > git rev-parse --show-toplevel [0ms]
2025-03-27 20:39:15.351 [info] fatal: not a git repository (or any of the parent directories): .git
2025-03-27 20:39:15.356 [info] > git rev-parse --show-toplevel [1ms]
2025-03-27 20:39:15.356 [info] fatal: not a git repository (or any of the parent directories): .git
2025-03-27 20:39:15.361 [info] > git rev-parse --show-toplevel [0ms]
2025-03-27 20:39:15.361 [info] fatal: not a git repository (or any of the parent directories): .git
2025-03-27 20:39:15.362 [info] [Model][doInitialScan] Initial repository scan completed - repositories (0), closed repositories (0), parent repositories (0), unsafe repositories (0)
2025-03-27 20:39:16.046 [info] > git rev-parse --show-toplevel [1ms]
2025-03-27 20:39:16.046 [info] fatal: not a git repository (or any of the parent directories): .git
