2025-03-27 20:39:13.479 [info] Reading sessions from keychain...
2025-03-27 20:39:13.479 [info] Getting sessions for all scopes...
2025-03-27 20:39:13.479 [info] Getting sessions for all scopes...
2025-03-27 20:39:13.479 [info] Got stored sessions!
2025-03-27 20:39:13.479 [info] Got 1 verified sessions.
2025-03-27 20:39:13.479 [info] Got 1 sessions for ...
2025-03-27 20:39:13.479 [info] Got 1 sessions for ...
2025-03-27 20:39:13.479 [info] Getting sessions for all scopes...
2025-03-27 20:39:13.479 [info] Got 1 sessions for ...
2025-03-27 20:39:13.479 [info] Getting sessions for all scopes...
2025-03-27 20:39:13.479 [info] Got 1 sessions for ...
2025-03-27 20:39:13.479 [info] Getting sessions for all scopes...
2025-03-27 20:39:13.479 [info] Got 1 sessions for ...
2025-03-27 20:39:13.479 [info] Getting sessions for all scopes...
2025-03-27 20:39:13.479 [info] Got 1 sessions for ...
2025-03-27 20:39:13.479 [info] Getting sessions for all scopes...
2025-03-27 20:39:13.479 [info] Got 1 sessions for ...
2025-03-27 20:39:13.507 [info] Getting sessions for all scopes...
2025-03-27 20:39:13.507 [info] Got 1 sessions for ...
2025-03-27 20:39:15.063 [info] Getting sessions for all scopes...
2025-03-27 20:39:15.063 [info] Got 1 sessions for ...
