2025-03-27 17:40:43.783 [info] Extension host with pid 136472 started
2025-03-27 17:40:43.783 [info] Skipping acquiring lock for /home/smitee/.config/Code/User/workspaceStorage/d8734d2d0c9f55360f231bf6dcb54760.
2025-03-27 17:40:44.103 [info] ExtensionService#_doActivateExtension vscode.github-authentication, startup: false, activationEvent: 'onAuthenticationRequest:github'
2025-03-27 17:40:44.104 [info] ExtensionService#_doActivateExtension vscode.emmet, startup: false, activationEvent: 'onLanguage'
2025-03-27 17:40:44.104 [info] ExtensionService#_doActivateExtension vscode.configuration-editing, startup: false, activationEvent: 'onLanguage:json'
2025-03-27 17:40:44.104 [info] ExtensionService#_doActivateExtension vscode.extension-editing, startup: false, activationEvent: 'onLanguage:json'
2025-03-27 17:40:44.105 [info] ExtensionService#_doActivateExtension vscode.json-language-features, startup: false, activationEvent: 'onLanguage:json'
2025-03-27 17:40:44.105 [info] ExtensionService#_doActivateExtension vscode.npm, startup: false, activationEvent: 'onLanguage:json'
2025-03-27 17:40:44.105 [info] ExtensionService#_doActivateExtension ZainChen.json, startup: false, activationEvent: 'onLanguage:json'
2025-03-27 17:40:44.678 [info] ExtensionService#_doActivateExtension vscode.git-base, startup: true, activationEvent: '*', root cause: vscode.git
2025-03-27 17:40:44.696 [info] ExtensionService#_doActivateExtension pranaygp.vscode-css-peek, startup: true, activationEvent: 'workspaceContains:**/*.css,**/*.scss,**/*.sass,**/*.less'
2025-03-27 17:40:44.736 [info] ExtensionService#_doActivateExtension vscode.git, startup: true, activationEvent: '*'
2025-03-27 17:40:44.736 [info] ExtensionService#_doActivateExtension vscode.github, startup: true, activationEvent: '*'
2025-03-27 17:40:44.786 [info] ExtensionService#_doActivateExtension ms-python.python, startup: true, activationEvent: 'workspaceContains:**/*.qml,**/*.ui,**/*.qrc', root cause: seanwu.vscode-qt-for-python
2025-03-27 17:40:45.143 [info] ExtensionService#_doActivateExtension seanwu.vscode-qt-for-python, startup: true, activationEvent: 'workspaceContains:**/*.qml,**/*.ui,**/*.qrc'
2025-03-27 17:40:45.210 [info] Eager extensions activated
2025-03-27 17:40:45.246 [info] ExtensionService#_doActivateExtension vscode.debug-auto-launch, startup: false, activationEvent: 'onStartupFinished'
2025-03-27 17:40:45.247 [info] ExtensionService#_doActivateExtension vscode.merge-conflict, startup: false, activationEvent: 'onStartupFinished'
2025-03-27 17:40:45.247 [info] ExtensionService#_doActivateExtension Codeium.codeium, startup: false, activationEvent: 'onStartupFinished'
2025-03-27 17:40:45.627 [info] ExtensionService#_doActivateExtension PKief.material-icon-theme, startup: false, activationEvent: 'onStartupFinished'
2025-03-27 17:40:45.741 [info] ExtensionService#_doActivateExtension ms-python.vscode-pylance, startup: false, activationEvent: 'api', root cause: ms-python.python
2025-03-27 17:40:51.438 [info] ExtensionService#_doActivateExtension vscode.typescript-language-features, startup: false, activationEvent: 'onLanguage:jsonc'
2025-03-27 17:41:17.564 [warning] vscode.json-language-features - Code actions of kind 'quickfix' requested but returned code action is of kind 'source.sort.json'. Code action will be dropped. Please check 'CodeActionContext.only' to only return requested code actions.
2025-03-27 17:41:32.640 [info] ExtensionService#_doActivateExtension vscode.css-language-features, startup: false, activationEvent: 'onLanguage:css'
2025-03-27 17:55:49.352 [info] Extension host terminating: renderer closed the MessagePort
2025-03-27 17:55:49.397 [info] Extension host with pid 136472 exiting with code 0
