[Server(10577) .config/] onInitialize
[Server(10577) .config/] Number of style sheets - 275
[Server(10577) .config/] setupInitialStylemap
[Server(10577) .config/] Document opened: style.css.
[Server(10577) .config/] Document changed: style.css. Invalidating Cache.
[Server(10577) .config/] Document changed: style.css. Invalidating Cache.
[Server(10577) .config/] Document changed: style.css. Invalidating Cache.
[Server(10577) .config/] Document opened: mocha.css.
[Server(10577) .config/] Document changed: mocha.css. Invalidating Cache.
[Server(10577) .config/] Document changed: style.css. Invalidating Cache.
[Server(10577) .config/] Document changed: style.css. Invalidating Cache.
[Server(10577) .config/] Document changed: style.css. Invalidating Cache.
[Server(10577) .config/] Document changed: style.css. Invalidating Cache.
[Server(10577) .config/] Document changed: style.css. Invalidating Cache.
[Server(10577) .config/] Document changed: style.css. Invalidating Cache.
[Server(10577) .config/] Document changed: style.css. Invalidating Cache.
[Server(10577) .config/] Document changed: style.css. Invalidating Cache.
[Server(10577) .config/] Document changed: style.css. Invalidating Cache.
[Server(10577) .config/] Document opened: style.css.
[Server(10577) .config/] Document changed: style.css. Invalidating Cache.
[Server(10577) .config/] Document changed: style.css. Invalidating Cache.
