(VSCode) 2025-03-28 16:22:54.822 [INFO]: No proxy settings found
(VSCode) 2025-03-28 16:22:56.014 [INFO]: Checking network connection...
(VSCode) 2025-03-28 16:22:56.783 [INFO]: No Network Issue connecting to https://server.codeium.com/healthz
(VSCode) 2025-03-28 16:22:57.006 [INFO]: Creating manager directory: /tmp/b35d0a1d-8713-41c4-8c73-03fb328385a7/codeium/manager
(VSCode) 2025-03-28 16:22:57.308 [INFO]: Using cached LS with valid crc32: /home/smitee/.vscode/extensions/codeium.codeium-1.42.3/dist/0c9faf39e693eeaf762c0320f624cde0b6c7bb7e/language_server_linux_x64
(VSCode) 2025-03-28 16:22:57.315 [INFO]: Language server started
2025/03/28 16:22:57 maxprocs: Leaving GOMAXPROCS=12: CPU quota undefined
I0328 16:22:57.391679 10526 main.go:581] [Language Server Manager] Setting GOMAXPROCS to 4
I0328 16:22:57.391740 10526 main.go:725] [Language Server Manager] Release 1.42.3 (0c9faf39e693eeaf762c0320f624cde0b6c7bb7e)
I0328 16:22:57.391781 10526 main.go:804] [Language Server Manager] Starting language server manager with pid 10526
I0328 16:22:57.391851 10526 main.go:124] [Language Server Manager] Manager acquired its lock file /tmp/b35d0a1d-8713-41c4-8c73-03fb328385a7/codeium/manager/locks/manager.lock
I0328 16:22:57.392179 10526 main.go:265] [Language Server Manager] Waiting for random port file in /tmp/b35d0a1d-8713-41c4-8c73-03fb328385a7/codeium/manager/child_random_port_1743168177391935223_2672541812726040298 to be created
2025/03/28 16:22:57 maxprocs: Leaving GOMAXPROCS=12: CPU quota undefined
I0328 16:22:57.466842 10543 main.go:581] Setting GOMAXPROCS to 4
I0328 16:22:57.466973 10543 main.go:798] Starting language server process with pid 10543
I0328 16:22:57.467014 10543 server.go:256] Language server will attempt to listen on host 127.0.0.1
I0328 16:22:57.467081 10543 server.go:263] Language server listening on random port at 43429
I0328 16:22:59.139312 10543 server.go:342] Extension server port not specified; skipping extension server client creation
I0328 16:22:59.150331 10543 web_server.go:258] Chat Web Server listening at ws://127.0.0.1:32955
I0328 16:22:59.270016 10543 server.go:849] Local search is enabled, will index local files.
I0328 16:22:59.270034 10543 server.go:853] Using 3 indexer workers
I0328 16:22:59.275828 10543 server.go:995] Child process attempting to acquire lock file /tmp/b35d0a1d-8713-41c4-8c73-03fb328385a7/codeium/manager/locks/child_lock_1743168177391952665_7501261541401435717
I0328 16:22:59.275889 10543 server.go:1003] Child process acquired lock file /tmp/b35d0a1d-8713-41c4-8c73-03fb328385a7/codeium/manager/locks/child_lock_1743168177391952665_7501261541401435717
34097
I0328 16:22:59.298083 10526 main.go:301] [Language Server Manager] Found random server port 43429
I0328 16:22:59.298107 10526 main.go:302] [Language Server Manager] Found random lsp port 34097
I0328 16:22:59.298127 10526 main.go:309] [Language Server Manager] Attempting to connect to language server at 127.0.0.1:43429
I0328 16:22:59.309282 10526 main.go:178] [Language Server Manager] Fixing language server port at 43429
I0328 16:22:59.309296 10526 main.go:361] [Language Server Manager] Successfully connected to new language server at 127.0.0.1:43429
(VSCode) 2025-03-28 16:22:59.383 [INFO]: Found language server running on port 43429
(VSCode) 2025-03-28 16:22:59.728 [INFO]: openAllTextDocuments took 23.922395999999935ms
(VSCode) 2025-03-28 16:23:00.094 [ERROR]: Illegal value for `line`
(VSCode) 2025-03-28 16:23:00.097 [ERROR]: Illegal value for `line`
(VSCode) 2025-03-28 16:23:00.155 [INFO]: Completion request succeeded (7.64ms)
(VSCode) 2025-03-28 16:23:00.156 [INFO]: Skipping completions because the prompt is too short
(VSCode) 2025-03-28 16:23:00.156 [INFO]: provideInlineCompletionItems request succeeded (9.86ms)
(VSCode) 2025-03-28 16:23:01.431 [INFO]: Completion request succeeded (1098.65ms)
(VSCode) 2025-03-28 16:23:01.432 [INFO]: No completions were generated
(VSCode) 2025-03-28 16:23:01.432 [INFO]: provideInlineCompletionItems request succeeded (1100.97ms)
(VSCode) 2025-03-28 16:23:36.278 [ERROR]: Illegal value for `line`
(VSCode) 2025-03-28 16:23:36.280 [ERROR]: Illegal value for `line`
(VSCode) 2025-03-28 16:23:37.350 [INFO]: Completion request succeeded (1014.98ms)
(VSCode) 2025-03-28 16:23:37.350 [INFO]: No completions were generated
(VSCode) 2025-03-28 16:23:37.350 [INFO]: provideInlineCompletionItems request succeeded (1016.4ms)
(VSCode) 2025-03-28 16:24:18.663 [INFO]: Completion request succeeded (984.4ms)
(VSCode) 2025-03-28 16:24:18.663 [INFO]: No completions were generated
(VSCode) 2025-03-28 16:24:18.664 [INFO]: provideInlineCompletionItems request succeeded (986.53ms)
(VSCode) 2025-03-28 17:07:56.714 [INFO]: Codeium is not enabled for the current document.
(VSCode) 2025-03-28 17:07:58.492 [INFO]: Codeium is not enabled for the current document.
(VSCode) 2025-03-28 17:07:58.939 [INFO]: Codeium is not enabled for the current document.
(VSCode) 2025-03-28 17:07:59.555 [INFO]: Codeium is not enabled for the current document.
(VSCode) 2025-03-28 17:07:59.779 [INFO]: Codeium is not enabled for the current document.
(VSCode) 2025-03-28 17:08:00.331 [INFO]: Codeium is not enabled for the current document.
(VSCode) 2025-03-28 17:08:00.522 [INFO]: Codeium is not enabled for the current document.
(VSCode) 2025-03-28 17:08:00.939 [INFO]: Codeium is not enabled for the current document.
(VSCode) 2025-03-28 17:08:03.911 [INFO]: Codeium is not enabled for the current document.
(VSCode) 2025-03-28 17:08:11.013 [INFO]: Codeium is not enabled for the current document.
(VSCode) 2025-03-28 17:08:13.972 [INFO]: Codeium is not enabled for the current document.
(VSCode) 2025-03-28 20:31:35.034 [INFO]: Completion request succeeded (684.07ms)
(VSCode) 2025-03-28 20:31:35.036 [INFO]: Generated 2 completions
(VSCode) 2025-03-28 20:31:35.040 [INFO]: provideInlineCompletionItems request succeeded (691.19ms)
(VSCode) 2025-03-28 20:31:39.943 [INFO]: Completion request succeeded (796.33ms)
(VSCode) 2025-03-28 20:31:39.944 [INFO]: No completions were generated
(VSCode) 2025-03-28 20:31:39.944 [INFO]: provideInlineCompletionItems request succeeded (798.3ms)
(VSCode) 2025-03-28 20:31:40.167 [INFO]: Completion request was cancelled by token (31.22ms)
E0328 20:31:40.166918 10543 interceptor.go:70] /exa.language_server_pb.LanguageServerService/GetCompletions (unknown): context canceled
(VSCode) 2025-03-28 20:31:41.285 [INFO]: Completion request was cancelled by token (1068.4ms)
(VSCode) 2025-03-28 20:31:41.462 [INFO]: Completion request was cancelled by token (126.03ms)
(VSCode) 2025-03-28 20:31:42.727 [INFO]: Completion request succeeded (1214.91ms)
(VSCode) 2025-03-28 20:31:42.728 [INFO]: No completions were generated
(VSCode) 2025-03-28 20:31:42.728 [INFO]: provideInlineCompletionItems request succeeded (1216.73ms)
(VSCode) 2025-03-28 20:31:49.601 [INFO]: Completion request succeeded (708.25ms)
(VSCode) 2025-03-28 20:31:49.603 [INFO]: No completions were generated
(VSCode) 2025-03-28 20:31:49.603 [INFO]: provideInlineCompletionItems request succeeded (710.72ms)
(VSCode) 2025-03-28 20:45:17.978 [INFO]: Disposing language server process
(VSCode) 2025-03-28 20:45:17.978 [INFO]: Deleting manager directory: /tmp/b35d0a1d-8713-41c4-8c73-03fb328385a7/codeium/manager
(VSCode) 2025-03-28 20:45:17.979 [INFO]: Successfully disposed language server
W0328 20:45:17.978697 10526 main.go:128] [Language Server Manager] Got signal terminated, shutting down
