(VSCode) 2025-03-27 17:40:45.649 [INFO]: No proxy settings found
(VSCode) 2025-03-27 17:40:46.964 [INFO]: Checking network connection...
(VSCode) 2025-03-27 17:40:47.919 [INFO]: No Network Issue connecting to https://server.codeium.com/healthz
(VSCode) 2025-03-27 17:40:48.080 [INFO]: Creating manager directory: /tmp/79115696-41fc-4dc8-9ff4-da17532d94e5/codeium/manager
(VSCode) 2025-03-27 17:40:48.396 [INFO]: Using cached LS with valid crc32: /home/smitee/.vscode/extensions/codeium.codeium-1.42.3/dist/0c9faf39e693eeaf762c0320f624cde0b6c7bb7e/language_server_linux_x64
(VSCode) 2025-03-27 17:40:48.402 [INFO]: Language server started
2025/03/27 17:40:48 maxprocs: Leaving GOMAXPROCS=12: CPU quota undefined
I0327 17:40:48.477135 136951 main.go:581] [Language Server Manager] Setting GOMAXPROCS to 4
I0327 17:40:48.477202 136951 main.go:725] [Language Server Manager] Release 1.42.3 (0c9faf39e693eeaf762c0320f624cde0b6c7bb7e)
I0327 17:40:48.477223 136951 main.go:804] [Language Server Manager] Starting language server manager with pid 136951
I0327 17:40:48.477290 136951 main.go:124] [Language Server Manager] Manager acquired its lock file /tmp/79115696-41fc-4dc8-9ff4-da17532d94e5/codeium/manager/locks/manager.lock
I0327 17:40:48.477677 136951 main.go:265] [Language Server Manager] Waiting for random port file in /tmp/79115696-41fc-4dc8-9ff4-da17532d94e5/codeium/manager/child_random_port_1743086448477349142_8937025872238419492 to be created
2025/03/27 17:40:48 maxprocs: Leaving GOMAXPROCS=12: CPU quota undefined
I0327 17:40:48.562332 136970 main.go:581] Setting GOMAXPROCS to 4
I0327 17:40:48.562422 136970 main.go:798] Starting language server process with pid 136970
I0327 17:40:48.562449 136970 server.go:256] Language server will attempt to listen on host 127.0.0.1
I0327 17:40:48.562521 136970 server.go:263] Language server listening on random port at 40019
I0327 17:40:50.316766 136970 server.go:342] Extension server port not specified; skipping extension server client creation
I0327 17:40:50.332553 136970 web_server.go:258] Chat Web Server listening at ws://127.0.0.1:32803
I0327 17:40:50.440251 136970 server.go:849] Local search is enabled, will index local files.
I0327 17:40:50.440269 136970 server.go:853] Using 3 indexer workers
I0327 17:40:50.444157 136970 server.go:995] Child process attempting to acquire lock file /tmp/79115696-41fc-4dc8-9ff4-da17532d94e5/codeium/manager/locks/child_lock_1743086448477375528_986114595884175032
I0327 17:40:50.444198 136970 server.go:1003] Child process acquired lock file /tmp/79115696-41fc-4dc8-9ff4-da17532d94e5/codeium/manager/locks/child_lock_1743086448477375528_986114595884175032
41929
I0327 17:40:50.483369 136951 main.go:301] [Language Server Manager] Found random server port 40019
I0327 17:40:50.483389 136951 main.go:302] [Language Server Manager] Found random lsp port 41929
I0327 17:40:50.483408 136951 main.go:309] [Language Server Manager] Attempting to connect to language server at 127.0.0.1:40019
I0327 17:40:50.494493 136951 main.go:178] [Language Server Manager] Fixing language server port at 40019
I0327 17:40:50.494506 136951 main.go:361] [Language Server Manager] Successfully connected to new language server at 127.0.0.1:40019
(VSCode) 2025-03-27 17:40:50.513 [INFO]: Found language server running on port 40019
(VSCode) 2025-03-27 17:40:50.778 [INFO]: openAllTextDocuments took 8.606880999999703ms
(VSCode) 2025-03-27 17:40:57.688 [INFO]: Completion request was cancelled by token (152.07ms)
(VSCode) 2025-03-27 17:40:58.550 [INFO]: Completion request was cancelled by token (812.59ms)
(VSCode) 2025-03-27 17:40:58.687 [INFO]: Completion request was cancelled by token (85.46ms)
E0327 17:40:58.686887 136970 interceptor.go:70] /exa.language_server_pb.LanguageServerService/GetCompletions (unknown): context canceled
(VSCode) 2025-03-27 17:40:58.870 [INFO]: Completion request was cancelled by token (132.87ms)
(VSCode) 2025-03-27 17:40:59.863 [INFO]: Completion request was cancelled by token (941.67ms)
(VSCode) 2025-03-27 17:41:00.030 [INFO]: Completion request was cancelled by token (117.28ms)
(VSCode) 2025-03-27 17:41:00.723 [INFO]: Completion request was cancelled by token (642.39ms)
(VSCode) 2025-03-27 17:41:00.968 [INFO]: Completion request was cancelled by token (194.28ms)
(VSCode) 2025-03-27 17:41:02.278 [INFO]: Completion request succeeded (1259.31ms)
(VSCode) 2025-03-27 17:41:02.279 [INFO]: No completions were generated
(VSCode) 2025-03-27 17:41:02.280 [INFO]: provideInlineCompletionItems request succeeded (1262.01ms)
(VSCode) 2025-03-27 17:41:03.635 [INFO]: Completion request succeeded (793.74ms)
(VSCode) 2025-03-27 17:41:03.636 [INFO]: No completions were generated
(VSCode) 2025-03-27 17:41:03.636 [INFO]: provideInlineCompletionItems request succeeded (795.4ms)
(VSCode) 2025-03-27 17:41:19.318 [INFO]: Completion request was cancelled by token (529.59ms)
(VSCode) 2025-03-27 17:41:19.687 [INFO]: Completion request was cancelled by token (318.44ms)
(VSCode) 2025-03-27 17:41:20.078 [INFO]: Completion request was cancelled by token (315.11ms)
(VSCode) 2025-03-27 17:41:20.711 [INFO]: Completion request was cancelled by token (581.34ms)
(VSCode) 2025-03-27 17:41:21.467 [INFO]: Completion request succeeded (705.23ms)
(VSCode) 2025-03-27 17:41:21.468 [INFO]: No completions were generated
(VSCode) 2025-03-27 17:41:21.468 [INFO]: provideInlineCompletionItems request succeeded (707.02ms)
(VSCode) 2025-03-27 17:41:43.984 [INFO]: Completion request was cancelled by token (436.87ms)
(VSCode) 2025-03-27 17:41:44.826 [INFO]: Completion request succeeded (792.48ms)
(VSCode) 2025-03-27 17:41:44.827 [INFO]: No completions were generated
(VSCode) 2025-03-27 17:41:44.827 [INFO]: provideInlineCompletionItems request succeeded (794.05ms)
(VSCode) 2025-03-27 17:55:12.871 [INFO]: Codeium is not enabled for the current document.
(VSCode) 2025-03-27 17:55:42.179 [INFO]: Codeium is not enabled for the current document.
(VSCode) 2025-03-27 17:55:45.143 [INFO]: Codeium is not enabled for the current document.
(VSCode) 2025-03-27 17:55:47.923 [INFO]: Codeium is not enabled for the current document.
(VSCode) 2025-03-27 17:55:49.383 [INFO]: Disposing language server process
(VSCode) 2025-03-27 17:55:49.383 [INFO]: Deleting manager directory: /tmp/79115696-41fc-4dc8-9ff4-da17532d94e5/codeium/manager
(VSCode) 2025-03-27 17:55:49.384 [INFO]: Successfully disposed language server
W0327 17:55:49.383579 136951 main.go:128] [Language Server Manager] Got signal terminated, shutting down
