2025-03-23 12:25:35 Loading main app package /tmp/.mount_obsidiQmCXli/resources/obsidian.asar
2025-03-23 12:25:35 Checking for update using Github
2025-03-23 12:25:36 Success.
2025-03-23 12:25:36 Latest version is 1.8.9
2025-03-23 12:25:36 App is up to date.
2025-03-23 12:26:01 Loading main app package /tmp/.mount_obsidiky4k35/resources/obsidian.asar
2025-03-23 12:26:01 Checking for update using Github
2025-03-23 12:26:11 Loading main app package /tmp/.mount_obsidiqNXGfj/resources/obsidian.asar
2025-03-23 12:26:12 Checking for update using Github
2025-03-23 12:26:17 Loading main app package /tmp/.mount_obsidiJYWtoM/resources/obsidian.asar
2025-03-23 12:26:17 Checking for update using Github
2025-03-23 12:26:25 Loading main app package /tmp/.mount_obsidi5JtUx9/resources/obsidian.asar
2025-03-23 12:26:25 Checking for update using Github
2025-03-23 12:26:35 Loading main app package /tmp/.mount_obsidiYwWdr8/resources/obsidian.asar
2025-03-23 12:26:36 Checking for update using Github
2025-03-23 12:26:48 Loading main app package /tmp/.mount_obsidi2HeehW/resources/obsidian.asar
2025-03-23 12:26:48 Checking for update using Github
2025-03-23 12:55:26 Loading main app package /tmp/.mount_obsidiGF3axT/resources/obsidian.asar
2025-03-23 12:55:26 Checking for update using Github
2025-03-23 12:55:27 Success.
2025-03-23 12:55:27 Latest version is 1.8.9
2025-03-23 12:55:27 App is up to date.
2025-03-23 13:29:02 Loading main app package /tmp/.mount_obsidi6jZgpe/resources/obsidian.asar
2025-03-23 13:29:02 Checking for update using Github
2025-03-23 13:29:03 Success.
2025-03-23 13:29:03 Latest version is 1.8.9
2025-03-23 13:29:03 App is up to date.
2025-03-23 13:42:20 Loading main app package /tmp/.mount_obsidihHqcKU/resources/obsidian.asar
2025-03-23 13:42:20 Checking for update using Github
2025-03-23 13:42:20 Success.
2025-03-23 13:42:20 Latest version is 1.8.9
2025-03-23 13:42:20 App is up to date.
2025-03-23 14:42:39 Loading main app package /tmp/.mount_obsidiFoVnr4/resources/obsidian.asar
2025-03-23 14:42:39 Checking for update using Github
2025-03-23 14:42:39 Success.
2025-03-23 14:42:39 Latest version is 1.8.9
2025-03-23 14:42:39 App is up to date.
2025-03-23 16:56:21 Loading main app package /tmp/.mount_obsidiqmv0ls/resources/obsidian.asar
2025-03-23 16:56:21 Checking for update using Github
2025-03-23 16:56:22 Success.
2025-03-23 16:56:22 Latest version is 1.8.9
2025-03-23 16:56:22 App is up to date.
2025-03-23 17:56:21 Checking for update using Github
2025-03-23 17:56:21 Success.
2025-03-23 17:56:21 Latest version is 1.8.9
2025-03-23 17:56:21 App is up to date.
2025-03-24 12:42:12 Loading main app package /tmp/.mount_obsidiVgIyxu/resources/obsidian.asar
2025-03-24 12:42:13 Checking for update using Github
2025-03-24 12:42:13 Success.
2025-03-24 12:42:13 Latest version is 1.8.9
2025-03-24 12:42:13 App is up to date.
2025-03-24 13:42:12 Checking for update using Github
2025-03-24 13:42:13 Success.
2025-03-24 13:42:13 Latest version is 1.8.9
2025-03-24 13:42:13 App is up to date.
2025-03-24 14:42:12 Checking for update using Github
2025-03-24 14:42:13 Success.
2025-03-24 14:42:13 Latest version is 1.8.9
2025-03-24 14:42:13 App is up to date.
2025-03-24 15:42:12 Checking for update using Github
2025-03-24 15:42:13 Success.
2025-03-24 15:42:13 Latest version is 1.8.9
2025-03-24 15:42:13 App is up to date.
2025-03-24 16:42:12 Checking for update using Github
2025-03-24 16:42:13 Success.
2025-03-24 16:42:13 Latest version is 1.8.9
2025-03-24 16:42:13 App is up to date.
2025-03-25 12:33:14 Loading main app package /tmp/.mount_obsidiANNAv7/resources/obsidian.asar
2025-03-25 12:33:15 Checking for update using Github
2025-03-25 12:33:15 Success.
2025-03-25 12:33:15 Latest version is 1.8.9
2025-03-25 12:33:15 App is up to date.
2025-03-25 13:33:14 Checking for update using Github
2025-03-25 13:33:14 Success.
2025-03-25 13:33:14 Latest version is 1.8.9
2025-03-25 13:33:14 App is up to date.
2025-03-26 13:46:42 Loading main app package /tmp/.mount_obsidionjwCE/resources/obsidian.asar
2025-03-26 13:46:43 Checking for update using Github
2025-03-26 13:46:43 Success.
2025-03-26 13:46:43 Latest version is 1.8.9
2025-03-26 13:46:43 App is up to date.
2025-03-26 14:41:02 Loading main app package /tmp/.mount_obsidiQEeh2V/resources/obsidian.asar
2025-03-26 14:41:02 Checking for update using Github
2025-03-26 14:46:42 Checking for update using Github
2025-03-26 14:46:42 Success.
2025-03-26 14:46:42 Latest version is 1.8.9
2025-03-26 14:46:42 App is up to date.
2025-03-26 15:46:42 Checking for update using Github
2025-03-26 15:46:42 Success.
2025-03-26 15:46:42 Latest version is 1.8.9
2025-03-26 15:46:42 App is up to date.
2025-03-26 16:46:42 Checking for update using Github
2025-03-26 16:46:42 Success.
2025-03-26 16:46:42 Latest version is 1.8.9
2025-03-26 16:46:42 App is up to date.
2025-03-26 17:46:42 Checking for update using Github
2025-03-26 17:46:44 Success.
2025-03-26 17:46:44 Latest version is 1.8.9
2025-03-26 17:46:44 App is up to date.
2025-03-26 18:46:42 Checking for update using Github
2025-03-26 18:46:42 Success.
2025-03-26 18:46:42 Latest version is 1.8.9
2025-03-26 18:46:42 App is up to date.
2025-03-26 19:46:42 Checking for update using Github
2025-03-26 19:46:42 Success.
2025-03-26 19:46:42 Latest version is 1.8.9
2025-03-26 19:46:42 App is up to date.
2025-03-26 20:46:42 Checking for update using Github
2025-03-26 20:46:42 Success.
2025-03-26 20:46:42 Latest version is 1.8.9
2025-03-26 20:46:42 App is up to date.
2025-03-26 21:46:42 Checking for update using Github
2025-03-26 21:46:42 Success.
2025-03-26 21:46:42 Latest version is 1.8.9
2025-03-26 21:46:42 App is up to date.
2025-03-27 11:53:57 Loading main app package /tmp/.mount_obsidiGhwKlJ/resources/obsidian.asar
2025-03-27 11:53:58 Checking for update using Github
2025-03-27 11:53:58 Success.
2025-03-27 11:53:58 Latest version is 1.8.9
2025-03-27 11:53:58 App is up to date.
2025-03-27 12:53:57 Checking for update using Github
2025-03-27 12:53:57 Success.
2025-03-27 12:53:57 Latest version is 1.8.9
2025-03-27 12:53:57 App is up to date.
2025-03-27 13:50:24 Loading main app package /tmp/.mount_obsidinSTrzu/resources/obsidian.asar
2025-03-27 13:50:24 Checking for update using Github
2025-03-27 13:53:57 Checking for update using Github
2025-03-27 13:53:57 Success.
2025-03-27 13:53:57 Latest version is 1.8.9
2025-03-27 13:53:57 App is up to date.
2025-03-27 22:25:38 Loading main app package /tmp/.mount_obsidigrkuLZ/resources/obsidian.asar
2025-03-27 22:25:39 Checking for update using Github
2025-03-27 22:25:39 Success.
2025-03-27 22:25:39 Latest version is 1.8.9
2025-03-27 22:25:39 App is up to date.
2025-03-28 21:23:33 Loading main app package /tmp/.mount_obsidiS1cT6W/resources/obsidian.asar
2025-03-28 21:23:34 Checking for update using Github
2025-03-28 21:23:34 Success.
2025-03-28 21:23:34 Latest version is 1.8.9
2025-03-28 21:23:34 App is up to date.
