2025-03-27 17:40:44.540 [info] Reading sessions from keychain...
2025-03-27 17:40:44.540 [info] Getting sessions for all scopes...
2025-03-27 17:40:44.540 [info] Getting sessions for all scopes...
2025-03-27 17:40:44.540 [info] Got stored sessions!
2025-03-27 17:40:44.540 [info] Got 1 verified sessions.
2025-03-27 17:40:44.540 [info] Got 1 sessions for ...
2025-03-27 17:40:44.540 [info] Got 1 sessions for ...
2025-03-27 17:40:44.540 [info] Getting sessions for all scopes...
2025-03-27 17:40:44.540 [info] Got 1 sessions for ...
2025-03-27 17:40:44.540 [info] Getting sessions for all scopes...
2025-03-27 17:40:44.540 [info] Got 1 sessions for ...
2025-03-27 17:40:44.540 [info] Getting sessions for all scopes...
2025-03-27 17:40:44.540 [info] Got 1 sessions for ...
2025-03-27 17:40:44.540 [info] Getting sessions for all scopes...
2025-03-27 17:40:44.540 [info] Got 1 sessions for ...
2025-03-27 17:40:44.540 [info] Getting sessions for all scopes...
2025-03-27 17:40:44.540 [info] Got 1 sessions for ...
2025-03-27 17:40:44.540 [info] Getting sessions for all scopes...
2025-03-27 17:40:44.540 [info] Got 1 sessions for ...
2025-03-27 17:40:46.027 [info] Getting sessions for all scopes...
2025-03-27 17:40:46.027 [info] Got 1 sessions for ...
