2025-03-27 17:56:18.068 [info] [основное] Уровень ведения журнала: Info
2025-03-27 17:56:18.068 [info] [основное] Проверка найденного Git в: "git"
2025-03-27 17:56:18.068 [info] [основное] Используется Git "2.49.0" из "git"
2025-03-27 17:56:18.068 [info] [Model][doInitialScan] Initial repository scan started
2025-03-27 17:56:18.068 [info] > git rev-parse --show-toplevel [5ms]
2025-03-27 17:56:18.068 [info] fatal: not a git repository (or any of the parent directories): .git
2025-03-27 17:56:18.068 [info] > git rev-parse --show-toplevel [7ms]
2025-03-27 17:56:18.068 [info] fatal: not a git repository (or any of the parent directories): .git
2025-03-27 17:56:18.949 [info] > git rev-parse --show-toplevel [1ms]
2025-03-27 17:56:18.949 [info] fatal: not a git repository (or any of the parent directories): .git
2025-03-27 17:56:18.965 [info] > git rev-parse --show-toplevel [9ms]
2025-03-27 17:56:18.965 [info] fatal: not a git repository (or any of the parent directories): .git
2025-03-27 17:56:18.971 [info] > git rev-parse --show-toplevel [1ms]
2025-03-27 17:56:18.971 [info] fatal: not a git repository (or any of the parent directories): .git
2025-03-27 17:56:19.029 [info] > git rev-parse --show-toplevel [50ms]
2025-03-27 17:56:19.029 [info] fatal: not a git repository (or any of the parent directories): .git
2025-03-27 17:56:19.036 [info] > git rev-parse --show-toplevel [2ms]
2025-03-27 17:56:19.036 [info] fatal: not a git repository (or any of the parent directories): .git
2025-03-27 17:56:19.042 [info] > git rev-parse --show-toplevel [1ms]
2025-03-27 17:56:19.042 [info] fatal: not a git repository (or any of the parent directories): .git
2025-03-27 17:56:19.050 [info] > git rev-parse --show-toplevel [0ms]
2025-03-27 17:56:19.050 [info] fatal: not a git repository (or any of the parent directories): .git
2025-03-27 17:56:19.057 [info] > git rev-parse --show-toplevel [1ms]
2025-03-27 17:56:19.057 [info] fatal: not a git repository (or any of the parent directories): .git
2025-03-27 17:56:19.065 [info] > git rev-parse --show-toplevel [1ms]
2025-03-27 17:56:19.065 [info] fatal: not a git repository (or any of the parent directories): .git
2025-03-27 17:56:19.072 [info] > git rev-parse --show-toplevel [1ms]
2025-03-27 17:56:19.072 [info] fatal: not a git repository (or any of the parent directories): .git
2025-03-27 17:56:19.078 [info] > git rev-parse --show-toplevel [1ms]
2025-03-27 17:56:19.078 [info] fatal: not a git repository (or any of the parent directories): .git
2025-03-27 17:56:19.085 [info] > git rev-parse --show-toplevel [1ms]
2025-03-27 17:56:19.085 [info] fatal: not a git repository (or any of the parent directories): .git
2025-03-27 17:56:19.090 [info] > git rev-parse --show-toplevel [1ms]
2025-03-27 17:56:19.090 [info] fatal: not a git repository (or any of the parent directories): .git
2025-03-27 17:56:19.095 [info] > git rev-parse --show-toplevel [0ms]
2025-03-27 17:56:19.095 [info] fatal: not a git repository (or any of the parent directories): .git
2025-03-27 17:56:19.101 [info] > git rev-parse --show-toplevel [1ms]
2025-03-27 17:56:19.101 [info] fatal: not a git repository (or any of the parent directories): .git
2025-03-27 17:56:19.107 [info] > git rev-parse --show-toplevel [1ms]
2025-03-27 17:56:19.107 [info] fatal: not a git repository (or any of the parent directories): .git
2025-03-27 17:56:19.113 [info] > git rev-parse --show-toplevel [1ms]
2025-03-27 17:56:19.113 [info] fatal: not a git repository (or any of the parent directories): .git
2025-03-27 17:56:19.119 [info] > git rev-parse --show-toplevel [0ms]
2025-03-27 17:56:19.119 [info] fatal: not a git repository (or any of the parent directories): .git
2025-03-27 17:56:19.125 [info] > git rev-parse --show-toplevel [0ms]
2025-03-27 17:56:19.125 [info] fatal: not a git repository (or any of the parent directories): .git
2025-03-27 17:56:19.129 [info] > git rev-parse --show-toplevel [1ms]
2025-03-27 17:56:19.129 [info] fatal: not a git repository (or any of the parent directories): .git
2025-03-27 17:56:19.134 [info] > git rev-parse --show-toplevel [1ms]
2025-03-27 17:56:19.134 [info] fatal: not a git repository (or any of the parent directories): .git
2025-03-27 17:56:19.139 [info] > git rev-parse --show-toplevel [0ms]
2025-03-27 17:56:19.139 [info] fatal: not a git repository (or any of the parent directories): .git
2025-03-27 17:56:19.144 [info] > git rev-parse --show-toplevel [1ms]
2025-03-27 17:56:19.144 [info] fatal: not a git repository (or any of the parent directories): .git
2025-03-27 17:56:19.148 [info] > git rev-parse --show-toplevel [0ms]
2025-03-27 17:56:19.148 [info] fatal: not a git repository (or any of the parent directories): .git
2025-03-27 17:56:19.154 [info] > git rev-parse --show-toplevel [1ms]
2025-03-27 17:56:19.154 [info] fatal: not a git repository (or any of the parent directories): .git
2025-03-27 17:56:19.158 [info] > git rev-parse --show-toplevel [0ms]
2025-03-27 17:56:19.158 [info] fatal: not a git repository (or any of the parent directories): .git
2025-03-27 17:56:19.163 [info] > git rev-parse --show-toplevel [0ms]
2025-03-27 17:56:19.163 [info] fatal: not a git repository (or any of the parent directories): .git
2025-03-27 17:56:19.168 [info] > git rev-parse --show-toplevel [0ms]
2025-03-27 17:56:19.168 [info] fatal: not a git repository (or any of the parent directories): .git
2025-03-27 17:56:19.173 [info] > git rev-parse --show-toplevel [1ms]
2025-03-27 17:56:19.173 [info] fatal: not a git repository (or any of the parent directories): .git
2025-03-27 17:56:19.178 [info] > git rev-parse --show-toplevel [1ms]
2025-03-27 17:56:19.178 [info] fatal: not a git repository (or any of the parent directories): .git
2025-03-27 17:56:19.183 [info] > git rev-parse --show-toplevel [1ms]
2025-03-27 17:56:19.183 [info] fatal: not a git repository (or any of the parent directories): .git
2025-03-27 17:56:19.188 [info] > git rev-parse --show-toplevel [1ms]
2025-03-27 17:56:19.188 [info] fatal: not a git repository (or any of the parent directories): .git
2025-03-27 17:56:19.194 [info] > git rev-parse --show-toplevel [1ms]
2025-03-27 17:56:19.194 [info] fatal: not a git repository (or any of the parent directories): .git
2025-03-27 17:56:19.199 [info] > git rev-parse --show-toplevel [1ms]
2025-03-27 17:56:19.199 [info] fatal: not a git repository (or any of the parent directories): .git
2025-03-27 17:56:19.204 [info] > git rev-parse --show-toplevel [0ms]
2025-03-27 17:56:19.204 [info] fatal: not a git repository (or any of the parent directories): .git
2025-03-27 17:56:19.210 [info] > git rev-parse --show-toplevel [1ms]
2025-03-27 17:56:19.210 [info] fatal: not a git repository (or any of the parent directories): .git
2025-03-27 17:56:19.215 [info] > git rev-parse --show-toplevel [1ms]
2025-03-27 17:56:19.215 [info] fatal: not a git repository (or any of the parent directories): .git
2025-03-27 17:56:19.221 [info] > git rev-parse --show-toplevel [1ms]
2025-03-27 17:56:19.221 [info] fatal: not a git repository (or any of the parent directories): .git
2025-03-27 17:56:19.226 [info] > git rev-parse --show-toplevel [1ms]
2025-03-27 17:56:19.226 [info] fatal: not a git repository (or any of the parent directories): .git
2025-03-27 17:56:19.231 [info] > git rev-parse --show-toplevel [1ms]
2025-03-27 17:56:19.231 [info] fatal: not a git repository (or any of the parent directories): .git
2025-03-27 17:56:19.235 [info] > git rev-parse --show-toplevel [0ms]
2025-03-27 17:56:19.235 [info] fatal: not a git repository (or any of the parent directories): .git
2025-03-27 17:56:19.240 [info] > git rev-parse --show-toplevel [1ms]
2025-03-27 17:56:19.240 [info] fatal: not a git repository (or any of the parent directories): .git
2025-03-27 17:56:19.242 [info] [Model][doInitialScan] Initial repository scan completed - repositories (0), closed repositories (0), parent repositories (0), unsafe repositories (0)
2025-03-27 17:56:20.019 [info] > git rev-parse --show-toplevel [1ms]
2025-03-27 17:56:20.019 [info] fatal: not a git repository (or any of the parent directories): .git
2025-03-27 17:56:20.136 [info] > git rev-parse --show-toplevel [1ms]
2025-03-27 17:56:20.136 [info] fatal: not a git repository (or any of the parent directories): .git
