(VSCode) 2025-03-27 17:56:18.570 [INFO]: No proxy settings found
(VSCode) 2025-03-27 17:56:19.850 [INFO]: Checking network connection...
(VSCode) 2025-03-27 17:56:20.626 [INFO]: No Network Issue connecting to https://server.codeium.com/healthz
(VSCode) 2025-03-27 17:56:20.700 [INFO]: Creating manager directory: /tmp/dd421843-95c0-464d-a1d9-abc7b73e1fe7/codeium/manager
(VSCode) 2025-03-27 17:56:21.019 [INFO]: Using cached LS with valid crc32: /home/smitee/.vscode/extensions/codeium.codeium-1.42.3/dist/0c9faf39e693eeaf762c0320f624cde0b6c7bb7e/language_server_linux_x64
(VSCode) 2025-03-27 17:56:21.025 [INFO]: Language server started
2025/03/27 17:56:21 maxprocs: Leaving GOMAXPROCS=12: CPU quota undefined
I0327 17:56:21.100525 207163 main.go:581] [Language Server Manager] Setting GOMAXPROCS to 4
I0327 17:56:21.100602 207163 main.go:725] [Language Server Manager] Release 1.42.3 (0c9faf39e693eeaf762c0320f624cde0b6c7bb7e)
I0327 17:56:21.100621 207163 main.go:804] [Language Server Manager] Starting language server manager with pid 207163
I0327 17:56:21.100676 207163 main.go:124] [Language Server Manager] Manager acquired its lock file /tmp/dd421843-95c0-464d-a1d9-abc7b73e1fe7/codeium/manager/locks/manager.lock
I0327 17:56:21.101028 207163 main.go:265] [Language Server Manager] Waiting for random port file in /tmp/dd421843-95c0-464d-a1d9-abc7b73e1fe7/codeium/manager/child_random_port_1743087381100724107_5968846191923996687 to be created
2025/03/27 17:56:21 maxprocs: Leaving GOMAXPROCS=12: CPU quota undefined
I0327 17:56:21.179124 207179 main.go:581] Setting GOMAXPROCS to 4
I0327 17:56:21.179230 207179 main.go:798] Starting language server process with pid 207179
I0327 17:56:21.179255 207179 server.go:256] Language server will attempt to listen on host 127.0.0.1
I0327 17:56:21.179384 207179 server.go:263] Language server listening on random port at 34761
I0327 17:56:22.811308 207179 server.go:342] Extension server port not specified; skipping extension server client creation
I0327 17:56:22.824280 207179 web_server.go:258] Chat Web Server listening at ws://127.0.0.1:40907
I0327 17:56:22.921385 207179 server.go:849] Local search is enabled, will index local files.
I0327 17:56:22.921403 207179 server.go:853] Using 3 indexer workers
I0327 17:56:22.925427 207179 server.go:995] Child process attempting to acquire lock file /tmp/dd421843-95c0-464d-a1d9-abc7b73e1fe7/codeium/manager/locks/child_lock_1743087381100748120_200531422526815491
I0327 17:56:22.925470 207179 server.go:1003] Child process acquired lock file /tmp/dd421843-95c0-464d-a1d9-abc7b73e1fe7/codeium/manager/locks/child_lock_1743087381100748120_200531422526815491
32923
I0327 17:56:23.005622 207163 main.go:301] [Language Server Manager] Found random server port 34761
I0327 17:56:23.005644 207163 main.go:302] [Language Server Manager] Found random lsp port 32923
I0327 17:56:23.005681 207163 main.go:309] [Language Server Manager] Attempting to connect to language server at 127.0.0.1:34761
I0327 17:56:23.016776 207163 main.go:178] [Language Server Manager] Fixing language server port at 34761
I0327 17:56:23.016789 207163 main.go:361] [Language Server Manager] Successfully connected to new language server at 127.0.0.1:34761
(VSCode) 2025-03-27 17:56:23.027 [INFO]: Found language server running on port 34761
(VSCode) 2025-03-27 17:56:23.326 [INFO]: openAllTextDocuments took 20.942331999999624ms
(VSCode) 2025-03-27 17:56:27.512 [INFO]: Codeium is not enabled for the current document.
(VSCode) 2025-03-27 17:56:31.637 [INFO]: Codeium is not enabled for the current document.
(VSCode) 2025-03-27 17:56:32.265 [INFO]: Codeium is not enabled for the current document.
(VSCode) 2025-03-27 17:56:33.508 [INFO]: Codeium is not enabled for the current document.
(VSCode) 2025-03-27 17:56:35.124 [INFO]: Codeium is not enabled for the current document.
(VSCode) 2025-03-27 17:56:37.046 [INFO]: Codeium is not enabled for the current document.
(VSCode) 2025-03-27 17:56:39.100 [INFO]: Codeium is not enabled for the current document.
(VSCode) 2025-03-27 17:56:39.798 [INFO]: Codeium is not enabled for the current document.
(VSCode) 2025-03-27 17:56:41.324 [INFO]: Codeium is not enabled for the current document.
(VSCode) 2025-03-27 17:56:41.814 [INFO]: Codeium is not enabled for the current document.
(VSCode) 2025-03-27 17:56:42.060 [INFO]: Codeium is not enabled for the current document.
(VSCode) 2025-03-27 17:56:42.212 [INFO]: Codeium is not enabled for the current document.
(VSCode) 2025-03-27 17:56:42.380 [INFO]: Codeium is not enabled for the current document.
(VSCode) 2025-03-27 17:56:42.435 [INFO]: Codeium is not enabled for the current document.
(VSCode) 2025-03-27 17:56:43.212 [INFO]: Disposing language server process
(VSCode) 2025-03-27 17:56:43.212 [INFO]: Deleting manager directory: /tmp/dd421843-95c0-464d-a1d9-abc7b73e1fe7/codeium/manager
(VSCode) 2025-03-27 17:56:43.213 [INFO]: Successfully disposed language server
W0327 17:56:43.212501 207163 main.go:128] [Language Server Manager] Got signal terminated, shutting down
