2025-03-29 00:01:25.425 [info] Reading sessions from keychain...
2025-03-29 00:01:25.425 [info] Getting sessions for all scopes...
2025-03-29 00:01:25.425 [info] Getting sessions for all scopes...
2025-03-29 00:01:25.425 [info] Getting sessions for all scopes...
2025-03-29 00:01:25.425 [info] Getting sessions for all scopes...
2025-03-29 00:01:25.425 [info] Getting sessions for all scopes...
2025-03-29 00:01:25.425 [info] Getting sessions for all scopes...
2025-03-29 00:01:25.425 [info] Getting sessions for all scopes...
2025-03-29 00:01:25.425 [info] Got stored sessions!
2025-03-29 00:01:25.425 [info] Got 1 verified sessions.
2025-03-29 00:01:25.425 [info] Got 1 sessions for ...
2025-03-29 00:01:25.425 [info] Got 1 sessions for ...
2025-03-29 00:01:25.425 [info] Got 1 sessions for ...
2025-03-29 00:01:25.425 [info] Got 1 sessions for ...
2025-03-29 00:01:25.425 [info] Got 1 sessions for ...
2025-03-29 00:01:25.425 [info] Got 1 sessions for ...
2025-03-29 00:01:25.425 [info] Got 1 sessions for ...
2025-03-29 00:01:25.425 [info] Getting sessions for all scopes...
2025-03-29 00:01:25.425 [info] Got 1 sessions for ...
2025-03-29 00:01:26.961 [info] Getting sessions for all scopes...
2025-03-29 00:01:26.961 [info] Got 1 sessions for ...
