(VSCode) 2025-03-27 20:39:14.630 [INFO]: No proxy settings found
(VSCode) 2025-03-27 20:39:15.959 [INFO]: Checking network connection...
(VSCode) 2025-03-27 20:39:16.292 [ERROR]: [unavailable]
(VSCode) 2025-03-27 20:39:16.293 [ERROR]: Failed to get user status from API server [unavailable]
(VSCode) 2025-03-27 20:39:16.301 [INFO]: Creating manager directory: /tmp/91cf8915-02bd-45f8-8aaf-97066aad7e75/codeium/manager
(VSCode) 2025-03-27 20:39:16.744 [INFO]: Using cached LS with valid crc32: /home/smitee/.vscode/extensions/codeium.codeium-1.42.3/dist/0c9faf39e693eeaf762c0320f624cde0b6c7bb7e/language_server_linux_x64
(VSCode) 2025-03-27 20:39:16.751 [INFO]: Language server started
2025/03/27 20:39:16 maxprocs: Leaving GOMAXPROCS=12: CPU quota undefined
I0327 20:39:16.859049 15067 main.go:581] [Language Server Manager] Setting GOMAXPROCS to 4
I0327 20:39:16.859135 15067 main.go:725] [Language Server Manager] Release 1.42.3 (0c9faf39e693eeaf762c0320f624cde0b6c7bb7e)
I0327 20:39:16.859158 15067 main.go:804] [Language Server Manager] Starting language server manager with pid 15067
I0327 20:39:16.859216 15067 main.go:124] [Language Server Manager] Manager acquired its lock file /tmp/91cf8915-02bd-45f8-8aaf-97066aad7e75/codeium/manager/locks/manager.lock
I0327 20:39:16.859506 15067 main.go:265] [Language Server Manager] Waiting for random port file in /tmp/91cf8915-02bd-45f8-8aaf-97066aad7e75/codeium/manager/child_random_port_1743097156859274393_3568759834127193144 to be created
2025/03/27 20:39:16 maxprocs: Leaving GOMAXPROCS=12: CPU quota undefined
I0327 20:39:16.943914 15085 main.go:581] Setting GOMAXPROCS to 4
I0327 20:39:16.944153 15085 main.go:798] Starting language server process with pid 15085
I0327 20:39:16.944183 15085 server.go:256] Language server will attempt to listen on host 127.0.0.1
I0327 20:39:16.944259 15085 server.go:263] Language server listening on random port at 45617
(VSCode) 2025-03-27 20:39:17.170 [ERROR]: 
      Network Test Response Summary:
      Code: ETIMEDOUT,
      Message: undefined,
      Error Message: 
      Proxy Headers: undefined,
      Certificate Info:
        Valid From: ,
        Valid To: ,
      Expired: false,
      
I0327 20:39:18.993649 15085 server.go:342] Extension server port not specified; skipping extension server client creation
I0327 20:39:19.002759 15085 web_server.go:258] Chat Web Server listening at ws://127.0.0.1:33225
I0327 20:39:19.118103 15085 server.go:849] Local search is enabled, will index local files.
I0327 20:39:19.118122 15085 server.go:853] Using 3 indexer workers
I0327 20:39:19.123737 15085 server.go:995] Child process attempting to acquire lock file /tmp/91cf8915-02bd-45f8-8aaf-97066aad7e75/codeium/manager/locks/child_lock_1743097156859288356_2177031634283434703
I0327 20:39:19.123787 15085 server.go:1003] Child process acquired lock file /tmp/91cf8915-02bd-45f8-8aaf-97066aad7e75/codeium/manager/locks/child_lock_1743097156859288356_2177031634283434703
35249
I0327 20:39:19.165960 15067 main.go:301] [Language Server Manager] Found random server port 45617
I0327 20:39:19.165982 15067 main.go:302] [Language Server Manager] Found random lsp port 35249
I0327 20:39:19.165995 15067 main.go:309] [Language Server Manager] Attempting to connect to language server at 127.0.0.1:45617
I0327 20:39:19.177199 15067 main.go:178] [Language Server Manager] Fixing language server port at 45617
I0327 20:39:19.177213 15067 main.go:361] [Language Server Manager] Successfully connected to new language server at 127.0.0.1:45617
(VSCode) 2025-03-27 20:39:19.258 [INFO]: Found language server running on port 45617
(VSCode) 2025-03-27 20:39:19.557 [INFO]: openAllTextDocuments took 21.91067699999985ms
(VSCode) 2025-03-27 20:39:21.118 [INFO]: Codeium is not enabled for the current document.
(VSCode) 2025-03-27 20:39:21.748 [INFO]: Codeium is not enabled for the current document.
(VSCode) 2025-03-27 20:39:26.476 [INFO]: Codeium is not enabled for the current document.
(VSCode) 2025-03-27 20:39:26.667 [INFO]: Codeium is not enabled for the current document.
(VSCode) 2025-03-27 20:39:27.726 [INFO]: Codeium is not enabled for the current document.
(VSCode) 2025-03-27 20:39:27.884 [INFO]: Codeium is not enabled for the current document.
(VSCode) 2025-03-27 20:39:33.780 [INFO]: Codeium is not enabled for the current document.
(VSCode) 2025-03-27 20:39:34.444 [INFO]: Codeium is not enabled for the current document.
(VSCode) 2025-03-27 20:39:39.612 [INFO]: Codeium is not enabled for the current document.
(VSCode) 2025-03-27 20:39:45.371 [INFO]: Codeium is not enabled for the current document.
(VSCode) 2025-03-27 20:39:45.755 [INFO]: Codeium is not enabled for the current document.
(VSCode) 2025-03-27 20:39:56.043 [INFO]: Codeium is not enabled for the current document.
(VSCode) 2025-03-27 20:39:56.458 [INFO]: Codeium is not enabled for the current document.
(VSCode) 2025-03-27 20:40:02.707 [INFO]: Codeium is not enabled for the current document.
(VSCode) 2025-03-27 20:40:03.203 [INFO]: Codeium is not enabled for the current document.
(VSCode) 2025-03-27 20:40:07.554 [INFO]: Codeium is not enabled for the current document.
(VSCode) 2025-03-27 20:40:17.625 [ERROR]: Illegal value for `line`
(VSCode) 2025-03-27 20:40:17.675 [INFO]: Codeium is not enabled for the current document.
(VSCode) 2025-03-27 20:41:56.073 [INFO]: Codeium is not enabled for the current document.
(VSCode) 2025-03-27 20:42:01.183 [ERROR]: Illegal value for `line`
(VSCode) 2025-03-27 20:42:01.233 [INFO]: Codeium is not enabled for the current document.
(VSCode) 2025-03-27 20:47:33.668 [INFO]: Codeium is not enabled for the current document.
(VSCode) 2025-03-27 20:47:40.892 [INFO]: Codeium is not enabled for the current document.
(VSCode) 2025-03-27 20:47:56.140 [INFO]: Codeium is not enabled for the current document.
(VSCode) 2025-03-27 20:47:59.950 [INFO]: Codeium is not enabled for the current document.
