2025-03-27 19:52:59.315 [info] Reading sessions from keychain...
2025-03-27 19:52:59.315 [info] Getting sessions for all scopes...
2025-03-27 19:52:59.315 [info] Getting sessions for all scopes...
2025-03-27 19:52:59.315 [info] Got stored sessions!
2025-03-27 19:52:59.315 [info] Got 1 verified sessions.
2025-03-27 19:52:59.315 [info] Got 1 sessions for ...
2025-03-27 19:52:59.315 [info] Got 1 sessions for ...
2025-03-27 19:52:59.315 [info] Getting sessions for all scopes...
2025-03-27 19:52:59.315 [info] Got 1 sessions for ...
2025-03-27 19:52:59.315 [info] Getting sessions for all scopes...
2025-03-27 19:52:59.315 [info] Got 1 sessions for ...
2025-03-27 19:52:59.315 [info] Getting sessions for all scopes...
2025-03-27 19:52:59.315 [info] Got 1 sessions for ...
2025-03-27 19:52:59.315 [info] Getting sessions for all scopes...
2025-03-27 19:52:59.315 [info] Got 1 sessions for ...
2025-03-27 19:52:59.315 [info] Getting sessions for all scopes...
2025-03-27 19:52:59.315 [info] Got 1 sessions for ...
2025-03-27 19:52:59.572 [info] Getting sessions for all scopes...
2025-03-27 19:52:59.572 [info] Got 1 sessions for ...
2025-03-27 19:53:01.138 [info] Getting sessions for all scopes...
2025-03-27 19:53:01.138 [info] Got 1 sessions for ...
