2025-03-28 03:00:50.667 [info] Extension host with pid 1386 started
2025-03-28 03:00:50.667 [info] Skipping acquiring lock for /home/smitee/.config/Code/User/workspaceStorage/d8734d2d0c9f55360f231bf6dcb54760.
2025-03-28 03:00:50.881 [info] ExtensionService#_doActivateExtension vscode.github-authentication, startup: false, activationEvent: 'onAuthenticationRequest:github'
2025-03-28 03:00:50.882 [info] ExtensionService#_doActivateExtension vscode.emmet, startup: false, activationEvent: 'onLanguage'
2025-03-28 03:00:51.171 [info] ExtensionService#_doActivateExtension vscode.git-base, startup: true, activationEvent: '*', root cause: vscode.git
2025-03-28 03:00:51.268 [info] ExtensionService#_doActivateExtension pranaygp.vscode-css-peek, startup: true, activationEvent: 'workspaceContains:**/*.css,**/*.scss,**/*.sass,**/*.less'
2025-03-28 03:00:51.346 [info] ExtensionService#_doActivateExtension vscode.git, startup: true, activationEvent: '*'
2025-03-28 03:00:51.346 [info] ExtensionService#_doActivateExtension vscode.github, startup: true, activationEvent: '*'
2025-03-28 03:00:51.347 [info] ExtensionService#_doActivateExtension ms-python.python, startup: true, activationEvent: 'workspaceContains:**/*.qml,**/*.ui,**/*.qrc', root cause: seanwu.vscode-qt-for-python
2025-03-28 03:00:51.841 [info] ExtensionService#_doActivateExtension seanwu.vscode-qt-for-python, startup: true, activationEvent: 'workspaceContains:**/*.qml,**/*.ui,**/*.qrc'
2025-03-28 03:00:51.906 [info] Eager extensions activated
2025-03-28 03:00:51.916 [info] ExtensionService#_doActivateExtension vscode.debug-auto-launch, startup: false, activationEvent: 'onStartupFinished'
2025-03-28 03:00:51.917 [info] ExtensionService#_doActivateExtension vscode.merge-conflict, startup: false, activationEvent: 'onStartupFinished'
2025-03-28 03:00:51.917 [info] ExtensionService#_doActivateExtension Codeium.codeium, startup: false, activationEvent: 'onStartupFinished'
2025-03-28 03:00:52.329 [info] ExtensionService#_doActivateExtension PKief.material-icon-theme, startup: false, activationEvent: 'onStartupFinished'
2025-03-28 03:00:52.444 [info] ExtensionService#_doActivateExtension ms-python.vscode-pylance, startup: false, activationEvent: 'api', root cause: ms-python.python
2025-03-28 03:00:57.199 [info] ExtensionService#_doActivateExtension vscode.configuration-editing, startup: false, activationEvent: 'onLanguage:jsonc'
2025-03-28 03:00:57.199 [info] ExtensionService#_doActivateExtension vscode.json-language-features, startup: false, activationEvent: 'onLanguage:jsonc'
2025-03-28 03:00:57.199 [info] ExtensionService#_doActivateExtension vscode.typescript-language-features, startup: false, activationEvent: 'onLanguage:jsonc'
2025-03-28 03:35:54.056 [info] Extension host terminating: renderer closed the MessagePort
2025-03-28 03:35:54.106 [info] Extension host with pid 1386 exiting with code 0
