2025-03-28 00:27:16.116 [info] (Client) Pylance async client (2025.3.2) started with python extension (2025.2.0)
2025-03-28 00:27:16.611 [info] [Info  - 00:27:16] (44269) Server root directory: file:///home/smitee/.vscode/extensions/ms-python.vscode-pylance-2025.3.2/dist
2025-03-28 00:27:16.611 [info] [Info  - 00:27:16] (44269) Pylance language server 2025.3.2 (pyright version 1.1.396, commit 3e2236a7) starting
2025-03-28 00:27:16.611 [info] [Info  - 00:27:16] (44269) Starting service instance ".config"
2025-03-28 00:27:16.643 [info] [Info  - 00:27:16] (44269) Setting environmentName for service ".config": "3.13.2 (глобальная)"
2025-03-28 00:27:16.643 [info] [Info  - 00:27:16] (44269) Setting pythonPath for service ".config": "/bin/python"
2025-03-28 00:27:16.643 [info] [Info  - 00:27:16] (44269) No include entries specified; assuming /home/smitee/.config
2025-03-28 00:27:16.644 [info] [Info  - 00:27:16] (44269) Auto-excluding **/node_modules
2025-03-28 00:27:16.644 [info] [Info  - 00:27:16] (44269) Auto-excluding **/__pycache__
2025-03-28 00:27:16.644 [info] [Info  - 00:27:16] (44269) Auto-excluding **/.*
2025-03-28 00:27:16.665 [info] [Info  - 00:27:16] (44269) Assuming Python version 3.13.2.final.0
2025-03-28 00:27:16.953 [info] [Info  - 00:27:16] (44269) No source files found.
2025-03-28 00:27:17.171 [info] [Info  - 00:27:17] (44269) Priority queue background worker(2) root directory: file:///home/smitee/.vscode/extensions/ms-python.vscode-pylance-2025.3.2/dist
2025-03-28 00:27:17.172 [info] [Info  - 00:27:17] (44269) Priority queue background worker(2) started
2025-03-28 01:27:14.262 [info] [Info  - 01:27:14] (44269) Setting environmentName for service ".config": "3.13.2 (глобальная)"
2025-03-28 01:27:14.262 [info] [Info  - 01:27:14] (44269) Setting pythonPath for service ".config": "/bin/python"
2025-03-28 01:27:14.262 [info] [Info  - 01:27:14] (44269) No include entries specified; assuming /home/smitee/.config
2025-03-28 01:27:14.262 [info] [Info  - 01:27:14] (44269) Auto-excluding **/node_modules
2025-03-28 01:27:14.262 [info] [Info  - 01:27:14] (44269) Auto-excluding **/__pycache__
2025-03-28 01:27:14.262 [info] [Info  - 01:27:14] (44269) Auto-excluding **/.*
2025-03-28 01:27:14.283 [info] [Info  - 01:27:14] (44269) Assuming Python version 3.13.2.final.0
2025-03-28 01:27:14.501 [info] [Info  - 01:27:14] (44269) No source files found.
