2025-03-28 00:27:13.584 [info] Extension host with pid 44016 started
2025-03-28 00:27:13.584 [info] Skipping acquiring lock for /home/smitee/.config/Code/User/workspaceStorage/d8734d2d0c9f55360f231bf6dcb54760.
2025-03-28 00:27:13.834 [info] ExtensionService#_doActivateExtension vscode.github-authentication, startup: false, activationEvent: 'onAuthenticationRequest:github'
2025-03-28 00:27:13.835 [info] ExtensionService#_doActivateExtension vscode.emmet, startup: false, activationEvent: 'onLanguage'
2025-03-28 00:27:14.054 [info] ExtensionService#_doActivateExtension vscode.git-base, startup: true, activationEvent: '*', root cause: vscode.git
2025-03-28 00:27:14.144 [info] ExtensionService#_doActivateExtension pranaygp.vscode-css-peek, startup: true, activationEvent: 'workspaceContains:**/*.css,**/*.scss,**/*.sass,**/*.less'
2025-03-28 00:27:14.215 [info] ExtensionService#_doActivateExtension ms-python.python, startup: true, activationEvent: 'workspaceContains:**/*.qml,**/*.ui,**/*.qrc', root cause: seanwu.vscode-qt-for-python
2025-03-28 00:27:14.506 [info] ExtensionService#_doActivateExtension vscode.git, startup: true, activationEvent: '*'
2025-03-28 00:27:14.507 [info] ExtensionService#_doActivateExtension vscode.github, startup: true, activationEvent: '*'
2025-03-28 00:27:14.565 [info] ExtensionService#_doActivateExtension seanwu.vscode-qt-for-python, startup: true, activationEvent: 'workspaceContains:**/*.qml,**/*.ui,**/*.qrc'
2025-03-28 00:27:14.752 [info] ExtensionService#_doActivateExtension ms-python.vscode-pylance, startup: false, activationEvent: 'api', root cause: ms-python.python
2025-03-28 00:27:15.088 [info] Eager extensions activated
2025-03-28 00:27:15.105 [info] ExtensionService#_doActivateExtension vscode.debug-auto-launch, startup: false, activationEvent: 'onStartupFinished'
2025-03-28 00:27:15.106 [info] ExtensionService#_doActivateExtension vscode.merge-conflict, startup: false, activationEvent: 'onStartupFinished'
2025-03-28 00:27:15.106 [info] ExtensionService#_doActivateExtension Codeium.codeium, startup: false, activationEvent: 'onStartupFinished'
2025-03-28 00:27:15.480 [info] ExtensionService#_doActivateExtension PKief.material-icon-theme, startup: false, activationEvent: 'onStartupFinished'
2025-03-28 00:27:20.221 [info] ExtensionService#_doActivateExtension vscode.configuration-editing, startup: false, activationEvent: 'onLanguage:json'
2025-03-28 00:27:20.222 [info] ExtensionService#_doActivateExtension vscode.extension-editing, startup: false, activationEvent: 'onLanguage:json'
2025-03-28 00:27:20.222 [info] ExtensionService#_doActivateExtension vscode.json-language-features, startup: false, activationEvent: 'onLanguage:json'
2025-03-28 00:27:20.222 [info] ExtensionService#_doActivateExtension vscode.npm, startup: false, activationEvent: 'onLanguage:json'
2025-03-28 00:27:20.223 [info] ExtensionService#_doActivateExtension ZainChen.json, startup: false, activationEvent: 'onLanguage:json'
2025-03-28 00:27:20.226 [info] ExtensionService#_doActivateExtension vscode.typescript-language-features, startup: false, activationEvent: 'onLanguage:jsonc'
2025-03-28 00:27:20.227 [info] ExtensionService#_doActivateExtension vscode.css-language-features, startup: false, activationEvent: 'onLanguage:css'
2025-03-28 00:40:18.966 [error] Error: Illegal value for `line`
	at LU.u (file:///opt/visual-studio-code/resources/app/out/vs/workbench/api/node/extensionHostProcess.js:119:1045)
	at Object.lineAt (file:///opt/visual-studio-code/resources/app/out/vs/workbench/api/node/extensionHostProcess.js:119:72)
	at e.getCommandEditHints (/home/smitee/.vscode/extensions/codeium.codeium-1.42.3/dist/extension.js:2:2031669)
	at e.getNonCachedDocumentResults (/home/smitee/.vscode/extensions/codeium.codeium-1.42.3/dist/extension.js:2:2033348)
	at e.<anonymous> (/home/smitee/.vscode/extensions/codeium.codeium-1.42.3/dist/extension.js:2:2034413)
	at d (/home/smitee/.vscode/extensions/codeium.codeium-1.42.3/dist/extension.js:2:2019635)
	at Generator.<anonymous> (/home/smitee/.vscode/extensions/codeium.codeium-1.42.3/dist/extension.js:2:2020977)
	at Generator.next (/home/smitee/.vscode/extensions/codeium.codeium-1.42.3/dist/extension.js:2:2020064)
	at a (/home/smitee/.vscode/extensions/codeium.codeium-1.42.3/dist/extension.js:2:2026191)
	at s (/home/smitee/.vscode/extensions/codeium.codeium-1.42.3/dist/extension.js:2:2026394)
	at /home/smitee/.vscode/extensions/codeium.codeium-1.42.3/dist/extension.js:2:2026453
	at new Promise (<anonymous>)
	at e.<anonymous> (/home/smitee/.vscode/extensions/codeium.codeium-1.42.3/dist/extension.js:2:2026334)
	at e.<anonymous> (/home/smitee/.vscode/extensions/codeium.codeium-1.42.3/dist/extension.js:2:2034987)
	at e.<anonymous> (/home/smitee/.vscode/extensions/codeium.codeium-1.42.3/dist/extension.js:2:1977620)
	at d (/home/smitee/.vscode/extensions/codeium.codeium-1.42.3/dist/extension.js:2:1964951)
	at Generator.<anonymous> (/home/smitee/.vscode/extensions/codeium.codeium-1.42.3/dist/extension.js:2:1966293)
	at Generator.next (/home/smitee/.vscode/extensions/codeium.codeium-1.42.3/dist/extension.js:2:1965380)
	at s (/home/smitee/.vscode/extensions/codeium.codeium-1.42.3/dist/extension.js:2:1971867)
	at a (/home/smitee/.vscode/extensions/codeium.codeium-1.42.3/dist/extension.js:2:1972070)
	at /home/smitee/.vscode/extensions/codeium.codeium-1.42.3/dist/extension.js:2:1972129
	at new Promise (<anonymous>)
	at e.<anonymous> (/home/smitee/.vscode/extensions/codeium.codeium-1.42.3/dist/extension.js:2:1972010)
	at e.<anonymous> (/home/smitee/.vscode/extensions/codeium.codeium-1.42.3/dist/extension.js:2:1978243)
	at e.<anonymous> (/home/smitee/.vscode/extensions/codeium.codeium-1.42.3/dist/extension.js:2:1976812)
	at d (/home/smitee/.vscode/extensions/codeium.codeium-1.42.3/dist/extension.js:2:1964951)
	at Generator.<anonymous> (/home/smitee/.vscode/extensions/codeium.codeium-1.42.3/dist/extension.js:2:1966293)
	at Generator.next (/home/smitee/.vscode/extensions/codeium.codeium-1.42.3/dist/extension.js:2:1965380)
	at s (/home/smitee/.vscode/extensions/codeium.codeium-1.42.3/dist/extension.js:2:1971867)
	at a (/home/smitee/.vscode/extensions/codeium.codeium-1.42.3/dist/extension.js:2:1972070)
	at /home/smitee/.vscode/extensions/codeium.codeium-1.42.3/dist/extension.js:2:1972129
	at new Promise (<anonymous>)
	at e.<anonymous> (/home/smitee/.vscode/extensions/codeium.codeium-1.42.3/dist/extension.js:2:1972010)
	at e.<anonymous> (/home/smitee/.vscode/extensions/codeium.codeium-1.42.3/dist/extension.js:2:1977055)
	at Immediate.<anonymous> (/home/smitee/.vscode/extensions/codeium.codeium-1.42.3/dist/extension.js:2:1974473)
	at process.processImmediate (node:internal/timers:483:21)
2025-03-28 00:41:38.524 [error] Error: Illegal value for `line`
	at LU.u (file:///opt/visual-studio-code/resources/app/out/vs/workbench/api/node/extensionHostProcess.js:119:1045)
	at Object.lineAt (file:///opt/visual-studio-code/resources/app/out/vs/workbench/api/node/extensionHostProcess.js:119:72)
	at e.getCommandEditHints (/home/smitee/.vscode/extensions/codeium.codeium-1.42.3/dist/extension.js:2:2031669)
	at e.getNonCachedDocumentResults (/home/smitee/.vscode/extensions/codeium.codeium-1.42.3/dist/extension.js:2:2033348)
	at e.<anonymous> (/home/smitee/.vscode/extensions/codeium.codeium-1.42.3/dist/extension.js:2:2034413)
	at d (/home/smitee/.vscode/extensions/codeium.codeium-1.42.3/dist/extension.js:2:2019635)
	at Generator.<anonymous> (/home/smitee/.vscode/extensions/codeium.codeium-1.42.3/dist/extension.js:2:2020977)
	at Generator.next (/home/smitee/.vscode/extensions/codeium.codeium-1.42.3/dist/extension.js:2:2020064)
	at a (/home/smitee/.vscode/extensions/codeium.codeium-1.42.3/dist/extension.js:2:2026191)
	at s (/home/smitee/.vscode/extensions/codeium.codeium-1.42.3/dist/extension.js:2:2026394)
	at /home/smitee/.vscode/extensions/codeium.codeium-1.42.3/dist/extension.js:2:2026453
	at new Promise (<anonymous>)
	at e.<anonymous> (/home/smitee/.vscode/extensions/codeium.codeium-1.42.3/dist/extension.js:2:2026334)
	at e.<anonymous> (/home/smitee/.vscode/extensions/codeium.codeium-1.42.3/dist/extension.js:2:2034987)
	at e.<anonymous> (/home/smitee/.vscode/extensions/codeium.codeium-1.42.3/dist/extension.js:2:1977620)
	at d (/home/smitee/.vscode/extensions/codeium.codeium-1.42.3/dist/extension.js:2:1964951)
	at Generator.<anonymous> (/home/smitee/.vscode/extensions/codeium.codeium-1.42.3/dist/extension.js:2:1966293)
	at Generator.next (/home/smitee/.vscode/extensions/codeium.codeium-1.42.3/dist/extension.js:2:1965380)
	at s (/home/smitee/.vscode/extensions/codeium.codeium-1.42.3/dist/extension.js:2:1971867)
	at a (/home/smitee/.vscode/extensions/codeium.codeium-1.42.3/dist/extension.js:2:1972070)
	at /home/smitee/.vscode/extensions/codeium.codeium-1.42.3/dist/extension.js:2:1972129
	at new Promise (<anonymous>)
	at e.<anonymous> (/home/smitee/.vscode/extensions/codeium.codeium-1.42.3/dist/extension.js:2:1972010)
	at e.<anonymous> (/home/smitee/.vscode/extensions/codeium.codeium-1.42.3/dist/extension.js:2:1978243)
	at e.<anonymous> (/home/smitee/.vscode/extensions/codeium.codeium-1.42.3/dist/extension.js:2:1976812)
	at d (/home/smitee/.vscode/extensions/codeium.codeium-1.42.3/dist/extension.js:2:1964951)
	at Generator.<anonymous> (/home/smitee/.vscode/extensions/codeium.codeium-1.42.3/dist/extension.js:2:1966293)
	at Generator.next (/home/smitee/.vscode/extensions/codeium.codeium-1.42.3/dist/extension.js:2:1965380)
	at s (/home/smitee/.vscode/extensions/codeium.codeium-1.42.3/dist/extension.js:2:1971867)
	at a (/home/smitee/.vscode/extensions/codeium.codeium-1.42.3/dist/extension.js:2:1972070)
	at /home/smitee/.vscode/extensions/codeium.codeium-1.42.3/dist/extension.js:2:1972129
	at new Promise (<anonymous>)
	at e.<anonymous> (/home/smitee/.vscode/extensions/codeium.codeium-1.42.3/dist/extension.js:2:1972010)
	at e.<anonymous> (/home/smitee/.vscode/extensions/codeium.codeium-1.42.3/dist/extension.js:2:1977055)
	at Immediate.<anonymous> (/home/smitee/.vscode/extensions/codeium.codeium-1.42.3/dist/extension.js:2:1974473)
	at process.processImmediate (node:internal/timers:483:21)
2025-03-28 01:34:11.866 [error] Error: Illegal value for `line`
	at LU.u (file:///opt/visual-studio-code/resources/app/out/vs/workbench/api/node/extensionHostProcess.js:119:1045)
	at Object.lineAt (file:///opt/visual-studio-code/resources/app/out/vs/workbench/api/node/extensionHostProcess.js:119:72)
	at e.getCommandEditHints (/home/smitee/.vscode/extensions/codeium.codeium-1.42.3/dist/extension.js:2:2031669)
	at e.getNonCachedDocumentResults (/home/smitee/.vscode/extensions/codeium.codeium-1.42.3/dist/extension.js:2:2033348)
	at e.<anonymous> (/home/smitee/.vscode/extensions/codeium.codeium-1.42.3/dist/extension.js:2:2034413)
	at d (/home/smitee/.vscode/extensions/codeium.codeium-1.42.3/dist/extension.js:2:2019635)
	at Generator.<anonymous> (/home/smitee/.vscode/extensions/codeium.codeium-1.42.3/dist/extension.js:2:2020977)
	at Generator.next (/home/smitee/.vscode/extensions/codeium.codeium-1.42.3/dist/extension.js:2:2020064)
	at a (/home/smitee/.vscode/extensions/codeium.codeium-1.42.3/dist/extension.js:2:2026191)
	at s (/home/smitee/.vscode/extensions/codeium.codeium-1.42.3/dist/extension.js:2:2026394)
	at /home/smitee/.vscode/extensions/codeium.codeium-1.42.3/dist/extension.js:2:2026453
	at new Promise (<anonymous>)
	at e.<anonymous> (/home/smitee/.vscode/extensions/codeium.codeium-1.42.3/dist/extension.js:2:2026334)
	at e.<anonymous> (/home/smitee/.vscode/extensions/codeium.codeium-1.42.3/dist/extension.js:2:2034987)
	at e.<anonymous> (/home/smitee/.vscode/extensions/codeium.codeium-1.42.3/dist/extension.js:2:1977620)
	at d (/home/smitee/.vscode/extensions/codeium.codeium-1.42.3/dist/extension.js:2:1964951)
	at Generator.<anonymous> (/home/smitee/.vscode/extensions/codeium.codeium-1.42.3/dist/extension.js:2:1966293)
	at Generator.next (/home/smitee/.vscode/extensions/codeium.codeium-1.42.3/dist/extension.js:2:1965380)
	at s (/home/smitee/.vscode/extensions/codeium.codeium-1.42.3/dist/extension.js:2:1971867)
	at a (/home/smitee/.vscode/extensions/codeium.codeium-1.42.3/dist/extension.js:2:1972070)
	at /home/smitee/.vscode/extensions/codeium.codeium-1.42.3/dist/extension.js:2:1972129
	at new Promise (<anonymous>)
	at e.<anonymous> (/home/smitee/.vscode/extensions/codeium.codeium-1.42.3/dist/extension.js:2:1972010)
	at e.<anonymous> (/home/smitee/.vscode/extensions/codeium.codeium-1.42.3/dist/extension.js:2:1978243)
	at e.<anonymous> (/home/smitee/.vscode/extensions/codeium.codeium-1.42.3/dist/extension.js:2:1976812)
	at d (/home/smitee/.vscode/extensions/codeium.codeium-1.42.3/dist/extension.js:2:1964951)
	at Generator.<anonymous> (/home/smitee/.vscode/extensions/codeium.codeium-1.42.3/dist/extension.js:2:1966293)
	at Generator.next (/home/smitee/.vscode/extensions/codeium.codeium-1.42.3/dist/extension.js:2:1965380)
	at s (/home/smitee/.vscode/extensions/codeium.codeium-1.42.3/dist/extension.js:2:1971867)
	at a (/home/smitee/.vscode/extensions/codeium.codeium-1.42.3/dist/extension.js:2:1972070)
	at /home/smitee/.vscode/extensions/codeium.codeium-1.42.3/dist/extension.js:2:1972129
	at new Promise (<anonymous>)
	at e.<anonymous> (/home/smitee/.vscode/extensions/codeium.codeium-1.42.3/dist/extension.js:2:1972010)
	at e.<anonymous> (/home/smitee/.vscode/extensions/codeium.codeium-1.42.3/dist/extension.js:2:1977055)
	at Immediate.<anonymous> (/home/smitee/.vscode/extensions/codeium.codeium-1.42.3/dist/extension.js:2:1974473)
	at process.processImmediate (node:internal/timers:483:21)
2025-03-28 01:34:20.128 [error] Error: Illegal value for `line`
	at LU.u (file:///opt/visual-studio-code/resources/app/out/vs/workbench/api/node/extensionHostProcess.js:119:1045)
	at Object.lineAt (file:///opt/visual-studio-code/resources/app/out/vs/workbench/api/node/extensionHostProcess.js:119:72)
	at e.getCommandEditHints (/home/smitee/.vscode/extensions/codeium.codeium-1.42.3/dist/extension.js:2:2031669)
	at e.getNonCachedDocumentResults (/home/smitee/.vscode/extensions/codeium.codeium-1.42.3/dist/extension.js:2:2033348)
	at e.<anonymous> (/home/smitee/.vscode/extensions/codeium.codeium-1.42.3/dist/extension.js:2:2034413)
	at d (/home/smitee/.vscode/extensions/codeium.codeium-1.42.3/dist/extension.js:2:2019635)
	at Generator.<anonymous> (/home/smitee/.vscode/extensions/codeium.codeium-1.42.3/dist/extension.js:2:2020977)
	at Generator.next (/home/smitee/.vscode/extensions/codeium.codeium-1.42.3/dist/extension.js:2:2020064)
	at a (/home/smitee/.vscode/extensions/codeium.codeium-1.42.3/dist/extension.js:2:2026191)
	at s (/home/smitee/.vscode/extensions/codeium.codeium-1.42.3/dist/extension.js:2:2026394)
	at /home/smitee/.vscode/extensions/codeium.codeium-1.42.3/dist/extension.js:2:2026453
	at new Promise (<anonymous>)
	at e.<anonymous> (/home/smitee/.vscode/extensions/codeium.codeium-1.42.3/dist/extension.js:2:2026334)
	at e.<anonymous> (/home/smitee/.vscode/extensions/codeium.codeium-1.42.3/dist/extension.js:2:2034987)
	at e.<anonymous> (/home/smitee/.vscode/extensions/codeium.codeium-1.42.3/dist/extension.js:2:1977620)
	at d (/home/smitee/.vscode/extensions/codeium.codeium-1.42.3/dist/extension.js:2:1964951)
	at Generator.<anonymous> (/home/smitee/.vscode/extensions/codeium.codeium-1.42.3/dist/extension.js:2:1966293)
	at Generator.next (/home/smitee/.vscode/extensions/codeium.codeium-1.42.3/dist/extension.js:2:1965380)
	at s (/home/smitee/.vscode/extensions/codeium.codeium-1.42.3/dist/extension.js:2:1971867)
	at a (/home/smitee/.vscode/extensions/codeium.codeium-1.42.3/dist/extension.js:2:1972070)
	at /home/smitee/.vscode/extensions/codeium.codeium-1.42.3/dist/extension.js:2:1972129
	at new Promise (<anonymous>)
	at e.<anonymous> (/home/smitee/.vscode/extensions/codeium.codeium-1.42.3/dist/extension.js:2:1972010)
	at e.<anonymous> (/home/smitee/.vscode/extensions/codeium.codeium-1.42.3/dist/extension.js:2:1978243)
	at e.<anonymous> (/home/smitee/.vscode/extensions/codeium.codeium-1.42.3/dist/extension.js:2:1976812)
	at d (/home/smitee/.vscode/extensions/codeium.codeium-1.42.3/dist/extension.js:2:1964951)
	at Generator.<anonymous> (/home/smitee/.vscode/extensions/codeium.codeium-1.42.3/dist/extension.js:2:1966293)
	at Generator.next (/home/smitee/.vscode/extensions/codeium.codeium-1.42.3/dist/extension.js:2:1965380)
	at s (/home/smitee/.vscode/extensions/codeium.codeium-1.42.3/dist/extension.js:2:1971867)
	at a (/home/smitee/.vscode/extensions/codeium.codeium-1.42.3/dist/extension.js:2:1972070)
	at /home/smitee/.vscode/extensions/codeium.codeium-1.42.3/dist/extension.js:2:1972129
	at new Promise (<anonymous>)
	at e.<anonymous> (/home/smitee/.vscode/extensions/codeium.codeium-1.42.3/dist/extension.js:2:1972010)
	at e.<anonymous> (/home/smitee/.vscode/extensions/codeium.codeium-1.42.3/dist/extension.js:2:1977055)
	at Immediate.<anonymous> (/home/smitee/.vscode/extensions/codeium.codeium-1.42.3/dist/extension.js:2:1974473)
	at process.processImmediate (node:internal/timers:483:21)
2025-03-28 01:34:32.094 [info] Extension host terminating: renderer closed the MessagePort
2025-03-28 01:34:32.136 [info] Extension host with pid 44016 exiting with code 0
