2025-03-28 15:18:42.384 [info] Extension host with pid 2416 started
2025-03-28 15:18:42.384 [info] Skipping acquiring lock for /home/smitee/.config/Code/User/workspaceStorage/d8734d2d0c9f55360f231bf6dcb54760.
2025-03-28 15:18:42.638 [info] ExtensionService#_doActivateExtension vscode.github-authentication, startup: false, activationEvent: 'onAuthenticationRequest:github'
2025-03-28 15:18:42.639 [info] ExtensionService#_doActivateExtension vscode.emmet, startup: false, activationEvent: 'onLanguage'
2025-03-28 15:18:42.854 [info] ExtensionService#_doActivateExtension vscode.git-base, startup: true, activationEvent: '*', root cause: vscode.git
2025-03-28 15:18:42.887 [info] ExtensionService#_doActivateExtension vscode.git, startup: true, activationEvent: '*'
2025-03-28 15:18:42.887 [info] ExtensionService#_doActivateExtension vscode.github, startup: true, activationEvent: '*'
2025-03-28 15:18:42.888 [info] ExtensionService#_doActivateExtension pranaygp.vscode-css-peek, startup: true, activationEvent: 'workspaceContains:**/*.css,**/*.scss,**/*.sass,**/*.less'
2025-03-28 15:18:43.050 [info] ExtensionService#_doActivateExtension ms-python.python, startup: true, activationEvent: 'workspaceContains:**/*.qml,**/*.ui,**/*.qrc', root cause: seanwu.vscode-qt-for-python
2025-03-28 15:18:43.446 [info] ExtensionService#_doActivateExtension seanwu.vscode-qt-for-python, startup: true, activationEvent: 'workspaceContains:**/*.qml,**/*.ui,**/*.qrc'
2025-03-28 15:18:43.501 [info] Eager extensions activated
2025-03-28 15:18:43.535 [info] ExtensionService#_doActivateExtension vscode.debug-auto-launch, startup: false, activationEvent: 'onStartupFinished'
2025-03-28 15:18:43.535 [info] ExtensionService#_doActivateExtension vscode.merge-conflict, startup: false, activationEvent: 'onStartupFinished'
2025-03-28 15:18:43.535 [info] ExtensionService#_doActivateExtension Codeium.codeium, startup: false, activationEvent: 'onStartupFinished'
2025-03-28 15:18:43.912 [info] ExtensionService#_doActivateExtension PKief.material-icon-theme, startup: false, activationEvent: 'onStartupFinished'
2025-03-28 15:18:44.020 [info] ExtensionService#_doActivateExtension ms-python.vscode-pylance, startup: false, activationEvent: 'api', root cause: ms-python.python
2025-03-28 15:18:48.855 [info] ExtensionService#_doActivateExtension vscode.configuration-editing, startup: false, activationEvent: 'onLanguage:jsonc'
2025-03-28 15:18:48.855 [info] ExtensionService#_doActivateExtension vscode.json-language-features, startup: false, activationEvent: 'onLanguage:jsonc'
2025-03-28 15:18:48.856 [info] ExtensionService#_doActivateExtension vscode.typescript-language-features, startup: false, activationEvent: 'onLanguage:jsonc'
2025-03-28 15:24:54.374 [info] Extension host terminating: renderer closed the MessagePort
2025-03-28 15:24:54.414 [info] Extension host with pid 2416 exiting with code 0
2025-03-28 15:24:55.434 [info] Extension host with pid 4028 started
2025-03-28 15:24:55.435 [info] Skipping acquiring lock for /home/smitee/.config/Code/User/workspaceStorage/52d923789df8735f344d7537b0f65f7a.
2025-03-28 15:24:55.498 [info] ExtensionService#_doActivateExtension vscode.github-authentication, startup: false, activationEvent: 'onAuthenticationRequest:github'
2025-03-28 15:24:55.601 [info] ExtensionService#_doActivateExtension vscode.git-base, startup: true, activationEvent: '*', root cause: vscode.git
2025-03-28 15:24:55.781 [info] ExtensionService#_doActivateExtension vscode.git, startup: true, activationEvent: '*'
2025-03-28 15:24:55.782 [info] ExtensionService#_doActivateExtension vscode.github, startup: true, activationEvent: '*'
2025-03-28 15:24:55.924 [info] Eager extensions activated
2025-03-28 15:24:55.937 [info] ExtensionService#_doActivateExtension vscode.debug-auto-launch, startup: false, activationEvent: 'onStartupFinished'
2025-03-28 15:24:55.937 [info] ExtensionService#_doActivateExtension vscode.merge-conflict, startup: false, activationEvent: 'onStartupFinished'
2025-03-28 15:24:55.937 [info] ExtensionService#_doActivateExtension Codeium.codeium, startup: false, activationEvent: 'onStartupFinished'
2025-03-28 15:24:56.292 [info] ExtensionService#_doActivateExtension PKief.material-icon-theme, startup: false, activationEvent: 'onStartupFinished'
2025-03-28 15:24:58.120 [info] ExtensionService#_doActivateExtension vscode.emmet, startup: false, activationEvent: 'onLanguage'
2025-03-28 15:30:32.761 [error] Error: Illegal value for `line`
	at LU.u (file:///opt/visual-studio-code/resources/app/out/vs/workbench/api/node/extensionHostProcess.js:119:1045)
	at Object.lineAt (file:///opt/visual-studio-code/resources/app/out/vs/workbench/api/node/extensionHostProcess.js:119:72)
	at e.getCommandEditHints (/home/smitee/.vscode/extensions/codeium.codeium-1.42.3/dist/extension.js:2:2031669)
	at e.getNonCachedDocumentResults (/home/smitee/.vscode/extensions/codeium.codeium-1.42.3/dist/extension.js:2:2033348)
	at e.<anonymous> (/home/smitee/.vscode/extensions/codeium.codeium-1.42.3/dist/extension.js:2:2034413)
	at d (/home/smitee/.vscode/extensions/codeium.codeium-1.42.3/dist/extension.js:2:2019635)
	at Generator.<anonymous> (/home/smitee/.vscode/extensions/codeium.codeium-1.42.3/dist/extension.js:2:2020977)
	at Generator.next (/home/smitee/.vscode/extensions/codeium.codeium-1.42.3/dist/extension.js:2:2020064)
	at a (/home/smitee/.vscode/extensions/codeium.codeium-1.42.3/dist/extension.js:2:2026191)
	at s (/home/smitee/.vscode/extensions/codeium.codeium-1.42.3/dist/extension.js:2:2026394)
	at /home/smitee/.vscode/extensions/codeium.codeium-1.42.3/dist/extension.js:2:2026453
	at new Promise (<anonymous>)
	at e.<anonymous> (/home/smitee/.vscode/extensions/codeium.codeium-1.42.3/dist/extension.js:2:2026334)
	at e.<anonymous> (/home/smitee/.vscode/extensions/codeium.codeium-1.42.3/dist/extension.js:2:2034987)
	at e.<anonymous> (/home/smitee/.vscode/extensions/codeium.codeium-1.42.3/dist/extension.js:2:1977620)
	at d (/home/smitee/.vscode/extensions/codeium.codeium-1.42.3/dist/extension.js:2:1964951)
	at Generator.<anonymous> (/home/smitee/.vscode/extensions/codeium.codeium-1.42.3/dist/extension.js:2:1966293)
	at Generator.next (/home/smitee/.vscode/extensions/codeium.codeium-1.42.3/dist/extension.js:2:1965380)
	at s (/home/smitee/.vscode/extensions/codeium.codeium-1.42.3/dist/extension.js:2:1971867)
	at a (/home/smitee/.vscode/extensions/codeium.codeium-1.42.3/dist/extension.js:2:1972070)
	at /home/smitee/.vscode/extensions/codeium.codeium-1.42.3/dist/extension.js:2:1972129
	at new Promise (<anonymous>)
	at e.<anonymous> (/home/smitee/.vscode/extensions/codeium.codeium-1.42.3/dist/extension.js:2:1972010)
	at e.<anonymous> (/home/smitee/.vscode/extensions/codeium.codeium-1.42.3/dist/extension.js:2:1978243)
	at e.<anonymous> (/home/smitee/.vscode/extensions/codeium.codeium-1.42.3/dist/extension.js:2:1976812)
	at d (/home/smitee/.vscode/extensions/codeium.codeium-1.42.3/dist/extension.js:2:1964951)
	at Generator.<anonymous> (/home/smitee/.vscode/extensions/codeium.codeium-1.42.3/dist/extension.js:2:1966293)
	at Generator.next (/home/smitee/.vscode/extensions/codeium.codeium-1.42.3/dist/extension.js:2:1965380)
	at s (/home/smitee/.vscode/extensions/codeium.codeium-1.42.3/dist/extension.js:2:1971867)
	at a (/home/smitee/.vscode/extensions/codeium.codeium-1.42.3/dist/extension.js:2:1972070)
	at /home/smitee/.vscode/extensions/codeium.codeium-1.42.3/dist/extension.js:2:1972129
	at new Promise (<anonymous>)
	at e.<anonymous> (/home/smitee/.vscode/extensions/codeium.codeium-1.42.3/dist/extension.js:2:1972010)
	at e.<anonymous> (/home/smitee/.vscode/extensions/codeium.codeium-1.42.3/dist/extension.js:2:1977055)
	at Immediate.<anonymous> (/home/smitee/.vscode/extensions/codeium.codeium-1.42.3/dist/extension.js:2:1974473)
	at process.processImmediate (node:internal/timers:483:21)
2025-03-28 15:30:32.762 [error] Error: Illegal value for `line`
	at LU.u (file:///opt/visual-studio-code/resources/app/out/vs/workbench/api/node/extensionHostProcess.js:119:1045)
	at Object.lineAt (file:///opt/visual-studio-code/resources/app/out/vs/workbench/api/node/extensionHostProcess.js:119:72)
	at e.getCommandEditHints (/home/smitee/.vscode/extensions/codeium.codeium-1.42.3/dist/extension.js:2:2031669)
	at e.getNonCachedDocumentResults (/home/smitee/.vscode/extensions/codeium.codeium-1.42.3/dist/extension.js:2:2033348)
	at e.<anonymous> (/home/smitee/.vscode/extensions/codeium.codeium-1.42.3/dist/extension.js:2:2034413)
	at d (/home/smitee/.vscode/extensions/codeium.codeium-1.42.3/dist/extension.js:2:2019635)
	at Generator.<anonymous> (/home/smitee/.vscode/extensions/codeium.codeium-1.42.3/dist/extension.js:2:2020977)
	at Generator.next (/home/smitee/.vscode/extensions/codeium.codeium-1.42.3/dist/extension.js:2:2020064)
	at a (/home/smitee/.vscode/extensions/codeium.codeium-1.42.3/dist/extension.js:2:2026191)
	at s (/home/smitee/.vscode/extensions/codeium.codeium-1.42.3/dist/extension.js:2:2026394)
	at /home/smitee/.vscode/extensions/codeium.codeium-1.42.3/dist/extension.js:2:2026453
	at new Promise (<anonymous>)
	at e.<anonymous> (/home/smitee/.vscode/extensions/codeium.codeium-1.42.3/dist/extension.js:2:2026334)
	at e.<anonymous> (/home/smitee/.vscode/extensions/codeium.codeium-1.42.3/dist/extension.js:2:2034987)
	at e.<anonymous> (/home/smitee/.vscode/extensions/codeium.codeium-1.42.3/dist/extension.js:2:1977620)
	at d (/home/smitee/.vscode/extensions/codeium.codeium-1.42.3/dist/extension.js:2:1964951)
	at Generator.<anonymous> (/home/smitee/.vscode/extensions/codeium.codeium-1.42.3/dist/extension.js:2:1966293)
	at Generator.next (/home/smitee/.vscode/extensions/codeium.codeium-1.42.3/dist/extension.js:2:1965380)
	at s (/home/smitee/.vscode/extensions/codeium.codeium-1.42.3/dist/extension.js:2:1971867)
	at a (/home/smitee/.vscode/extensions/codeium.codeium-1.42.3/dist/extension.js:2:1972070)
	at /home/smitee/.vscode/extensions/codeium.codeium-1.42.3/dist/extension.js:2:1972129
	at new Promise (<anonymous>)
	at e.<anonymous> (/home/smitee/.vscode/extensions/codeium.codeium-1.42.3/dist/extension.js:2:1972010)
	at e.<anonymous> (/home/smitee/.vscode/extensions/codeium.codeium-1.42.3/dist/extension.js:2:1978243)
	at e.<anonymous> (/home/smitee/.vscode/extensions/codeium.codeium-1.42.3/dist/extension.js:2:1976812)
	at d (/home/smitee/.vscode/extensions/codeium.codeium-1.42.3/dist/extension.js:2:1964951)
	at Generator.<anonymous> (/home/smitee/.vscode/extensions/codeium.codeium-1.42.3/dist/extension.js:2:1966293)
	at Generator.next (/home/smitee/.vscode/extensions/codeium.codeium-1.42.3/dist/extension.js:2:1965380)
	at s (/home/smitee/.vscode/extensions/codeium.codeium-1.42.3/dist/extension.js:2:1971867)
	at a (/home/smitee/.vscode/extensions/codeium.codeium-1.42.3/dist/extension.js:2:1972070)
	at /home/smitee/.vscode/extensions/codeium.codeium-1.42.3/dist/extension.js:2:1972129
	at new Promise (<anonymous>)
	at e.<anonymous> (/home/smitee/.vscode/extensions/codeium.codeium-1.42.3/dist/extension.js:2:1972010)
	at e.<anonymous> (/home/smitee/.vscode/extensions/codeium.codeium-1.42.3/dist/extension.js:2:1977055)
	at Immediate.<anonymous> (/home/smitee/.vscode/extensions/codeium.codeium-1.42.3/dist/extension.js:2:1974473)
	at process.processImmediate (node:internal/timers:483:21)
2025-03-28 15:30:38.799 [error] Error: Illegal value for `line`
	at LU.u (file:///opt/visual-studio-code/resources/app/out/vs/workbench/api/node/extensionHostProcess.js:119:1045)
	at Object.lineAt (file:///opt/visual-studio-code/resources/app/out/vs/workbench/api/node/extensionHostProcess.js:119:72)
	at e.getCommandEditHints (/home/smitee/.vscode/extensions/codeium.codeium-1.42.3/dist/extension.js:2:2031669)
	at e.getNonCachedDocumentResults (/home/smitee/.vscode/extensions/codeium.codeium-1.42.3/dist/extension.js:2:2033348)
	at e.<anonymous> (/home/smitee/.vscode/extensions/codeium.codeium-1.42.3/dist/extension.js:2:2034413)
	at d (/home/smitee/.vscode/extensions/codeium.codeium-1.42.3/dist/extension.js:2:2019635)
	at Generator.<anonymous> (/home/smitee/.vscode/extensions/codeium.codeium-1.42.3/dist/extension.js:2:2020977)
	at Generator.next (/home/smitee/.vscode/extensions/codeium.codeium-1.42.3/dist/extension.js:2:2020064)
	at a (/home/smitee/.vscode/extensions/codeium.codeium-1.42.3/dist/extension.js:2:2026191)
	at s (/home/smitee/.vscode/extensions/codeium.codeium-1.42.3/dist/extension.js:2:2026394)
	at /home/smitee/.vscode/extensions/codeium.codeium-1.42.3/dist/extension.js:2:2026453
	at new Promise (<anonymous>)
	at e.<anonymous> (/home/smitee/.vscode/extensions/codeium.codeium-1.42.3/dist/extension.js:2:2026334)
	at e.<anonymous> (/home/smitee/.vscode/extensions/codeium.codeium-1.42.3/dist/extension.js:2:2034987)
	at e.<anonymous> (/home/smitee/.vscode/extensions/codeium.codeium-1.42.3/dist/extension.js:2:1977620)
	at d (/home/smitee/.vscode/extensions/codeium.codeium-1.42.3/dist/extension.js:2:1964951)
	at Generator.<anonymous> (/home/smitee/.vscode/extensions/codeium.codeium-1.42.3/dist/extension.js:2:1966293)
	at Generator.next (/home/smitee/.vscode/extensions/codeium.codeium-1.42.3/dist/extension.js:2:1965380)
	at s (/home/smitee/.vscode/extensions/codeium.codeium-1.42.3/dist/extension.js:2:1971867)
	at a (/home/smitee/.vscode/extensions/codeium.codeium-1.42.3/dist/extension.js:2:1972070)
	at /home/smitee/.vscode/extensions/codeium.codeium-1.42.3/dist/extension.js:2:1972129
	at new Promise (<anonymous>)
	at e.<anonymous> (/home/smitee/.vscode/extensions/codeium.codeium-1.42.3/dist/extension.js:2:1972010)
	at e.<anonymous> (/home/smitee/.vscode/extensions/codeium.codeium-1.42.3/dist/extension.js:2:1978243)
	at e.<anonymous> (/home/smitee/.vscode/extensions/codeium.codeium-1.42.3/dist/extension.js:2:1976812)
	at d (/home/smitee/.vscode/extensions/codeium.codeium-1.42.3/dist/extension.js:2:1964951)
	at Generator.<anonymous> (/home/smitee/.vscode/extensions/codeium.codeium-1.42.3/dist/extension.js:2:1966293)
	at Generator.next (/home/smitee/.vscode/extensions/codeium.codeium-1.42.3/dist/extension.js:2:1965380)
	at s (/home/smitee/.vscode/extensions/codeium.codeium-1.42.3/dist/extension.js:2:1971867)
	at a (/home/smitee/.vscode/extensions/codeium.codeium-1.42.3/dist/extension.js:2:1972070)
	at /home/smitee/.vscode/extensions/codeium.codeium-1.42.3/dist/extension.js:2:1972129
	at new Promise (<anonymous>)
	at e.<anonymous> (/home/smitee/.vscode/extensions/codeium.codeium-1.42.3/dist/extension.js:2:1972010)
	at e.<anonymous> (/home/smitee/.vscode/extensions/codeium.codeium-1.42.3/dist/extension.js:2:1977055)
	at Immediate.<anonymous> (/home/smitee/.vscode/extensions/codeium.codeium-1.42.3/dist/extension.js:2:1974473)
	at process.processImmediate (node:internal/timers:483:21)
2025-03-28 15:30:38.801 [error] Error: Illegal value for `line`
	at LU.u (file:///opt/visual-studio-code/resources/app/out/vs/workbench/api/node/extensionHostProcess.js:119:1045)
	at Object.lineAt (file:///opt/visual-studio-code/resources/app/out/vs/workbench/api/node/extensionHostProcess.js:119:72)
	at e.getCommandEditHints (/home/smitee/.vscode/extensions/codeium.codeium-1.42.3/dist/extension.js:2:2031669)
	at e.getNonCachedDocumentResults (/home/smitee/.vscode/extensions/codeium.codeium-1.42.3/dist/extension.js:2:2033348)
	at e.<anonymous> (/home/smitee/.vscode/extensions/codeium.codeium-1.42.3/dist/extension.js:2:2034413)
	at d (/home/smitee/.vscode/extensions/codeium.codeium-1.42.3/dist/extension.js:2:2019635)
	at Generator.<anonymous> (/home/smitee/.vscode/extensions/codeium.codeium-1.42.3/dist/extension.js:2:2020977)
	at Generator.next (/home/smitee/.vscode/extensions/codeium.codeium-1.42.3/dist/extension.js:2:2020064)
	at a (/home/smitee/.vscode/extensions/codeium.codeium-1.42.3/dist/extension.js:2:2026191)
	at s (/home/smitee/.vscode/extensions/codeium.codeium-1.42.3/dist/extension.js:2:2026394)
	at /home/smitee/.vscode/extensions/codeium.codeium-1.42.3/dist/extension.js:2:2026453
	at new Promise (<anonymous>)
	at e.<anonymous> (/home/smitee/.vscode/extensions/codeium.codeium-1.42.3/dist/extension.js:2:2026334)
	at e.<anonymous> (/home/smitee/.vscode/extensions/codeium.codeium-1.42.3/dist/extension.js:2:2034987)
	at e.<anonymous> (/home/smitee/.vscode/extensions/codeium.codeium-1.42.3/dist/extension.js:2:1977620)
	at d (/home/smitee/.vscode/extensions/codeium.codeium-1.42.3/dist/extension.js:2:1964951)
	at Generator.<anonymous> (/home/smitee/.vscode/extensions/codeium.codeium-1.42.3/dist/extension.js:2:1966293)
	at Generator.next (/home/smitee/.vscode/extensions/codeium.codeium-1.42.3/dist/extension.js:2:1965380)
	at s (/home/smitee/.vscode/extensions/codeium.codeium-1.42.3/dist/extension.js:2:1971867)
	at a (/home/smitee/.vscode/extensions/codeium.codeium-1.42.3/dist/extension.js:2:1972070)
	at /home/smitee/.vscode/extensions/codeium.codeium-1.42.3/dist/extension.js:2:1972129
	at new Promise (<anonymous>)
	at e.<anonymous> (/home/smitee/.vscode/extensions/codeium.codeium-1.42.3/dist/extension.js:2:1972010)
	at e.<anonymous> (/home/smitee/.vscode/extensions/codeium.codeium-1.42.3/dist/extension.js:2:1978243)
	at e.<anonymous> (/home/smitee/.vscode/extensions/codeium.codeium-1.42.3/dist/extension.js:2:1976812)
	at d (/home/smitee/.vscode/extensions/codeium.codeium-1.42.3/dist/extension.js:2:1964951)
	at Generator.<anonymous> (/home/smitee/.vscode/extensions/codeium.codeium-1.42.3/dist/extension.js:2:1966293)
	at Generator.next (/home/smitee/.vscode/extensions/codeium.codeium-1.42.3/dist/extension.js:2:1965380)
	at s (/home/smitee/.vscode/extensions/codeium.codeium-1.42.3/dist/extension.js:2:1971867)
	at a (/home/smitee/.vscode/extensions/codeium.codeium-1.42.3/dist/extension.js:2:1972070)
	at /home/smitee/.vscode/extensions/codeium.codeium-1.42.3/dist/extension.js:2:1972129
	at new Promise (<anonymous>)
	at e.<anonymous> (/home/smitee/.vscode/extensions/codeium.codeium-1.42.3/dist/extension.js:2:1972010)
	at e.<anonymous> (/home/smitee/.vscode/extensions/codeium.codeium-1.42.3/dist/extension.js:2:1977055)
	at Immediate.<anonymous> (/home/smitee/.vscode/extensions/codeium.codeium-1.42.3/dist/extension.js:2:1974473)
	at process.processImmediate (node:internal/timers:483:21)
2025-03-28 15:34:46.294 [error] Error: Illegal value for `line`
	at LU.u (file:///opt/visual-studio-code/resources/app/out/vs/workbench/api/node/extensionHostProcess.js:119:1045)
	at Object.lineAt (file:///opt/visual-studio-code/resources/app/out/vs/workbench/api/node/extensionHostProcess.js:119:72)
	at e.getCommandEditHints (/home/smitee/.vscode/extensions/codeium.codeium-1.42.3/dist/extension.js:2:2031669)
	at e.getNonCachedDocumentResults (/home/smitee/.vscode/extensions/codeium.codeium-1.42.3/dist/extension.js:2:2033348)
	at e.<anonymous> (/home/smitee/.vscode/extensions/codeium.codeium-1.42.3/dist/extension.js:2:2034413)
	at d (/home/smitee/.vscode/extensions/codeium.codeium-1.42.3/dist/extension.js:2:2019635)
	at Generator.<anonymous> (/home/smitee/.vscode/extensions/codeium.codeium-1.42.3/dist/extension.js:2:2020977)
	at Generator.next (/home/smitee/.vscode/extensions/codeium.codeium-1.42.3/dist/extension.js:2:2020064)
	at a (/home/smitee/.vscode/extensions/codeium.codeium-1.42.3/dist/extension.js:2:2026191)
	at s (/home/smitee/.vscode/extensions/codeium.codeium-1.42.3/dist/extension.js:2:2026394)
	at /home/smitee/.vscode/extensions/codeium.codeium-1.42.3/dist/extension.js:2:2026453
	at new Promise (<anonymous>)
	at e.<anonymous> (/home/smitee/.vscode/extensions/codeium.codeium-1.42.3/dist/extension.js:2:2026334)
	at e.<anonymous> (/home/smitee/.vscode/extensions/codeium.codeium-1.42.3/dist/extension.js:2:2034987)
	at e.<anonymous> (/home/smitee/.vscode/extensions/codeium.codeium-1.42.3/dist/extension.js:2:1977620)
	at d (/home/smitee/.vscode/extensions/codeium.codeium-1.42.3/dist/extension.js:2:1964951)
	at Generator.<anonymous> (/home/smitee/.vscode/extensions/codeium.codeium-1.42.3/dist/extension.js:2:1966293)
	at Generator.next (/home/smitee/.vscode/extensions/codeium.codeium-1.42.3/dist/extension.js:2:1965380)
	at s (/home/smitee/.vscode/extensions/codeium.codeium-1.42.3/dist/extension.js:2:1971867)
	at a (/home/smitee/.vscode/extensions/codeium.codeium-1.42.3/dist/extension.js:2:1972070)
	at /home/smitee/.vscode/extensions/codeium.codeium-1.42.3/dist/extension.js:2:1972129
	at new Promise (<anonymous>)
	at e.<anonymous> (/home/smitee/.vscode/extensions/codeium.codeium-1.42.3/dist/extension.js:2:1972010)
	at e.<anonymous> (/home/smitee/.vscode/extensions/codeium.codeium-1.42.3/dist/extension.js:2:1978243)
	at e.<anonymous> (/home/smitee/.vscode/extensions/codeium.codeium-1.42.3/dist/extension.js:2:1976812)
	at d (/home/smitee/.vscode/extensions/codeium.codeium-1.42.3/dist/extension.js:2:1964951)
	at Generator.<anonymous> (/home/smitee/.vscode/extensions/codeium.codeium-1.42.3/dist/extension.js:2:1966293)
	at Generator.next (/home/smitee/.vscode/extensions/codeium.codeium-1.42.3/dist/extension.js:2:1965380)
	at s (/home/smitee/.vscode/extensions/codeium.codeium-1.42.3/dist/extension.js:2:1971867)
	at a (/home/smitee/.vscode/extensions/codeium.codeium-1.42.3/dist/extension.js:2:1972070)
	at /home/smitee/.vscode/extensions/codeium.codeium-1.42.3/dist/extension.js:2:1972129
	at new Promise (<anonymous>)
	at e.<anonymous> (/home/smitee/.vscode/extensions/codeium.codeium-1.42.3/dist/extension.js:2:1972010)
	at e.<anonymous> (/home/smitee/.vscode/extensions/codeium.codeium-1.42.3/dist/extension.js:2:1977055)
	at Immediate.<anonymous> (/home/smitee/.vscode/extensions/codeium.codeium-1.42.3/dist/extension.js:2:1974473)
	at process.processImmediate (node:internal/timers:483:21)
2025-03-28 15:34:46.296 [error] Error: Illegal value for `line`
	at LU.u (file:///opt/visual-studio-code/resources/app/out/vs/workbench/api/node/extensionHostProcess.js:119:1045)
	at Object.lineAt (file:///opt/visual-studio-code/resources/app/out/vs/workbench/api/node/extensionHostProcess.js:119:72)
	at e.getCommandEditHints (/home/smitee/.vscode/extensions/codeium.codeium-1.42.3/dist/extension.js:2:2031669)
	at e.getNonCachedDocumentResults (/home/smitee/.vscode/extensions/codeium.codeium-1.42.3/dist/extension.js:2:2033348)
	at e.<anonymous> (/home/smitee/.vscode/extensions/codeium.codeium-1.42.3/dist/extension.js:2:2034413)
	at d (/home/smitee/.vscode/extensions/codeium.codeium-1.42.3/dist/extension.js:2:2019635)
	at Generator.<anonymous> (/home/smitee/.vscode/extensions/codeium.codeium-1.42.3/dist/extension.js:2:2020977)
	at Generator.next (/home/smitee/.vscode/extensions/codeium.codeium-1.42.3/dist/extension.js:2:2020064)
	at a (/home/smitee/.vscode/extensions/codeium.codeium-1.42.3/dist/extension.js:2:2026191)
	at s (/home/smitee/.vscode/extensions/codeium.codeium-1.42.3/dist/extension.js:2:2026394)
	at /home/smitee/.vscode/extensions/codeium.codeium-1.42.3/dist/extension.js:2:2026453
	at new Promise (<anonymous>)
	at e.<anonymous> (/home/smitee/.vscode/extensions/codeium.codeium-1.42.3/dist/extension.js:2:2026334)
	at e.<anonymous> (/home/smitee/.vscode/extensions/codeium.codeium-1.42.3/dist/extension.js:2:2034987)
	at e.<anonymous> (/home/smitee/.vscode/extensions/codeium.codeium-1.42.3/dist/extension.js:2:1977620)
	at d (/home/smitee/.vscode/extensions/codeium.codeium-1.42.3/dist/extension.js:2:1964951)
	at Generator.<anonymous> (/home/smitee/.vscode/extensions/codeium.codeium-1.42.3/dist/extension.js:2:1966293)
	at Generator.next (/home/smitee/.vscode/extensions/codeium.codeium-1.42.3/dist/extension.js:2:1965380)
	at s (/home/smitee/.vscode/extensions/codeium.codeium-1.42.3/dist/extension.js:2:1971867)
	at a (/home/smitee/.vscode/extensions/codeium.codeium-1.42.3/dist/extension.js:2:1972070)
	at /home/smitee/.vscode/extensions/codeium.codeium-1.42.3/dist/extension.js:2:1972129
	at new Promise (<anonymous>)
	at e.<anonymous> (/home/smitee/.vscode/extensions/codeium.codeium-1.42.3/dist/extension.js:2:1972010)
	at e.<anonymous> (/home/smitee/.vscode/extensions/codeium.codeium-1.42.3/dist/extension.js:2:1978243)
	at e.<anonymous> (/home/smitee/.vscode/extensions/codeium.codeium-1.42.3/dist/extension.js:2:1976812)
	at d (/home/smitee/.vscode/extensions/codeium.codeium-1.42.3/dist/extension.js:2:1964951)
	at Generator.<anonymous> (/home/smitee/.vscode/extensions/codeium.codeium-1.42.3/dist/extension.js:2:1966293)
	at Generator.next (/home/smitee/.vscode/extensions/codeium.codeium-1.42.3/dist/extension.js:2:1965380)
	at s (/home/smitee/.vscode/extensions/codeium.codeium-1.42.3/dist/extension.js:2:1971867)
	at a (/home/smitee/.vscode/extensions/codeium.codeium-1.42.3/dist/extension.js:2:1972070)
	at /home/smitee/.vscode/extensions/codeium.codeium-1.42.3/dist/extension.js:2:1972129
	at new Promise (<anonymous>)
	at e.<anonymous> (/home/smitee/.vscode/extensions/codeium.codeium-1.42.3/dist/extension.js:2:1972010)
	at e.<anonymous> (/home/smitee/.vscode/extensions/codeium.codeium-1.42.3/dist/extension.js:2:1977055)
	at Immediate.<anonymous> (/home/smitee/.vscode/extensions/codeium.codeium-1.42.3/dist/extension.js:2:1974473)
	at process.processImmediate (node:internal/timers:483:21)
2025-03-28 15:34:58.198 [error] Error: Illegal value for `line`
	at LU.u (file:///opt/visual-studio-code/resources/app/out/vs/workbench/api/node/extensionHostProcess.js:119:1045)
	at Object.lineAt (file:///opt/visual-studio-code/resources/app/out/vs/workbench/api/node/extensionHostProcess.js:119:72)
	at e.getCommandEditHints (/home/smitee/.vscode/extensions/codeium.codeium-1.42.3/dist/extension.js:2:2031669)
	at e.getNonCachedDocumentResults (/home/smitee/.vscode/extensions/codeium.codeium-1.42.3/dist/extension.js:2:2033348)
	at e.<anonymous> (/home/smitee/.vscode/extensions/codeium.codeium-1.42.3/dist/extension.js:2:2034413)
	at d (/home/smitee/.vscode/extensions/codeium.codeium-1.42.3/dist/extension.js:2:2019635)
	at Generator.<anonymous> (/home/smitee/.vscode/extensions/codeium.codeium-1.42.3/dist/extension.js:2:2020977)
	at Generator.next (/home/smitee/.vscode/extensions/codeium.codeium-1.42.3/dist/extension.js:2:2020064)
	at a (/home/smitee/.vscode/extensions/codeium.codeium-1.42.3/dist/extension.js:2:2026191)
	at s (/home/smitee/.vscode/extensions/codeium.codeium-1.42.3/dist/extension.js:2:2026394)
	at /home/smitee/.vscode/extensions/codeium.codeium-1.42.3/dist/extension.js:2:2026453
	at new Promise (<anonymous>)
	at e.<anonymous> (/home/smitee/.vscode/extensions/codeium.codeium-1.42.3/dist/extension.js:2:2026334)
	at e.<anonymous> (/home/smitee/.vscode/extensions/codeium.codeium-1.42.3/dist/extension.js:2:2034987)
	at e.<anonymous> (/home/smitee/.vscode/extensions/codeium.codeium-1.42.3/dist/extension.js:2:1977620)
	at d (/home/smitee/.vscode/extensions/codeium.codeium-1.42.3/dist/extension.js:2:1964951)
	at Generator.<anonymous> (/home/smitee/.vscode/extensions/codeium.codeium-1.42.3/dist/extension.js:2:1966293)
	at Generator.next (/home/smitee/.vscode/extensions/codeium.codeium-1.42.3/dist/extension.js:2:1965380)
	at s (/home/smitee/.vscode/extensions/codeium.codeium-1.42.3/dist/extension.js:2:1971867)
	at a (/home/smitee/.vscode/extensions/codeium.codeium-1.42.3/dist/extension.js:2:1972070)
	at /home/smitee/.vscode/extensions/codeium.codeium-1.42.3/dist/extension.js:2:1972129
	at new Promise (<anonymous>)
	at e.<anonymous> (/home/smitee/.vscode/extensions/codeium.codeium-1.42.3/dist/extension.js:2:1972010)
	at e.<anonymous> (/home/smitee/.vscode/extensions/codeium.codeium-1.42.3/dist/extension.js:2:1978243)
	at e.<anonymous> (/home/smitee/.vscode/extensions/codeium.codeium-1.42.3/dist/extension.js:2:1976812)
	at d (/home/smitee/.vscode/extensions/codeium.codeium-1.42.3/dist/extension.js:2:1964951)
	at Generator.<anonymous> (/home/smitee/.vscode/extensions/codeium.codeium-1.42.3/dist/extension.js:2:1966293)
	at Generator.next (/home/smitee/.vscode/extensions/codeium.codeium-1.42.3/dist/extension.js:2:1965380)
	at s (/home/smitee/.vscode/extensions/codeium.codeium-1.42.3/dist/extension.js:2:1971867)
	at a (/home/smitee/.vscode/extensions/codeium.codeium-1.42.3/dist/extension.js:2:1972070)
	at /home/smitee/.vscode/extensions/codeium.codeium-1.42.3/dist/extension.js:2:1972129
	at new Promise (<anonymous>)
	at e.<anonymous> (/home/smitee/.vscode/extensions/codeium.codeium-1.42.3/dist/extension.js:2:1972010)
	at e.<anonymous> (/home/smitee/.vscode/extensions/codeium.codeium-1.42.3/dist/extension.js:2:1977055)
	at Immediate.<anonymous> (/home/smitee/.vscode/extensions/codeium.codeium-1.42.3/dist/extension.js:2:1974473)
	at process.processImmediate (node:internal/timers:483:21)
2025-03-28 15:34:58.200 [error] Error: Illegal value for `line`
	at LU.u (file:///opt/visual-studio-code/resources/app/out/vs/workbench/api/node/extensionHostProcess.js:119:1045)
	at Object.lineAt (file:///opt/visual-studio-code/resources/app/out/vs/workbench/api/node/extensionHostProcess.js:119:72)
	at e.getCommandEditHints (/home/smitee/.vscode/extensions/codeium.codeium-1.42.3/dist/extension.js:2:2031669)
	at e.getNonCachedDocumentResults (/home/smitee/.vscode/extensions/codeium.codeium-1.42.3/dist/extension.js:2:2033348)
	at e.<anonymous> (/home/smitee/.vscode/extensions/codeium.codeium-1.42.3/dist/extension.js:2:2034413)
	at d (/home/smitee/.vscode/extensions/codeium.codeium-1.42.3/dist/extension.js:2:2019635)
	at Generator.<anonymous> (/home/smitee/.vscode/extensions/codeium.codeium-1.42.3/dist/extension.js:2:2020977)
	at Generator.next (/home/smitee/.vscode/extensions/codeium.codeium-1.42.3/dist/extension.js:2:2020064)
	at a (/home/smitee/.vscode/extensions/codeium.codeium-1.42.3/dist/extension.js:2:2026191)
	at s (/home/smitee/.vscode/extensions/codeium.codeium-1.42.3/dist/extension.js:2:2026394)
	at /home/smitee/.vscode/extensions/codeium.codeium-1.42.3/dist/extension.js:2:2026453
	at new Promise (<anonymous>)
	at e.<anonymous> (/home/smitee/.vscode/extensions/codeium.codeium-1.42.3/dist/extension.js:2:2026334)
	at e.<anonymous> (/home/smitee/.vscode/extensions/codeium.codeium-1.42.3/dist/extension.js:2:2034987)
	at e.<anonymous> (/home/smitee/.vscode/extensions/codeium.codeium-1.42.3/dist/extension.js:2:1977620)
	at d (/home/smitee/.vscode/extensions/codeium.codeium-1.42.3/dist/extension.js:2:1964951)
	at Generator.<anonymous> (/home/smitee/.vscode/extensions/codeium.codeium-1.42.3/dist/extension.js:2:1966293)
	at Generator.next (/home/smitee/.vscode/extensions/codeium.codeium-1.42.3/dist/extension.js:2:1965380)
	at s (/home/smitee/.vscode/extensions/codeium.codeium-1.42.3/dist/extension.js:2:1971867)
	at a (/home/smitee/.vscode/extensions/codeium.codeium-1.42.3/dist/extension.js:2:1972070)
	at /home/smitee/.vscode/extensions/codeium.codeium-1.42.3/dist/extension.js:2:1972129
	at new Promise (<anonymous>)
	at e.<anonymous> (/home/smitee/.vscode/extensions/codeium.codeium-1.42.3/dist/extension.js:2:1972010)
	at e.<anonymous> (/home/smitee/.vscode/extensions/codeium.codeium-1.42.3/dist/extension.js:2:1978243)
	at e.<anonymous> (/home/smitee/.vscode/extensions/codeium.codeium-1.42.3/dist/extension.js:2:1976812)
	at d (/home/smitee/.vscode/extensions/codeium.codeium-1.42.3/dist/extension.js:2:1964951)
	at Generator.<anonymous> (/home/smitee/.vscode/extensions/codeium.codeium-1.42.3/dist/extension.js:2:1966293)
	at Generator.next (/home/smitee/.vscode/extensions/codeium.codeium-1.42.3/dist/extension.js:2:1965380)
	at s (/home/smitee/.vscode/extensions/codeium.codeium-1.42.3/dist/extension.js:2:1971867)
	at a (/home/smitee/.vscode/extensions/codeium.codeium-1.42.3/dist/extension.js:2:1972070)
	at /home/smitee/.vscode/extensions/codeium.codeium-1.42.3/dist/extension.js:2:1972129
	at new Promise (<anonymous>)
	at e.<anonymous> (/home/smitee/.vscode/extensions/codeium.codeium-1.42.3/dist/extension.js:2:1972010)
	at e.<anonymous> (/home/smitee/.vscode/extensions/codeium.codeium-1.42.3/dist/extension.js:2:1977055)
	at Immediate.<anonymous> (/home/smitee/.vscode/extensions/codeium.codeium-1.42.3/dist/extension.js:2:1974473)
	at process.processImmediate (node:internal/timers:483:21)
2025-03-28 15:36:13.741 [error] Error: Illegal value for `line`
	at LU.u (file:///opt/visual-studio-code/resources/app/out/vs/workbench/api/node/extensionHostProcess.js:119:1045)
	at Object.lineAt (file:///opt/visual-studio-code/resources/app/out/vs/workbench/api/node/extensionHostProcess.js:119:72)
	at e.getCommandEditHints (/home/smitee/.vscode/extensions/codeium.codeium-1.42.3/dist/extension.js:2:2031669)
	at e.getNonCachedDocumentResults (/home/smitee/.vscode/extensions/codeium.codeium-1.42.3/dist/extension.js:2:2033348)
	at e.<anonymous> (/home/smitee/.vscode/extensions/codeium.codeium-1.42.3/dist/extension.js:2:2034413)
	at d (/home/smitee/.vscode/extensions/codeium.codeium-1.42.3/dist/extension.js:2:2019635)
	at Generator.<anonymous> (/home/smitee/.vscode/extensions/codeium.codeium-1.42.3/dist/extension.js:2:2020977)
	at Generator.next (/home/smitee/.vscode/extensions/codeium.codeium-1.42.3/dist/extension.js:2:2020064)
	at a (/home/smitee/.vscode/extensions/codeium.codeium-1.42.3/dist/extension.js:2:2026191)
	at s (/home/smitee/.vscode/extensions/codeium.codeium-1.42.3/dist/extension.js:2:2026394)
	at /home/smitee/.vscode/extensions/codeium.codeium-1.42.3/dist/extension.js:2:2026453
	at new Promise (<anonymous>)
	at e.<anonymous> (/home/smitee/.vscode/extensions/codeium.codeium-1.42.3/dist/extension.js:2:2026334)
	at e.<anonymous> (/home/smitee/.vscode/extensions/codeium.codeium-1.42.3/dist/extension.js:2:2034987)
	at e.<anonymous> (/home/smitee/.vscode/extensions/codeium.codeium-1.42.3/dist/extension.js:2:1977620)
	at d (/home/smitee/.vscode/extensions/codeium.codeium-1.42.3/dist/extension.js:2:1964951)
	at Generator.<anonymous> (/home/smitee/.vscode/extensions/codeium.codeium-1.42.3/dist/extension.js:2:1966293)
	at Generator.next (/home/smitee/.vscode/extensions/codeium.codeium-1.42.3/dist/extension.js:2:1965380)
	at s (/home/smitee/.vscode/extensions/codeium.codeium-1.42.3/dist/extension.js:2:1971867)
	at a (/home/smitee/.vscode/extensions/codeium.codeium-1.42.3/dist/extension.js:2:1972070)
	at /home/smitee/.vscode/extensions/codeium.codeium-1.42.3/dist/extension.js:2:1972129
	at new Promise (<anonymous>)
	at e.<anonymous> (/home/smitee/.vscode/extensions/codeium.codeium-1.42.3/dist/extension.js:2:1972010)
	at e.<anonymous> (/home/smitee/.vscode/extensions/codeium.codeium-1.42.3/dist/extension.js:2:1978243)
	at e.<anonymous> (/home/smitee/.vscode/extensions/codeium.codeium-1.42.3/dist/extension.js:2:1976812)
	at d (/home/smitee/.vscode/extensions/codeium.codeium-1.42.3/dist/extension.js:2:1964951)
	at Generator.<anonymous> (/home/smitee/.vscode/extensions/codeium.codeium-1.42.3/dist/extension.js:2:1966293)
	at Generator.next (/home/smitee/.vscode/extensions/codeium.codeium-1.42.3/dist/extension.js:2:1965380)
	at s (/home/smitee/.vscode/extensions/codeium.codeium-1.42.3/dist/extension.js:2:1971867)
	at a (/home/smitee/.vscode/extensions/codeium.codeium-1.42.3/dist/extension.js:2:1972070)
	at /home/smitee/.vscode/extensions/codeium.codeium-1.42.3/dist/extension.js:2:1972129
	at new Promise (<anonymous>)
	at e.<anonymous> (/home/smitee/.vscode/extensions/codeium.codeium-1.42.3/dist/extension.js:2:1972010)
	at e.<anonymous> (/home/smitee/.vscode/extensions/codeium.codeium-1.42.3/dist/extension.js:2:1977055)
	at Immediate.<anonymous> (/home/smitee/.vscode/extensions/codeium.codeium-1.42.3/dist/extension.js:2:1974473)
	at process.processImmediate (node:internal/timers:483:21)
2025-03-28 15:37:39.531 [error] Error: Illegal value for `line`
	at LU.u (file:///opt/visual-studio-code/resources/app/out/vs/workbench/api/node/extensionHostProcess.js:119:1045)
	at Object.lineAt (file:///opt/visual-studio-code/resources/app/out/vs/workbench/api/node/extensionHostProcess.js:119:72)
	at e.getCommandEditHints (/home/smitee/.vscode/extensions/codeium.codeium-1.42.3/dist/extension.js:2:2031669)
	at e.getNonCachedDocumentResults (/home/smitee/.vscode/extensions/codeium.codeium-1.42.3/dist/extension.js:2:2033348)
	at e.<anonymous> (/home/smitee/.vscode/extensions/codeium.codeium-1.42.3/dist/extension.js:2:2034413)
	at d (/home/smitee/.vscode/extensions/codeium.codeium-1.42.3/dist/extension.js:2:2019635)
	at Generator.<anonymous> (/home/smitee/.vscode/extensions/codeium.codeium-1.42.3/dist/extension.js:2:2020977)
	at Generator.next (/home/smitee/.vscode/extensions/codeium.codeium-1.42.3/dist/extension.js:2:2020064)
	at a (/home/smitee/.vscode/extensions/codeium.codeium-1.42.3/dist/extension.js:2:2026191)
	at s (/home/smitee/.vscode/extensions/codeium.codeium-1.42.3/dist/extension.js:2:2026394)
	at /home/smitee/.vscode/extensions/codeium.codeium-1.42.3/dist/extension.js:2:2026453
	at new Promise (<anonymous>)
	at e.<anonymous> (/home/smitee/.vscode/extensions/codeium.codeium-1.42.3/dist/extension.js:2:2026334)
	at e.<anonymous> (/home/smitee/.vscode/extensions/codeium.codeium-1.42.3/dist/extension.js:2:2034987)
	at e.<anonymous> (/home/smitee/.vscode/extensions/codeium.codeium-1.42.3/dist/extension.js:2:1977620)
	at d (/home/smitee/.vscode/extensions/codeium.codeium-1.42.3/dist/extension.js:2:1964951)
	at Generator.<anonymous> (/home/smitee/.vscode/extensions/codeium.codeium-1.42.3/dist/extension.js:2:1966293)
	at Generator.next (/home/smitee/.vscode/extensions/codeium.codeium-1.42.3/dist/extension.js:2:1965380)
	at s (/home/smitee/.vscode/extensions/codeium.codeium-1.42.3/dist/extension.js:2:1971867)
	at a (/home/smitee/.vscode/extensions/codeium.codeium-1.42.3/dist/extension.js:2:1972070)
	at /home/smitee/.vscode/extensions/codeium.codeium-1.42.3/dist/extension.js:2:1972129
	at new Promise (<anonymous>)
	at e.<anonymous> (/home/smitee/.vscode/extensions/codeium.codeium-1.42.3/dist/extension.js:2:1972010)
	at e.<anonymous> (/home/smitee/.vscode/extensions/codeium.codeium-1.42.3/dist/extension.js:2:1978243)
	at e.<anonymous> (/home/smitee/.vscode/extensions/codeium.codeium-1.42.3/dist/extension.js:2:1976812)
	at d (/home/smitee/.vscode/extensions/codeium.codeium-1.42.3/dist/extension.js:2:1964951)
	at Generator.<anonymous> (/home/smitee/.vscode/extensions/codeium.codeium-1.42.3/dist/extension.js:2:1966293)
	at Generator.next (/home/smitee/.vscode/extensions/codeium.codeium-1.42.3/dist/extension.js:2:1965380)
	at s (/home/smitee/.vscode/extensions/codeium.codeium-1.42.3/dist/extension.js:2:1971867)
	at a (/home/smitee/.vscode/extensions/codeium.codeium-1.42.3/dist/extension.js:2:1972070)
	at /home/smitee/.vscode/extensions/codeium.codeium-1.42.3/dist/extension.js:2:1972129
	at new Promise (<anonymous>)
	at e.<anonymous> (/home/smitee/.vscode/extensions/codeium.codeium-1.42.3/dist/extension.js:2:1972010)
	at e.<anonymous> (/home/smitee/.vscode/extensions/codeium.codeium-1.42.3/dist/extension.js:2:1977055)
	at Immediate.<anonymous> (/home/smitee/.vscode/extensions/codeium.codeium-1.42.3/dist/extension.js:2:1974473)
	at process.processImmediate (node:internal/timers:483:21)
2025-03-28 15:37:48.598 [error] Error: Illegal value for `line`
	at LU.u (file:///opt/visual-studio-code/resources/app/out/vs/workbench/api/node/extensionHostProcess.js:119:1045)
	at Object.lineAt (file:///opt/visual-studio-code/resources/app/out/vs/workbench/api/node/extensionHostProcess.js:119:72)
	at e.getCommandEditHints (/home/smitee/.vscode/extensions/codeium.codeium-1.42.3/dist/extension.js:2:2031669)
	at e.getNonCachedDocumentResults (/home/smitee/.vscode/extensions/codeium.codeium-1.42.3/dist/extension.js:2:2033348)
	at e.<anonymous> (/home/smitee/.vscode/extensions/codeium.codeium-1.42.3/dist/extension.js:2:2034413)
	at d (/home/smitee/.vscode/extensions/codeium.codeium-1.42.3/dist/extension.js:2:2019635)
	at Generator.<anonymous> (/home/smitee/.vscode/extensions/codeium.codeium-1.42.3/dist/extension.js:2:2020977)
	at Generator.next (/home/smitee/.vscode/extensions/codeium.codeium-1.42.3/dist/extension.js:2:2020064)
	at a (/home/smitee/.vscode/extensions/codeium.codeium-1.42.3/dist/extension.js:2:2026191)
	at s (/home/smitee/.vscode/extensions/codeium.codeium-1.42.3/dist/extension.js:2:2026394)
	at /home/smitee/.vscode/extensions/codeium.codeium-1.42.3/dist/extension.js:2:2026453
	at new Promise (<anonymous>)
	at e.<anonymous> (/home/smitee/.vscode/extensions/codeium.codeium-1.42.3/dist/extension.js:2:2026334)
	at e.<anonymous> (/home/smitee/.vscode/extensions/codeium.codeium-1.42.3/dist/extension.js:2:2034987)
	at e.<anonymous> (/home/smitee/.vscode/extensions/codeium.codeium-1.42.3/dist/extension.js:2:1977620)
	at d (/home/smitee/.vscode/extensions/codeium.codeium-1.42.3/dist/extension.js:2:1964951)
	at Generator.<anonymous> (/home/smitee/.vscode/extensions/codeium.codeium-1.42.3/dist/extension.js:2:1966293)
	at Generator.next (/home/smitee/.vscode/extensions/codeium.codeium-1.42.3/dist/extension.js:2:1965380)
	at s (/home/smitee/.vscode/extensions/codeium.codeium-1.42.3/dist/extension.js:2:1971867)
	at a (/home/smitee/.vscode/extensions/codeium.codeium-1.42.3/dist/extension.js:2:1972070)
	at /home/smitee/.vscode/extensions/codeium.codeium-1.42.3/dist/extension.js:2:1972129
	at new Promise (<anonymous>)
	at e.<anonymous> (/home/smitee/.vscode/extensions/codeium.codeium-1.42.3/dist/extension.js:2:1972010)
	at e.<anonymous> (/home/smitee/.vscode/extensions/codeium.codeium-1.42.3/dist/extension.js:2:1978243)
	at e.<anonymous> (/home/smitee/.vscode/extensions/codeium.codeium-1.42.3/dist/extension.js:2:1976812)
	at d (/home/smitee/.vscode/extensions/codeium.codeium-1.42.3/dist/extension.js:2:1964951)
	at Generator.<anonymous> (/home/smitee/.vscode/extensions/codeium.codeium-1.42.3/dist/extension.js:2:1966293)
	at Generator.next (/home/smitee/.vscode/extensions/codeium.codeium-1.42.3/dist/extension.js:2:1965380)
	at s (/home/smitee/.vscode/extensions/codeium.codeium-1.42.3/dist/extension.js:2:1971867)
	at a (/home/smitee/.vscode/extensions/codeium.codeium-1.42.3/dist/extension.js:2:1972070)
	at /home/smitee/.vscode/extensions/codeium.codeium-1.42.3/dist/extension.js:2:1972129
	at new Promise (<anonymous>)
	at e.<anonymous> (/home/smitee/.vscode/extensions/codeium.codeium-1.42.3/dist/extension.js:2:1972010)
	at e.<anonymous> (/home/smitee/.vscode/extensions/codeium.codeium-1.42.3/dist/extension.js:2:1977055)
	at Immediate.<anonymous> (/home/smitee/.vscode/extensions/codeium.codeium-1.42.3/dist/extension.js:2:1974473)
	at process.processImmediate (node:internal/timers:483:21)
2025-03-28 15:37:48.600 [error] Error: Illegal value for `line`
	at LU.u (file:///opt/visual-studio-code/resources/app/out/vs/workbench/api/node/extensionHostProcess.js:119:1045)
	at Object.lineAt (file:///opt/visual-studio-code/resources/app/out/vs/workbench/api/node/extensionHostProcess.js:119:72)
	at e.getCommandEditHints (/home/smitee/.vscode/extensions/codeium.codeium-1.42.3/dist/extension.js:2:2031669)
	at e.getNonCachedDocumentResults (/home/smitee/.vscode/extensions/codeium.codeium-1.42.3/dist/extension.js:2:2033348)
	at e.<anonymous> (/home/smitee/.vscode/extensions/codeium.codeium-1.42.3/dist/extension.js:2:2034413)
	at d (/home/smitee/.vscode/extensions/codeium.codeium-1.42.3/dist/extension.js:2:2019635)
	at Generator.<anonymous> (/home/smitee/.vscode/extensions/codeium.codeium-1.42.3/dist/extension.js:2:2020977)
	at Generator.next (/home/smitee/.vscode/extensions/codeium.codeium-1.42.3/dist/extension.js:2:2020064)
	at a (/home/smitee/.vscode/extensions/codeium.codeium-1.42.3/dist/extension.js:2:2026191)
	at s (/home/smitee/.vscode/extensions/codeium.codeium-1.42.3/dist/extension.js:2:2026394)
	at /home/smitee/.vscode/extensions/codeium.codeium-1.42.3/dist/extension.js:2:2026453
	at new Promise (<anonymous>)
	at e.<anonymous> (/home/smitee/.vscode/extensions/codeium.codeium-1.42.3/dist/extension.js:2:2026334)
	at e.<anonymous> (/home/smitee/.vscode/extensions/codeium.codeium-1.42.3/dist/extension.js:2:2034987)
	at e.<anonymous> (/home/smitee/.vscode/extensions/codeium.codeium-1.42.3/dist/extension.js:2:1977620)
	at d (/home/smitee/.vscode/extensions/codeium.codeium-1.42.3/dist/extension.js:2:1964951)
	at Generator.<anonymous> (/home/smitee/.vscode/extensions/codeium.codeium-1.42.3/dist/extension.js:2:1966293)
	at Generator.next (/home/smitee/.vscode/extensions/codeium.codeium-1.42.3/dist/extension.js:2:1965380)
	at s (/home/smitee/.vscode/extensions/codeium.codeium-1.42.3/dist/extension.js:2:1971867)
	at a (/home/smitee/.vscode/extensions/codeium.codeium-1.42.3/dist/extension.js:2:1972070)
	at /home/smitee/.vscode/extensions/codeium.codeium-1.42.3/dist/extension.js:2:1972129
	at new Promise (<anonymous>)
	at e.<anonymous> (/home/smitee/.vscode/extensions/codeium.codeium-1.42.3/dist/extension.js:2:1972010)
	at e.<anonymous> (/home/smitee/.vscode/extensions/codeium.codeium-1.42.3/dist/extension.js:2:1978243)
	at e.<anonymous> (/home/smitee/.vscode/extensions/codeium.codeium-1.42.3/dist/extension.js:2:1976812)
	at d (/home/smitee/.vscode/extensions/codeium.codeium-1.42.3/dist/extension.js:2:1964951)
	at Generator.<anonymous> (/home/smitee/.vscode/extensions/codeium.codeium-1.42.3/dist/extension.js:2:1966293)
	at Generator.next (/home/smitee/.vscode/extensions/codeium.codeium-1.42.3/dist/extension.js:2:1965380)
	at s (/home/smitee/.vscode/extensions/codeium.codeium-1.42.3/dist/extension.js:2:1971867)
	at a (/home/smitee/.vscode/extensions/codeium.codeium-1.42.3/dist/extension.js:2:1972070)
	at /home/smitee/.vscode/extensions/codeium.codeium-1.42.3/dist/extension.js:2:1972129
	at new Promise (<anonymous>)
	at e.<anonymous> (/home/smitee/.vscode/extensions/codeium.codeium-1.42.3/dist/extension.js:2:1972010)
	at e.<anonymous> (/home/smitee/.vscode/extensions/codeium.codeium-1.42.3/dist/extension.js:2:1977055)
	at Immediate.<anonymous> (/home/smitee/.vscode/extensions/codeium.codeium-1.42.3/dist/extension.js:2:1974473)
	at process.processImmediate (node:internal/timers:483:21)
2025-03-28 15:38:44.394 [error] Error: Illegal value for `line`
	at LU.u (file:///opt/visual-studio-code/resources/app/out/vs/workbench/api/node/extensionHostProcess.js:119:1045)
	at Object.lineAt (file:///opt/visual-studio-code/resources/app/out/vs/workbench/api/node/extensionHostProcess.js:119:72)
	at e.getCommandEditHints (/home/smitee/.vscode/extensions/codeium.codeium-1.42.3/dist/extension.js:2:2031669)
	at e.getNonCachedDocumentResults (/home/smitee/.vscode/extensions/codeium.codeium-1.42.3/dist/extension.js:2:2033348)
	at e.<anonymous> (/home/smitee/.vscode/extensions/codeium.codeium-1.42.3/dist/extension.js:2:2034413)
	at d (/home/smitee/.vscode/extensions/codeium.codeium-1.42.3/dist/extension.js:2:2019635)
	at Generator.<anonymous> (/home/smitee/.vscode/extensions/codeium.codeium-1.42.3/dist/extension.js:2:2020977)
	at Generator.next (/home/smitee/.vscode/extensions/codeium.codeium-1.42.3/dist/extension.js:2:2020064)
	at a (/home/smitee/.vscode/extensions/codeium.codeium-1.42.3/dist/extension.js:2:2026191)
	at s (/home/smitee/.vscode/extensions/codeium.codeium-1.42.3/dist/extension.js:2:2026394)
	at /home/smitee/.vscode/extensions/codeium.codeium-1.42.3/dist/extension.js:2:2026453
	at new Promise (<anonymous>)
	at e.<anonymous> (/home/smitee/.vscode/extensions/codeium.codeium-1.42.3/dist/extension.js:2:2026334)
	at e.<anonymous> (/home/smitee/.vscode/extensions/codeium.codeium-1.42.3/dist/extension.js:2:2034987)
	at e.<anonymous> (/home/smitee/.vscode/extensions/codeium.codeium-1.42.3/dist/extension.js:2:1977620)
	at d (/home/smitee/.vscode/extensions/codeium.codeium-1.42.3/dist/extension.js:2:1964951)
	at Generator.<anonymous> (/home/smitee/.vscode/extensions/codeium.codeium-1.42.3/dist/extension.js:2:1966293)
	at Generator.next (/home/smitee/.vscode/extensions/codeium.codeium-1.42.3/dist/extension.js:2:1965380)
	at s (/home/smitee/.vscode/extensions/codeium.codeium-1.42.3/dist/extension.js:2:1971867)
	at a (/home/smitee/.vscode/extensions/codeium.codeium-1.42.3/dist/extension.js:2:1972070)
	at /home/smitee/.vscode/extensions/codeium.codeium-1.42.3/dist/extension.js:2:1972129
	at new Promise (<anonymous>)
	at e.<anonymous> (/home/smitee/.vscode/extensions/codeium.codeium-1.42.3/dist/extension.js:2:1972010)
	at e.<anonymous> (/home/smitee/.vscode/extensions/codeium.codeium-1.42.3/dist/extension.js:2:1978243)
	at e.<anonymous> (/home/smitee/.vscode/extensions/codeium.codeium-1.42.3/dist/extension.js:2:1976812)
	at d (/home/smitee/.vscode/extensions/codeium.codeium-1.42.3/dist/extension.js:2:1964951)
	at Generator.<anonymous> (/home/smitee/.vscode/extensions/codeium.codeium-1.42.3/dist/extension.js:2:1966293)
	at Generator.next (/home/smitee/.vscode/extensions/codeium.codeium-1.42.3/dist/extension.js:2:1965380)
	at s (/home/smitee/.vscode/extensions/codeium.codeium-1.42.3/dist/extension.js:2:1971867)
	at a (/home/smitee/.vscode/extensions/codeium.codeium-1.42.3/dist/extension.js:2:1972070)
	at /home/smitee/.vscode/extensions/codeium.codeium-1.42.3/dist/extension.js:2:1972129
	at new Promise (<anonymous>)
	at e.<anonymous> (/home/smitee/.vscode/extensions/codeium.codeium-1.42.3/dist/extension.js:2:1972010)
	at e.<anonymous> (/home/smitee/.vscode/extensions/codeium.codeium-1.42.3/dist/extension.js:2:1977055)
	at Immediate.<anonymous> (/home/smitee/.vscode/extensions/codeium.codeium-1.42.3/dist/extension.js:2:1974473)
	at process.processImmediate (node:internal/timers:483:21)
2025-03-28 15:41:45.681 [error] Error: Illegal value for `line`
	at LU.u (file:///opt/visual-studio-code/resources/app/out/vs/workbench/api/node/extensionHostProcess.js:119:1045)
	at Object.lineAt (file:///opt/visual-studio-code/resources/app/out/vs/workbench/api/node/extensionHostProcess.js:119:72)
	at e.getCommandEditHints (/home/smitee/.vscode/extensions/codeium.codeium-1.42.3/dist/extension.js:2:2031669)
	at e.getNonCachedDocumentResults (/home/smitee/.vscode/extensions/codeium.codeium-1.42.3/dist/extension.js:2:2033348)
	at e.<anonymous> (/home/smitee/.vscode/extensions/codeium.codeium-1.42.3/dist/extension.js:2:2034413)
	at d (/home/smitee/.vscode/extensions/codeium.codeium-1.42.3/dist/extension.js:2:2019635)
	at Generator.<anonymous> (/home/smitee/.vscode/extensions/codeium.codeium-1.42.3/dist/extension.js:2:2020977)
	at Generator.next (/home/smitee/.vscode/extensions/codeium.codeium-1.42.3/dist/extension.js:2:2020064)
	at a (/home/smitee/.vscode/extensions/codeium.codeium-1.42.3/dist/extension.js:2:2026191)
	at s (/home/smitee/.vscode/extensions/codeium.codeium-1.42.3/dist/extension.js:2:2026394)
	at /home/smitee/.vscode/extensions/codeium.codeium-1.42.3/dist/extension.js:2:2026453
	at new Promise (<anonymous>)
	at e.<anonymous> (/home/smitee/.vscode/extensions/codeium.codeium-1.42.3/dist/extension.js:2:2026334)
	at e.<anonymous> (/home/smitee/.vscode/extensions/codeium.codeium-1.42.3/dist/extension.js:2:2034987)
	at e.<anonymous> (/home/smitee/.vscode/extensions/codeium.codeium-1.42.3/dist/extension.js:2:1977620)
	at d (/home/smitee/.vscode/extensions/codeium.codeium-1.42.3/dist/extension.js:2:1964951)
	at Generator.<anonymous> (/home/smitee/.vscode/extensions/codeium.codeium-1.42.3/dist/extension.js:2:1966293)
	at Generator.next (/home/smitee/.vscode/extensions/codeium.codeium-1.42.3/dist/extension.js:2:1965380)
	at s (/home/smitee/.vscode/extensions/codeium.codeium-1.42.3/dist/extension.js:2:1971867)
	at a (/home/smitee/.vscode/extensions/codeium.codeium-1.42.3/dist/extension.js:2:1972070)
	at /home/smitee/.vscode/extensions/codeium.codeium-1.42.3/dist/extension.js:2:1972129
	at new Promise (<anonymous>)
	at e.<anonymous> (/home/smitee/.vscode/extensions/codeium.codeium-1.42.3/dist/extension.js:2:1972010)
	at e.<anonymous> (/home/smitee/.vscode/extensions/codeium.codeium-1.42.3/dist/extension.js:2:1978243)
	at e.<anonymous> (/home/smitee/.vscode/extensions/codeium.codeium-1.42.3/dist/extension.js:2:1976812)
	at d (/home/smitee/.vscode/extensions/codeium.codeium-1.42.3/dist/extension.js:2:1964951)
	at Generator.<anonymous> (/home/smitee/.vscode/extensions/codeium.codeium-1.42.3/dist/extension.js:2:1966293)
	at Generator.next (/home/smitee/.vscode/extensions/codeium.codeium-1.42.3/dist/extension.js:2:1965380)
	at s (/home/smitee/.vscode/extensions/codeium.codeium-1.42.3/dist/extension.js:2:1971867)
	at a (/home/smitee/.vscode/extensions/codeium.codeium-1.42.3/dist/extension.js:2:1972070)
	at /home/smitee/.vscode/extensions/codeium.codeium-1.42.3/dist/extension.js:2:1972129
	at new Promise (<anonymous>)
	at e.<anonymous> (/home/smitee/.vscode/extensions/codeium.codeium-1.42.3/dist/extension.js:2:1972010)
	at e.<anonymous> (/home/smitee/.vscode/extensions/codeium.codeium-1.42.3/dist/extension.js:2:1977055)
	at Immediate.<anonymous> (/home/smitee/.vscode/extensions/codeium.codeium-1.42.3/dist/extension.js:2:1974473)
	at process.processImmediate (node:internal/timers:483:21)
2025-03-28 15:41:45.682 [error] Error: Illegal value for `line`
	at LU.u (file:///opt/visual-studio-code/resources/app/out/vs/workbench/api/node/extensionHostProcess.js:119:1045)
	at Object.lineAt (file:///opt/visual-studio-code/resources/app/out/vs/workbench/api/node/extensionHostProcess.js:119:72)
	at e.getCommandEditHints (/home/smitee/.vscode/extensions/codeium.codeium-1.42.3/dist/extension.js:2:2031669)
	at e.getNonCachedDocumentResults (/home/smitee/.vscode/extensions/codeium.codeium-1.42.3/dist/extension.js:2:2033348)
	at e.<anonymous> (/home/smitee/.vscode/extensions/codeium.codeium-1.42.3/dist/extension.js:2:2034413)
	at d (/home/smitee/.vscode/extensions/codeium.codeium-1.42.3/dist/extension.js:2:2019635)
	at Generator.<anonymous> (/home/smitee/.vscode/extensions/codeium.codeium-1.42.3/dist/extension.js:2:2020977)
	at Generator.next (/home/smitee/.vscode/extensions/codeium.codeium-1.42.3/dist/extension.js:2:2020064)
	at a (/home/smitee/.vscode/extensions/codeium.codeium-1.42.3/dist/extension.js:2:2026191)
	at s (/home/smitee/.vscode/extensions/codeium.codeium-1.42.3/dist/extension.js:2:2026394)
	at /home/smitee/.vscode/extensions/codeium.codeium-1.42.3/dist/extension.js:2:2026453
	at new Promise (<anonymous>)
	at e.<anonymous> (/home/smitee/.vscode/extensions/codeium.codeium-1.42.3/dist/extension.js:2:2026334)
	at e.<anonymous> (/home/smitee/.vscode/extensions/codeium.codeium-1.42.3/dist/extension.js:2:2034987)
	at e.<anonymous> (/home/smitee/.vscode/extensions/codeium.codeium-1.42.3/dist/extension.js:2:1977620)
	at d (/home/smitee/.vscode/extensions/codeium.codeium-1.42.3/dist/extension.js:2:1964951)
	at Generator.<anonymous> (/home/smitee/.vscode/extensions/codeium.codeium-1.42.3/dist/extension.js:2:1966293)
	at Generator.next (/home/smitee/.vscode/extensions/codeium.codeium-1.42.3/dist/extension.js:2:1965380)
	at s (/home/smitee/.vscode/extensions/codeium.codeium-1.42.3/dist/extension.js:2:1971867)
	at a (/home/smitee/.vscode/extensions/codeium.codeium-1.42.3/dist/extension.js:2:1972070)
	at /home/smitee/.vscode/extensions/codeium.codeium-1.42.3/dist/extension.js:2:1972129
	at new Promise (<anonymous>)
	at e.<anonymous> (/home/smitee/.vscode/extensions/codeium.codeium-1.42.3/dist/extension.js:2:1972010)
	at e.<anonymous> (/home/smitee/.vscode/extensions/codeium.codeium-1.42.3/dist/extension.js:2:1978243)
	at e.<anonymous> (/home/smitee/.vscode/extensions/codeium.codeium-1.42.3/dist/extension.js:2:1976812)
	at d (/home/smitee/.vscode/extensions/codeium.codeium-1.42.3/dist/extension.js:2:1964951)
	at Generator.<anonymous> (/home/smitee/.vscode/extensions/codeium.codeium-1.42.3/dist/extension.js:2:1966293)
	at Generator.next (/home/smitee/.vscode/extensions/codeium.codeium-1.42.3/dist/extension.js:2:1965380)
	at s (/home/smitee/.vscode/extensions/codeium.codeium-1.42.3/dist/extension.js:2:1971867)
	at a (/home/smitee/.vscode/extensions/codeium.codeium-1.42.3/dist/extension.js:2:1972070)
	at /home/smitee/.vscode/extensions/codeium.codeium-1.42.3/dist/extension.js:2:1972129
	at new Promise (<anonymous>)
	at e.<anonymous> (/home/smitee/.vscode/extensions/codeium.codeium-1.42.3/dist/extension.js:2:1972010)
	at e.<anonymous> (/home/smitee/.vscode/extensions/codeium.codeium-1.42.3/dist/extension.js:2:1977055)
	at Immediate.<anonymous> (/home/smitee/.vscode/extensions/codeium.codeium-1.42.3/dist/extension.js:2:1974473)
	at process.processImmediate (node:internal/timers:483:21)
2025-03-28 15:44:02.145 [error] Error: Illegal value for `line`
	at LU.u (file:///opt/visual-studio-code/resources/app/out/vs/workbench/api/node/extensionHostProcess.js:119:1045)
	at Object.lineAt (file:///opt/visual-studio-code/resources/app/out/vs/workbench/api/node/extensionHostProcess.js:119:72)
	at e.getCommandEditHints (/home/smitee/.vscode/extensions/codeium.codeium-1.42.3/dist/extension.js:2:2031669)
	at e.getNonCachedDocumentResults (/home/smitee/.vscode/extensions/codeium.codeium-1.42.3/dist/extension.js:2:2033348)
	at e.<anonymous> (/home/smitee/.vscode/extensions/codeium.codeium-1.42.3/dist/extension.js:2:2034413)
	at d (/home/smitee/.vscode/extensions/codeium.codeium-1.42.3/dist/extension.js:2:2019635)
	at Generator.<anonymous> (/home/smitee/.vscode/extensions/codeium.codeium-1.42.3/dist/extension.js:2:2020977)
	at Generator.next (/home/smitee/.vscode/extensions/codeium.codeium-1.42.3/dist/extension.js:2:2020064)
	at a (/home/smitee/.vscode/extensions/codeium.codeium-1.42.3/dist/extension.js:2:2026191)
	at s (/home/smitee/.vscode/extensions/codeium.codeium-1.42.3/dist/extension.js:2:2026394)
	at /home/smitee/.vscode/extensions/codeium.codeium-1.42.3/dist/extension.js:2:2026453
	at new Promise (<anonymous>)
	at e.<anonymous> (/home/smitee/.vscode/extensions/codeium.codeium-1.42.3/dist/extension.js:2:2026334)
	at e.<anonymous> (/home/smitee/.vscode/extensions/codeium.codeium-1.42.3/dist/extension.js:2:2034987)
	at e.<anonymous> (/home/smitee/.vscode/extensions/codeium.codeium-1.42.3/dist/extension.js:2:1977620)
	at d (/home/smitee/.vscode/extensions/codeium.codeium-1.42.3/dist/extension.js:2:1964951)
	at Generator.<anonymous> (/home/smitee/.vscode/extensions/codeium.codeium-1.42.3/dist/extension.js:2:1966293)
	at Generator.next (/home/smitee/.vscode/extensions/codeium.codeium-1.42.3/dist/extension.js:2:1965380)
	at s (/home/smitee/.vscode/extensions/codeium.codeium-1.42.3/dist/extension.js:2:1971867)
	at a (/home/smitee/.vscode/extensions/codeium.codeium-1.42.3/dist/extension.js:2:1972070)
	at /home/smitee/.vscode/extensions/codeium.codeium-1.42.3/dist/extension.js:2:1972129
	at new Promise (<anonymous>)
	at e.<anonymous> (/home/smitee/.vscode/extensions/codeium.codeium-1.42.3/dist/extension.js:2:1972010)
	at e.<anonymous> (/home/smitee/.vscode/extensions/codeium.codeium-1.42.3/dist/extension.js:2:1978243)
	at e.<anonymous> (/home/smitee/.vscode/extensions/codeium.codeium-1.42.3/dist/extension.js:2:1976812)
	at d (/home/smitee/.vscode/extensions/codeium.codeium-1.42.3/dist/extension.js:2:1964951)
	at Generator.<anonymous> (/home/smitee/.vscode/extensions/codeium.codeium-1.42.3/dist/extension.js:2:1966293)
	at Generator.next (/home/smitee/.vscode/extensions/codeium.codeium-1.42.3/dist/extension.js:2:1965380)
	at s (/home/smitee/.vscode/extensions/codeium.codeium-1.42.3/dist/extension.js:2:1971867)
	at a (/home/smitee/.vscode/extensions/codeium.codeium-1.42.3/dist/extension.js:2:1972070)
	at /home/smitee/.vscode/extensions/codeium.codeium-1.42.3/dist/extension.js:2:1972129
	at new Promise (<anonymous>)
	at e.<anonymous> (/home/smitee/.vscode/extensions/codeium.codeium-1.42.3/dist/extension.js:2:1972010)
	at e.<anonymous> (/home/smitee/.vscode/extensions/codeium.codeium-1.42.3/dist/extension.js:2:1977055)
	at Immediate.<anonymous> (/home/smitee/.vscode/extensions/codeium.codeium-1.42.3/dist/extension.js:2:1974473)
	at process.processImmediate (node:internal/timers:483:21)
2025-03-28 15:44:02.147 [error] Error: Illegal value for `line`
	at LU.u (file:///opt/visual-studio-code/resources/app/out/vs/workbench/api/node/extensionHostProcess.js:119:1045)
	at Object.lineAt (file:///opt/visual-studio-code/resources/app/out/vs/workbench/api/node/extensionHostProcess.js:119:72)
	at e.getCommandEditHints (/home/smitee/.vscode/extensions/codeium.codeium-1.42.3/dist/extension.js:2:2031669)
	at e.getNonCachedDocumentResults (/home/smitee/.vscode/extensions/codeium.codeium-1.42.3/dist/extension.js:2:2033348)
	at e.<anonymous> (/home/smitee/.vscode/extensions/codeium.codeium-1.42.3/dist/extension.js:2:2034413)
	at d (/home/smitee/.vscode/extensions/codeium.codeium-1.42.3/dist/extension.js:2:2019635)
	at Generator.<anonymous> (/home/smitee/.vscode/extensions/codeium.codeium-1.42.3/dist/extension.js:2:2020977)
	at Generator.next (/home/smitee/.vscode/extensions/codeium.codeium-1.42.3/dist/extension.js:2:2020064)
	at a (/home/smitee/.vscode/extensions/codeium.codeium-1.42.3/dist/extension.js:2:2026191)
	at s (/home/smitee/.vscode/extensions/codeium.codeium-1.42.3/dist/extension.js:2:2026394)
	at /home/smitee/.vscode/extensions/codeium.codeium-1.42.3/dist/extension.js:2:2026453
	at new Promise (<anonymous>)
	at e.<anonymous> (/home/smitee/.vscode/extensions/codeium.codeium-1.42.3/dist/extension.js:2:2026334)
	at e.<anonymous> (/home/smitee/.vscode/extensions/codeium.codeium-1.42.3/dist/extension.js:2:2034987)
	at e.<anonymous> (/home/smitee/.vscode/extensions/codeium.codeium-1.42.3/dist/extension.js:2:1977620)
	at d (/home/smitee/.vscode/extensions/codeium.codeium-1.42.3/dist/extension.js:2:1964951)
	at Generator.<anonymous> (/home/smitee/.vscode/extensions/codeium.codeium-1.42.3/dist/extension.js:2:1966293)
	at Generator.next (/home/smitee/.vscode/extensions/codeium.codeium-1.42.3/dist/extension.js:2:1965380)
	at s (/home/smitee/.vscode/extensions/codeium.codeium-1.42.3/dist/extension.js:2:1971867)
	at a (/home/smitee/.vscode/extensions/codeium.codeium-1.42.3/dist/extension.js:2:1972070)
	at /home/smitee/.vscode/extensions/codeium.codeium-1.42.3/dist/extension.js:2:1972129
	at new Promise (<anonymous>)
	at e.<anonymous> (/home/smitee/.vscode/extensions/codeium.codeium-1.42.3/dist/extension.js:2:1972010)
	at e.<anonymous> (/home/smitee/.vscode/extensions/codeium.codeium-1.42.3/dist/extension.js:2:1978243)
	at e.<anonymous> (/home/smitee/.vscode/extensions/codeium.codeium-1.42.3/dist/extension.js:2:1976812)
	at d (/home/smitee/.vscode/extensions/codeium.codeium-1.42.3/dist/extension.js:2:1964951)
	at Generator.<anonymous> (/home/smitee/.vscode/extensions/codeium.codeium-1.42.3/dist/extension.js:2:1966293)
	at Generator.next (/home/smitee/.vscode/extensions/codeium.codeium-1.42.3/dist/extension.js:2:1965380)
	at s (/home/smitee/.vscode/extensions/codeium.codeium-1.42.3/dist/extension.js:2:1971867)
	at a (/home/smitee/.vscode/extensions/codeium.codeium-1.42.3/dist/extension.js:2:1972070)
	at /home/smitee/.vscode/extensions/codeium.codeium-1.42.3/dist/extension.js:2:1972129
	at new Promise (<anonymous>)
	at e.<anonymous> (/home/smitee/.vscode/extensions/codeium.codeium-1.42.3/dist/extension.js:2:1972010)
	at e.<anonymous> (/home/smitee/.vscode/extensions/codeium.codeium-1.42.3/dist/extension.js:2:1977055)
	at Immediate.<anonymous> (/home/smitee/.vscode/extensions/codeium.codeium-1.42.3/dist/extension.js:2:1974473)
	at process.processImmediate (node:internal/timers:483:21)
2025-03-28 15:56:14.069 [error] Error: Illegal value for `line`
	at LU.u (file:///opt/visual-studio-code/resources/app/out/vs/workbench/api/node/extensionHostProcess.js:119:1045)
	at Object.lineAt (file:///opt/visual-studio-code/resources/app/out/vs/workbench/api/node/extensionHostProcess.js:119:72)
	at e.getCommandEditHints (/home/smitee/.vscode/extensions/codeium.codeium-1.42.3/dist/extension.js:2:2031669)
	at e.getNonCachedDocumentResults (/home/smitee/.vscode/extensions/codeium.codeium-1.42.3/dist/extension.js:2:2033348)
	at e.<anonymous> (/home/smitee/.vscode/extensions/codeium.codeium-1.42.3/dist/extension.js:2:2034413)
	at d (/home/smitee/.vscode/extensions/codeium.codeium-1.42.3/dist/extension.js:2:2019635)
	at Generator.<anonymous> (/home/smitee/.vscode/extensions/codeium.codeium-1.42.3/dist/extension.js:2:2020977)
	at Generator.next (/home/smitee/.vscode/extensions/codeium.codeium-1.42.3/dist/extension.js:2:2020064)
	at a (/home/smitee/.vscode/extensions/codeium.codeium-1.42.3/dist/extension.js:2:2026191)
	at s (/home/smitee/.vscode/extensions/codeium.codeium-1.42.3/dist/extension.js:2:2026394)
	at /home/smitee/.vscode/extensions/codeium.codeium-1.42.3/dist/extension.js:2:2026453
	at new Promise (<anonymous>)
	at e.<anonymous> (/home/smitee/.vscode/extensions/codeium.codeium-1.42.3/dist/extension.js:2:2026334)
	at e.<anonymous> (/home/smitee/.vscode/extensions/codeium.codeium-1.42.3/dist/extension.js:2:2034987)
	at e.<anonymous> (/home/smitee/.vscode/extensions/codeium.codeium-1.42.3/dist/extension.js:2:1977620)
	at d (/home/smitee/.vscode/extensions/codeium.codeium-1.42.3/dist/extension.js:2:1964951)
	at Generator.<anonymous> (/home/smitee/.vscode/extensions/codeium.codeium-1.42.3/dist/extension.js:2:1966293)
	at Generator.next (/home/smitee/.vscode/extensions/codeium.codeium-1.42.3/dist/extension.js:2:1965380)
	at s (/home/smitee/.vscode/extensions/codeium.codeium-1.42.3/dist/extension.js:2:1971867)
	at a (/home/smitee/.vscode/extensions/codeium.codeium-1.42.3/dist/extension.js:2:1972070)
	at /home/smitee/.vscode/extensions/codeium.codeium-1.42.3/dist/extension.js:2:1972129
	at new Promise (<anonymous>)
	at e.<anonymous> (/home/smitee/.vscode/extensions/codeium.codeium-1.42.3/dist/extension.js:2:1972010)
	at e.<anonymous> (/home/smitee/.vscode/extensions/codeium.codeium-1.42.3/dist/extension.js:2:1978243)
	at e.<anonymous> (/home/smitee/.vscode/extensions/codeium.codeium-1.42.3/dist/extension.js:2:1976812)
	at d (/home/smitee/.vscode/extensions/codeium.codeium-1.42.3/dist/extension.js:2:1964951)
	at Generator.<anonymous> (/home/smitee/.vscode/extensions/codeium.codeium-1.42.3/dist/extension.js:2:1966293)
	at Generator.next (/home/smitee/.vscode/extensions/codeium.codeium-1.42.3/dist/extension.js:2:1965380)
	at s (/home/smitee/.vscode/extensions/codeium.codeium-1.42.3/dist/extension.js:2:1971867)
	at a (/home/smitee/.vscode/extensions/codeium.codeium-1.42.3/dist/extension.js:2:1972070)
	at /home/smitee/.vscode/extensions/codeium.codeium-1.42.3/dist/extension.js:2:1972129
	at new Promise (<anonymous>)
	at e.<anonymous> (/home/smitee/.vscode/extensions/codeium.codeium-1.42.3/dist/extension.js:2:1972010)
	at e.<anonymous> (/home/smitee/.vscode/extensions/codeium.codeium-1.42.3/dist/extension.js:2:1977055)
	at Immediate.<anonymous> (/home/smitee/.vscode/extensions/codeium.codeium-1.42.3/dist/extension.js:2:1974473)
	at process.processImmediate (node:internal/timers:483:21)
2025-03-28 16:00:41.474 [error] Error: Illegal value for `line`
	at LU.u (file:///opt/visual-studio-code/resources/app/out/vs/workbench/api/node/extensionHostProcess.js:119:1045)
	at Object.lineAt (file:///opt/visual-studio-code/resources/app/out/vs/workbench/api/node/extensionHostProcess.js:119:72)
	at e.getCommandEditHints (/home/smitee/.vscode/extensions/codeium.codeium-1.42.3/dist/extension.js:2:2031669)
	at e.getNonCachedDocumentResults (/home/smitee/.vscode/extensions/codeium.codeium-1.42.3/dist/extension.js:2:2033348)
	at e.<anonymous> (/home/smitee/.vscode/extensions/codeium.codeium-1.42.3/dist/extension.js:2:2034413)
	at d (/home/smitee/.vscode/extensions/codeium.codeium-1.42.3/dist/extension.js:2:2019635)
	at Generator.<anonymous> (/home/smitee/.vscode/extensions/codeium.codeium-1.42.3/dist/extension.js:2:2020977)
	at Generator.next (/home/smitee/.vscode/extensions/codeium.codeium-1.42.3/dist/extension.js:2:2020064)
	at a (/home/smitee/.vscode/extensions/codeium.codeium-1.42.3/dist/extension.js:2:2026191)
	at s (/home/smitee/.vscode/extensions/codeium.codeium-1.42.3/dist/extension.js:2:2026394)
	at /home/smitee/.vscode/extensions/codeium.codeium-1.42.3/dist/extension.js:2:2026453
	at new Promise (<anonymous>)
	at e.<anonymous> (/home/smitee/.vscode/extensions/codeium.codeium-1.42.3/dist/extension.js:2:2026334)
	at e.<anonymous> (/home/smitee/.vscode/extensions/codeium.codeium-1.42.3/dist/extension.js:2:2034987)
	at e.<anonymous> (/home/smitee/.vscode/extensions/codeium.codeium-1.42.3/dist/extension.js:2:1977620)
	at d (/home/smitee/.vscode/extensions/codeium.codeium-1.42.3/dist/extension.js:2:1964951)
	at Generator.<anonymous> (/home/smitee/.vscode/extensions/codeium.codeium-1.42.3/dist/extension.js:2:1966293)
	at Generator.next (/home/smitee/.vscode/extensions/codeium.codeium-1.42.3/dist/extension.js:2:1965380)
	at s (/home/smitee/.vscode/extensions/codeium.codeium-1.42.3/dist/extension.js:2:1971867)
	at a (/home/smitee/.vscode/extensions/codeium.codeium-1.42.3/dist/extension.js:2:1972070)
	at /home/smitee/.vscode/extensions/codeium.codeium-1.42.3/dist/extension.js:2:1972129
	at new Promise (<anonymous>)
	at e.<anonymous> (/home/smitee/.vscode/extensions/codeium.codeium-1.42.3/dist/extension.js:2:1972010)
	at e.<anonymous> (/home/smitee/.vscode/extensions/codeium.codeium-1.42.3/dist/extension.js:2:1978243)
	at e.<anonymous> (/home/smitee/.vscode/extensions/codeium.codeium-1.42.3/dist/extension.js:2:1976812)
	at d (/home/smitee/.vscode/extensions/codeium.codeium-1.42.3/dist/extension.js:2:1964951)
	at Generator.<anonymous> (/home/smitee/.vscode/extensions/codeium.codeium-1.42.3/dist/extension.js:2:1966293)
	at Generator.next (/home/smitee/.vscode/extensions/codeium.codeium-1.42.3/dist/extension.js:2:1965380)
	at s (/home/smitee/.vscode/extensions/codeium.codeium-1.42.3/dist/extension.js:2:1971867)
	at a (/home/smitee/.vscode/extensions/codeium.codeium-1.42.3/dist/extension.js:2:1972070)
	at /home/smitee/.vscode/extensions/codeium.codeium-1.42.3/dist/extension.js:2:1972129
	at new Promise (<anonymous>)
	at e.<anonymous> (/home/smitee/.vscode/extensions/codeium.codeium-1.42.3/dist/extension.js:2:1972010)
	at e.<anonymous> (/home/smitee/.vscode/extensions/codeium.codeium-1.42.3/dist/extension.js:2:1977055)
	at Immediate.<anonymous> (/home/smitee/.vscode/extensions/codeium.codeium-1.42.3/dist/extension.js:2:1974473)
	at process.processImmediate (node:internal/timers:483:21)
2025-03-28 16:00:41.761 [error] Error: Illegal value for `line`
	at LU.u (file:///opt/visual-studio-code/resources/app/out/vs/workbench/api/node/extensionHostProcess.js:119:1045)
	at Object.lineAt (file:///opt/visual-studio-code/resources/app/out/vs/workbench/api/node/extensionHostProcess.js:119:72)
	at e.getCommandEditHints (/home/smitee/.vscode/extensions/codeium.codeium-1.42.3/dist/extension.js:2:2031669)
	at e.getNonCachedDocumentResults (/home/smitee/.vscode/extensions/codeium.codeium-1.42.3/dist/extension.js:2:2033348)
	at e.<anonymous> (/home/smitee/.vscode/extensions/codeium.codeium-1.42.3/dist/extension.js:2:2034413)
	at d (/home/smitee/.vscode/extensions/codeium.codeium-1.42.3/dist/extension.js:2:2019635)
	at Generator.<anonymous> (/home/smitee/.vscode/extensions/codeium.codeium-1.42.3/dist/extension.js:2:2020977)
	at Generator.next (/home/smitee/.vscode/extensions/codeium.codeium-1.42.3/dist/extension.js:2:2020064)
	at a (/home/smitee/.vscode/extensions/codeium.codeium-1.42.3/dist/extension.js:2:2026191)
	at s (/home/smitee/.vscode/extensions/codeium.codeium-1.42.3/dist/extension.js:2:2026394)
	at /home/smitee/.vscode/extensions/codeium.codeium-1.42.3/dist/extension.js:2:2026453
	at new Promise (<anonymous>)
	at e.<anonymous> (/home/smitee/.vscode/extensions/codeium.codeium-1.42.3/dist/extension.js:2:2026334)
	at e.<anonymous> (/home/smitee/.vscode/extensions/codeium.codeium-1.42.3/dist/extension.js:2:2034987)
	at e.<anonymous> (/home/smitee/.vscode/extensions/codeium.codeium-1.42.3/dist/extension.js:2:1977620)
	at d (/home/smitee/.vscode/extensions/codeium.codeium-1.42.3/dist/extension.js:2:1964951)
	at Generator.<anonymous> (/home/smitee/.vscode/extensions/codeium.codeium-1.42.3/dist/extension.js:2:1966293)
	at Generator.next (/home/smitee/.vscode/extensions/codeium.codeium-1.42.3/dist/extension.js:2:1965380)
	at s (/home/smitee/.vscode/extensions/codeium.codeium-1.42.3/dist/extension.js:2:1971867)
	at a (/home/smitee/.vscode/extensions/codeium.codeium-1.42.3/dist/extension.js:2:1972070)
	at /home/smitee/.vscode/extensions/codeium.codeium-1.42.3/dist/extension.js:2:1972129
	at new Promise (<anonymous>)
	at e.<anonymous> (/home/smitee/.vscode/extensions/codeium.codeium-1.42.3/dist/extension.js:2:1972010)
	at e.<anonymous> (/home/smitee/.vscode/extensions/codeium.codeium-1.42.3/dist/extension.js:2:1978243)
	at e.<anonymous> (/home/smitee/.vscode/extensions/codeium.codeium-1.42.3/dist/extension.js:2:1976812)
	at d (/home/smitee/.vscode/extensions/codeium.codeium-1.42.3/dist/extension.js:2:1964951)
	at Generator.<anonymous> (/home/smitee/.vscode/extensions/codeium.codeium-1.42.3/dist/extension.js:2:1966293)
	at Generator.next (/home/smitee/.vscode/extensions/codeium.codeium-1.42.3/dist/extension.js:2:1965380)
	at s (/home/smitee/.vscode/extensions/codeium.codeium-1.42.3/dist/extension.js:2:1971867)
	at a (/home/smitee/.vscode/extensions/codeium.codeium-1.42.3/dist/extension.js:2:1972070)
	at /home/smitee/.vscode/extensions/codeium.codeium-1.42.3/dist/extension.js:2:1972129
	at new Promise (<anonymous>)
	at e.<anonymous> (/home/smitee/.vscode/extensions/codeium.codeium-1.42.3/dist/extension.js:2:1972010)
	at e.<anonymous> (/home/smitee/.vscode/extensions/codeium.codeium-1.42.3/dist/extension.js:2:1977055)
	at Immediate.<anonymous> (/home/smitee/.vscode/extensions/codeium.codeium-1.42.3/dist/extension.js:2:1974473)
	at process.processImmediate (node:internal/timers:483:21)
2025-03-28 16:00:42.099 [error] Error: Illegal value for `line`
	at LU.u (file:///opt/visual-studio-code/resources/app/out/vs/workbench/api/node/extensionHostProcess.js:119:1045)
	at Object.lineAt (file:///opt/visual-studio-code/resources/app/out/vs/workbench/api/node/extensionHostProcess.js:119:72)
	at e.getCommandEditHints (/home/smitee/.vscode/extensions/codeium.codeium-1.42.3/dist/extension.js:2:2031669)
	at e.getNonCachedDocumentResults (/home/smitee/.vscode/extensions/codeium.codeium-1.42.3/dist/extension.js:2:2033348)
	at e.<anonymous> (/home/smitee/.vscode/extensions/codeium.codeium-1.42.3/dist/extension.js:2:2034413)
	at d (/home/smitee/.vscode/extensions/codeium.codeium-1.42.3/dist/extension.js:2:2019635)
	at Generator.<anonymous> (/home/smitee/.vscode/extensions/codeium.codeium-1.42.3/dist/extension.js:2:2020977)
	at Generator.next (/home/smitee/.vscode/extensions/codeium.codeium-1.42.3/dist/extension.js:2:2020064)
	at a (/home/smitee/.vscode/extensions/codeium.codeium-1.42.3/dist/extension.js:2:2026191)
	at s (/home/smitee/.vscode/extensions/codeium.codeium-1.42.3/dist/extension.js:2:2026394)
	at /home/smitee/.vscode/extensions/codeium.codeium-1.42.3/dist/extension.js:2:2026453
	at new Promise (<anonymous>)
	at e.<anonymous> (/home/smitee/.vscode/extensions/codeium.codeium-1.42.3/dist/extension.js:2:2026334)
	at e.<anonymous> (/home/smitee/.vscode/extensions/codeium.codeium-1.42.3/dist/extension.js:2:2034987)
	at e.<anonymous> (/home/smitee/.vscode/extensions/codeium.codeium-1.42.3/dist/extension.js:2:1977620)
	at d (/home/smitee/.vscode/extensions/codeium.codeium-1.42.3/dist/extension.js:2:1964951)
	at Generator.<anonymous> (/home/smitee/.vscode/extensions/codeium.codeium-1.42.3/dist/extension.js:2:1966293)
	at Generator.next (/home/smitee/.vscode/extensions/codeium.codeium-1.42.3/dist/extension.js:2:1965380)
	at s (/home/smitee/.vscode/extensions/codeium.codeium-1.42.3/dist/extension.js:2:1971867)
	at a (/home/smitee/.vscode/extensions/codeium.codeium-1.42.3/dist/extension.js:2:1972070)
	at /home/smitee/.vscode/extensions/codeium.codeium-1.42.3/dist/extension.js:2:1972129
	at new Promise (<anonymous>)
	at e.<anonymous> (/home/smitee/.vscode/extensions/codeium.codeium-1.42.3/dist/extension.js:2:1972010)
	at e.<anonymous> (/home/smitee/.vscode/extensions/codeium.codeium-1.42.3/dist/extension.js:2:1978243)
	at e.<anonymous> (/home/smitee/.vscode/extensions/codeium.codeium-1.42.3/dist/extension.js:2:1976812)
	at d (/home/smitee/.vscode/extensions/codeium.codeium-1.42.3/dist/extension.js:2:1964951)
	at Generator.<anonymous> (/home/smitee/.vscode/extensions/codeium.codeium-1.42.3/dist/extension.js:2:1966293)
	at Generator.next (/home/smitee/.vscode/extensions/codeium.codeium-1.42.3/dist/extension.js:2:1965380)
	at s (/home/smitee/.vscode/extensions/codeium.codeium-1.42.3/dist/extension.js:2:1971867)
	at a (/home/smitee/.vscode/extensions/codeium.codeium-1.42.3/dist/extension.js:2:1972070)
	at /home/smitee/.vscode/extensions/codeium.codeium-1.42.3/dist/extension.js:2:1972129
	at new Promise (<anonymous>)
	at e.<anonymous> (/home/smitee/.vscode/extensions/codeium.codeium-1.42.3/dist/extension.js:2:1972010)
	at e.<anonymous> (/home/smitee/.vscode/extensions/codeium.codeium-1.42.3/dist/extension.js:2:1977055)
	at Immediate.<anonymous> (/home/smitee/.vscode/extensions/codeium.codeium-1.42.3/dist/extension.js:2:1974473)
	at process.processImmediate (node:internal/timers:483:21)
2025-03-28 16:00:45.657 [error] Error: Illegal value for `line`
	at LU.u (file:///opt/visual-studio-code/resources/app/out/vs/workbench/api/node/extensionHostProcess.js:119:1045)
	at Object.lineAt (file:///opt/visual-studio-code/resources/app/out/vs/workbench/api/node/extensionHostProcess.js:119:72)
	at e.getCommandEditHints (/home/smitee/.vscode/extensions/codeium.codeium-1.42.3/dist/extension.js:2:2031669)
	at e.getNonCachedDocumentResults (/home/smitee/.vscode/extensions/codeium.codeium-1.42.3/dist/extension.js:2:2033348)
	at e.<anonymous> (/home/smitee/.vscode/extensions/codeium.codeium-1.42.3/dist/extension.js:2:2034413)
	at d (/home/smitee/.vscode/extensions/codeium.codeium-1.42.3/dist/extension.js:2:2019635)
	at Generator.<anonymous> (/home/smitee/.vscode/extensions/codeium.codeium-1.42.3/dist/extension.js:2:2020977)
	at Generator.next (/home/smitee/.vscode/extensions/codeium.codeium-1.42.3/dist/extension.js:2:2020064)
	at a (/home/smitee/.vscode/extensions/codeium.codeium-1.42.3/dist/extension.js:2:2026191)
	at s (/home/smitee/.vscode/extensions/codeium.codeium-1.42.3/dist/extension.js:2:2026394)
	at /home/smitee/.vscode/extensions/codeium.codeium-1.42.3/dist/extension.js:2:2026453
	at new Promise (<anonymous>)
	at e.<anonymous> (/home/smitee/.vscode/extensions/codeium.codeium-1.42.3/dist/extension.js:2:2026334)
	at e.<anonymous> (/home/smitee/.vscode/extensions/codeium.codeium-1.42.3/dist/extension.js:2:2034987)
	at e.<anonymous> (/home/smitee/.vscode/extensions/codeium.codeium-1.42.3/dist/extension.js:2:1977620)
	at d (/home/smitee/.vscode/extensions/codeium.codeium-1.42.3/dist/extension.js:2:1964951)
	at Generator.<anonymous> (/home/smitee/.vscode/extensions/codeium.codeium-1.42.3/dist/extension.js:2:1966293)
	at Generator.next (/home/smitee/.vscode/extensions/codeium.codeium-1.42.3/dist/extension.js:2:1965380)
	at s (/home/smitee/.vscode/extensions/codeium.codeium-1.42.3/dist/extension.js:2:1971867)
	at a (/home/smitee/.vscode/extensions/codeium.codeium-1.42.3/dist/extension.js:2:1972070)
	at /home/smitee/.vscode/extensions/codeium.codeium-1.42.3/dist/extension.js:2:1972129
	at new Promise (<anonymous>)
	at e.<anonymous> (/home/smitee/.vscode/extensions/codeium.codeium-1.42.3/dist/extension.js:2:1972010)
	at e.<anonymous> (/home/smitee/.vscode/extensions/codeium.codeium-1.42.3/dist/extension.js:2:1978243)
	at e.<anonymous> (/home/smitee/.vscode/extensions/codeium.codeium-1.42.3/dist/extension.js:2:1976812)
	at d (/home/smitee/.vscode/extensions/codeium.codeium-1.42.3/dist/extension.js:2:1964951)
	at Generator.<anonymous> (/home/smitee/.vscode/extensions/codeium.codeium-1.42.3/dist/extension.js:2:1966293)
	at Generator.next (/home/smitee/.vscode/extensions/codeium.codeium-1.42.3/dist/extension.js:2:1965380)
	at s (/home/smitee/.vscode/extensions/codeium.codeium-1.42.3/dist/extension.js:2:1971867)
	at a (/home/smitee/.vscode/extensions/codeium.codeium-1.42.3/dist/extension.js:2:1972070)
	at /home/smitee/.vscode/extensions/codeium.codeium-1.42.3/dist/extension.js:2:1972129
	at new Promise (<anonymous>)
	at e.<anonymous> (/home/smitee/.vscode/extensions/codeium.codeium-1.42.3/dist/extension.js:2:1972010)
	at e.<anonymous> (/home/smitee/.vscode/extensions/codeium.codeium-1.42.3/dist/extension.js:2:1977055)
	at Immediate.<anonymous> (/home/smitee/.vscode/extensions/codeium.codeium-1.42.3/dist/extension.js:2:1974473)
	at process.processImmediate (node:internal/timers:483:21)
2025-03-28 16:12:35.602 [info] ExtensionService#_doActivateExtension vscode.configuration-editing, startup: false, activationEvent: 'onLanguage:jsonc'
2025-03-28 16:12:35.602 [info] ExtensionService#_doActivateExtension vscode.json-language-features, startup: false, activationEvent: 'onLanguage:jsonc'
2025-03-28 16:12:35.602 [info] ExtensionService#_doActivateExtension vscode.typescript-language-features, startup: false, activationEvent: 'onLanguage:jsonc'
2025-03-28 16:22:52.165 [info] Extension host terminating: renderer closed the MessagePort
2025-03-28 16:22:52.198 [info] Extension host with pid 4028 exiting with code 0
2025-03-28 16:22:53.231 [info] Extension host with pid 10300 started
2025-03-28 16:22:53.231 [info] Skipping acquiring lock for /home/smitee/.config/Code/User/workspaceStorage/d8734d2d0c9f55360f231bf6dcb54760.
2025-03-28 16:22:53.457 [info] ExtensionService#_doActivateExtension vscode.github-authentication, startup: false, activationEvent: 'onAuthenticationRequest:github'
2025-03-28 16:22:53.458 [info] ExtensionService#_doActivateExtension vscode.emmet, startup: false, activationEvent: 'onLanguage'
2025-03-28 16:22:53.706 [info] ExtensionService#_doActivateExtension vscode.git-base, startup: true, activationEvent: '*', root cause: vscode.git
2025-03-28 16:22:53.766 [info] ExtensionService#_doActivateExtension vscode.git, startup: true, activationEvent: '*'
2025-03-28 16:22:53.767 [info] ExtensionService#_doActivateExtension vscode.github, startup: true, activationEvent: '*'
2025-03-28 16:22:53.828 [info] ExtensionService#_doActivateExtension pranaygp.vscode-css-peek, startup: true, activationEvent: 'workspaceContains:**/*.css,**/*.scss,**/*.sass,**/*.less'
2025-03-28 16:22:53.870 [info] ExtensionService#_doActivateExtension ms-python.python, startup: true, activationEvent: 'workspaceContains:**/*.qml,**/*.ui,**/*.qrc', root cause: seanwu.vscode-qt-for-python
2025-03-28 16:22:54.332 [info] ExtensionService#_doActivateExtension seanwu.vscode-qt-for-python, startup: true, activationEvent: 'workspaceContains:**/*.qml,**/*.ui,**/*.qrc'
2025-03-28 16:22:54.390 [info] Eager extensions activated
2025-03-28 16:22:54.405 [info] ExtensionService#_doActivateExtension vscode.debug-auto-launch, startup: false, activationEvent: 'onStartupFinished'
2025-03-28 16:22:54.406 [info] ExtensionService#_doActivateExtension vscode.merge-conflict, startup: false, activationEvent: 'onStartupFinished'
2025-03-28 16:22:54.406 [info] ExtensionService#_doActivateExtension Codeium.codeium, startup: false, activationEvent: 'onStartupFinished'
2025-03-28 16:22:54.791 [info] ExtensionService#_doActivateExtension PKief.material-icon-theme, startup: false, activationEvent: 'onStartupFinished'
2025-03-28 16:22:54.911 [info] ExtensionService#_doActivateExtension ms-python.vscode-pylance, startup: false, activationEvent: 'api', root cause: ms-python.python
2025-03-28 16:22:58.955 [info] ExtensionService#_doActivateExtension vscode.css-language-features, startup: false, activationEvent: 'onLanguage:css'
2025-03-28 16:22:59.733 [info] ExtensionService#_doActivateExtension vscode.configuration-editing, startup: false, activationEvent: 'onLanguage:jsonc'
2025-03-28 16:22:59.733 [info] ExtensionService#_doActivateExtension vscode.json-language-features, startup: false, activationEvent: 'onLanguage:jsonc'
2025-03-28 16:22:59.733 [info] ExtensionService#_doActivateExtension vscode.typescript-language-features, startup: false, activationEvent: 'onLanguage:jsonc'
2025-03-28 16:23:01.095 [error] Error: Illegal value for `line`
	at LU.u (file:///opt/visual-studio-code/resources/app/out/vs/workbench/api/node/extensionHostProcess.js:119:1045)
	at Object.lineAt (file:///opt/visual-studio-code/resources/app/out/vs/workbench/api/node/extensionHostProcess.js:119:72)
	at e.getCommandEditHints (/home/smitee/.vscode/extensions/codeium.codeium-1.42.3/dist/extension.js:2:2031669)
	at e.getNonCachedDocumentResults (/home/smitee/.vscode/extensions/codeium.codeium-1.42.3/dist/extension.js:2:2033348)
	at e.<anonymous> (/home/smitee/.vscode/extensions/codeium.codeium-1.42.3/dist/extension.js:2:2034413)
	at d (/home/smitee/.vscode/extensions/codeium.codeium-1.42.3/dist/extension.js:2:2019635)
	at Generator.<anonymous> (/home/smitee/.vscode/extensions/codeium.codeium-1.42.3/dist/extension.js:2:2020977)
	at Generator.next (/home/smitee/.vscode/extensions/codeium.codeium-1.42.3/dist/extension.js:2:2020064)
	at a (/home/smitee/.vscode/extensions/codeium.codeium-1.42.3/dist/extension.js:2:2026191)
	at s (/home/smitee/.vscode/extensions/codeium.codeium-1.42.3/dist/extension.js:2:2026394)
	at /home/smitee/.vscode/extensions/codeium.codeium-1.42.3/dist/extension.js:2:2026453
	at new Promise (<anonymous>)
	at e.<anonymous> (/home/smitee/.vscode/extensions/codeium.codeium-1.42.3/dist/extension.js:2:2026334)
	at e.<anonymous> (/home/smitee/.vscode/extensions/codeium.codeium-1.42.3/dist/extension.js:2:2034987)
	at e.<anonymous> (/home/smitee/.vscode/extensions/codeium.codeium-1.42.3/dist/extension.js:2:1977620)
	at d (/home/smitee/.vscode/extensions/codeium.codeium-1.42.3/dist/extension.js:2:1964951)
	at Generator.<anonymous> (/home/smitee/.vscode/extensions/codeium.codeium-1.42.3/dist/extension.js:2:1966293)
	at Generator.next (/home/smitee/.vscode/extensions/codeium.codeium-1.42.3/dist/extension.js:2:1965380)
	at s (/home/smitee/.vscode/extensions/codeium.codeium-1.42.3/dist/extension.js:2:1971867)
	at a (/home/smitee/.vscode/extensions/codeium.codeium-1.42.3/dist/extension.js:2:1972070)
	at /home/smitee/.vscode/extensions/codeium.codeium-1.42.3/dist/extension.js:2:1972129
	at new Promise (<anonymous>)
	at e.<anonymous> (/home/smitee/.vscode/extensions/codeium.codeium-1.42.3/dist/extension.js:2:1972010)
	at e.<anonymous> (/home/smitee/.vscode/extensions/codeium.codeium-1.42.3/dist/extension.js:2:1978243)
	at e.<anonymous> (/home/smitee/.vscode/extensions/codeium.codeium-1.42.3/dist/extension.js:2:1976812)
	at d (/home/smitee/.vscode/extensions/codeium.codeium-1.42.3/dist/extension.js:2:1964951)
	at Generator.<anonymous> (/home/smitee/.vscode/extensions/codeium.codeium-1.42.3/dist/extension.js:2:1966293)
	at Generator.next (/home/smitee/.vscode/extensions/codeium.codeium-1.42.3/dist/extension.js:2:1965380)
	at s (/home/smitee/.vscode/extensions/codeium.codeium-1.42.3/dist/extension.js:2:1971867)
	at a (/home/smitee/.vscode/extensions/codeium.codeium-1.42.3/dist/extension.js:2:1972070)
	at /home/smitee/.vscode/extensions/codeium.codeium-1.42.3/dist/extension.js:2:1972129
	at new Promise (<anonymous>)
	at e.<anonymous> (/home/smitee/.vscode/extensions/codeium.codeium-1.42.3/dist/extension.js:2:1972010)
	at e.<anonymous> (/home/smitee/.vscode/extensions/codeium.codeium-1.42.3/dist/extension.js:2:1977055)
	at Immediate.<anonymous> (/home/smitee/.vscode/extensions/codeium.codeium-1.42.3/dist/extension.js:2:1974473)
	at process.processImmediate (node:internal/timers:483:21)
2025-03-28 16:23:01.097 [error] Error: Illegal value for `line`
	at LU.u (file:///opt/visual-studio-code/resources/app/out/vs/workbench/api/node/extensionHostProcess.js:119:1045)
	at Object.lineAt (file:///opt/visual-studio-code/resources/app/out/vs/workbench/api/node/extensionHostProcess.js:119:72)
	at e.getCommandEditHints (/home/smitee/.vscode/extensions/codeium.codeium-1.42.3/dist/extension.js:2:2031669)
	at e.getNonCachedDocumentResults (/home/smitee/.vscode/extensions/codeium.codeium-1.42.3/dist/extension.js:2:2033348)
	at e.<anonymous> (/home/smitee/.vscode/extensions/codeium.codeium-1.42.3/dist/extension.js:2:2034413)
	at d (/home/smitee/.vscode/extensions/codeium.codeium-1.42.3/dist/extension.js:2:2019635)
	at Generator.<anonymous> (/home/smitee/.vscode/extensions/codeium.codeium-1.42.3/dist/extension.js:2:2020977)
	at Generator.next (/home/smitee/.vscode/extensions/codeium.codeium-1.42.3/dist/extension.js:2:2020064)
	at a (/home/smitee/.vscode/extensions/codeium.codeium-1.42.3/dist/extension.js:2:2026191)
	at s (/home/smitee/.vscode/extensions/codeium.codeium-1.42.3/dist/extension.js:2:2026394)
	at /home/smitee/.vscode/extensions/codeium.codeium-1.42.3/dist/extension.js:2:2026453
	at new Promise (<anonymous>)
	at e.<anonymous> (/home/smitee/.vscode/extensions/codeium.codeium-1.42.3/dist/extension.js:2:2026334)
	at e.<anonymous> (/home/smitee/.vscode/extensions/codeium.codeium-1.42.3/dist/extension.js:2:2034987)
	at e.<anonymous> (/home/smitee/.vscode/extensions/codeium.codeium-1.42.3/dist/extension.js:2:1977620)
	at d (/home/smitee/.vscode/extensions/codeium.codeium-1.42.3/dist/extension.js:2:1964951)
	at Generator.<anonymous> (/home/smitee/.vscode/extensions/codeium.codeium-1.42.3/dist/extension.js:2:1966293)
	at Generator.next (/home/smitee/.vscode/extensions/codeium.codeium-1.42.3/dist/extension.js:2:1965380)
	at s (/home/smitee/.vscode/extensions/codeium.codeium-1.42.3/dist/extension.js:2:1971867)
	at a (/home/smitee/.vscode/extensions/codeium.codeium-1.42.3/dist/extension.js:2:1972070)
	at /home/smitee/.vscode/extensions/codeium.codeium-1.42.3/dist/extension.js:2:1972129
	at new Promise (<anonymous>)
	at e.<anonymous> (/home/smitee/.vscode/extensions/codeium.codeium-1.42.3/dist/extension.js:2:1972010)
	at e.<anonymous> (/home/smitee/.vscode/extensions/codeium.codeium-1.42.3/dist/extension.js:2:1978243)
	at e.<anonymous> (/home/smitee/.vscode/extensions/codeium.codeium-1.42.3/dist/extension.js:2:1976812)
	at d (/home/smitee/.vscode/extensions/codeium.codeium-1.42.3/dist/extension.js:2:1964951)
	at Generator.<anonymous> (/home/smitee/.vscode/extensions/codeium.codeium-1.42.3/dist/extension.js:2:1966293)
	at Generator.next (/home/smitee/.vscode/extensions/codeium.codeium-1.42.3/dist/extension.js:2:1965380)
	at s (/home/smitee/.vscode/extensions/codeium.codeium-1.42.3/dist/extension.js:2:1971867)
	at a (/home/smitee/.vscode/extensions/codeium.codeium-1.42.3/dist/extension.js:2:1972070)
	at /home/smitee/.vscode/extensions/codeium.codeium-1.42.3/dist/extension.js:2:1972129
	at new Promise (<anonymous>)
	at e.<anonymous> (/home/smitee/.vscode/extensions/codeium.codeium-1.42.3/dist/extension.js:2:1972010)
	at e.<anonymous> (/home/smitee/.vscode/extensions/codeium.codeium-1.42.3/dist/extension.js:2:1977055)
	at Immediate.<anonymous> (/home/smitee/.vscode/extensions/codeium.codeium-1.42.3/dist/extension.js:2:1974473)
	at process.processImmediate (node:internal/timers:483:21)
2025-03-28 16:23:37.279 [error] Error: Illegal value for `line`
	at LU.u (file:///opt/visual-studio-code/resources/app/out/vs/workbench/api/node/extensionHostProcess.js:119:1045)
	at Object.lineAt (file:///opt/visual-studio-code/resources/app/out/vs/workbench/api/node/extensionHostProcess.js:119:72)
	at e.getCommandEditHints (/home/smitee/.vscode/extensions/codeium.codeium-1.42.3/dist/extension.js:2:2031669)
	at e.getNonCachedDocumentResults (/home/smitee/.vscode/extensions/codeium.codeium-1.42.3/dist/extension.js:2:2033348)
	at e.<anonymous> (/home/smitee/.vscode/extensions/codeium.codeium-1.42.3/dist/extension.js:2:2034413)
	at d (/home/smitee/.vscode/extensions/codeium.codeium-1.42.3/dist/extension.js:2:2019635)
	at Generator.<anonymous> (/home/smitee/.vscode/extensions/codeium.codeium-1.42.3/dist/extension.js:2:2020977)
	at Generator.next (/home/smitee/.vscode/extensions/codeium.codeium-1.42.3/dist/extension.js:2:2020064)
	at a (/home/smitee/.vscode/extensions/codeium.codeium-1.42.3/dist/extension.js:2:2026191)
	at s (/home/smitee/.vscode/extensions/codeium.codeium-1.42.3/dist/extension.js:2:2026394)
	at /home/smitee/.vscode/extensions/codeium.codeium-1.42.3/dist/extension.js:2:2026453
	at new Promise (<anonymous>)
	at e.<anonymous> (/home/smitee/.vscode/extensions/codeium.codeium-1.42.3/dist/extension.js:2:2026334)
	at e.<anonymous> (/home/smitee/.vscode/extensions/codeium.codeium-1.42.3/dist/extension.js:2:2034987)
	at e.<anonymous> (/home/smitee/.vscode/extensions/codeium.codeium-1.42.3/dist/extension.js:2:1977620)
	at d (/home/smitee/.vscode/extensions/codeium.codeium-1.42.3/dist/extension.js:2:1964951)
	at Generator.<anonymous> (/home/smitee/.vscode/extensions/codeium.codeium-1.42.3/dist/extension.js:2:1966293)
	at Generator.next (/home/smitee/.vscode/extensions/codeium.codeium-1.42.3/dist/extension.js:2:1965380)
	at s (/home/smitee/.vscode/extensions/codeium.codeium-1.42.3/dist/extension.js:2:1971867)
	at a (/home/smitee/.vscode/extensions/codeium.codeium-1.42.3/dist/extension.js:2:1972070)
	at /home/smitee/.vscode/extensions/codeium.codeium-1.42.3/dist/extension.js:2:1972129
	at new Promise (<anonymous>)
	at e.<anonymous> (/home/smitee/.vscode/extensions/codeium.codeium-1.42.3/dist/extension.js:2:1972010)
	at e.<anonymous> (/home/smitee/.vscode/extensions/codeium.codeium-1.42.3/dist/extension.js:2:1978243)
	at e.<anonymous> (/home/smitee/.vscode/extensions/codeium.codeium-1.42.3/dist/extension.js:2:1976812)
	at d (/home/smitee/.vscode/extensions/codeium.codeium-1.42.3/dist/extension.js:2:1964951)
	at Generator.<anonymous> (/home/smitee/.vscode/extensions/codeium.codeium-1.42.3/dist/extension.js:2:1966293)
	at Generator.next (/home/smitee/.vscode/extensions/codeium.codeium-1.42.3/dist/extension.js:2:1965380)
	at s (/home/smitee/.vscode/extensions/codeium.codeium-1.42.3/dist/extension.js:2:1971867)
	at a (/home/smitee/.vscode/extensions/codeium.codeium-1.42.3/dist/extension.js:2:1972070)
	at /home/smitee/.vscode/extensions/codeium.codeium-1.42.3/dist/extension.js:2:1972129
	at new Promise (<anonymous>)
	at e.<anonymous> (/home/smitee/.vscode/extensions/codeium.codeium-1.42.3/dist/extension.js:2:1972010)
	at e.<anonymous> (/home/smitee/.vscode/extensions/codeium.codeium-1.42.3/dist/extension.js:2:1977055)
	at Immediate.<anonymous> (/home/smitee/.vscode/extensions/codeium.codeium-1.42.3/dist/extension.js:2:1974473)
	at process.processImmediate (node:internal/timers:483:21)
2025-03-28 16:23:37.280 [error] Error: Illegal value for `line`
	at LU.u (file:///opt/visual-studio-code/resources/app/out/vs/workbench/api/node/extensionHostProcess.js:119:1045)
	at Object.lineAt (file:///opt/visual-studio-code/resources/app/out/vs/workbench/api/node/extensionHostProcess.js:119:72)
	at e.getCommandEditHints (/home/smitee/.vscode/extensions/codeium.codeium-1.42.3/dist/extension.js:2:2031669)
	at e.getNonCachedDocumentResults (/home/smitee/.vscode/extensions/codeium.codeium-1.42.3/dist/extension.js:2:2033348)
	at e.<anonymous> (/home/smitee/.vscode/extensions/codeium.codeium-1.42.3/dist/extension.js:2:2034413)
	at d (/home/smitee/.vscode/extensions/codeium.codeium-1.42.3/dist/extension.js:2:2019635)
	at Generator.<anonymous> (/home/smitee/.vscode/extensions/codeium.codeium-1.42.3/dist/extension.js:2:2020977)
	at Generator.next (/home/smitee/.vscode/extensions/codeium.codeium-1.42.3/dist/extension.js:2:2020064)
	at a (/home/smitee/.vscode/extensions/codeium.codeium-1.42.3/dist/extension.js:2:2026191)
	at s (/home/smitee/.vscode/extensions/codeium.codeium-1.42.3/dist/extension.js:2:2026394)
	at /home/smitee/.vscode/extensions/codeium.codeium-1.42.3/dist/extension.js:2:2026453
	at new Promise (<anonymous>)
	at e.<anonymous> (/home/smitee/.vscode/extensions/codeium.codeium-1.42.3/dist/extension.js:2:2026334)
	at e.<anonymous> (/home/smitee/.vscode/extensions/codeium.codeium-1.42.3/dist/extension.js:2:2034987)
	at e.<anonymous> (/home/smitee/.vscode/extensions/codeium.codeium-1.42.3/dist/extension.js:2:1977620)
	at d (/home/smitee/.vscode/extensions/codeium.codeium-1.42.3/dist/extension.js:2:1964951)
	at Generator.<anonymous> (/home/smitee/.vscode/extensions/codeium.codeium-1.42.3/dist/extension.js:2:1966293)
	at Generator.next (/home/smitee/.vscode/extensions/codeium.codeium-1.42.3/dist/extension.js:2:1965380)
	at s (/home/smitee/.vscode/extensions/codeium.codeium-1.42.3/dist/extension.js:2:1971867)
	at a (/home/smitee/.vscode/extensions/codeium.codeium-1.42.3/dist/extension.js:2:1972070)
	at /home/smitee/.vscode/extensions/codeium.codeium-1.42.3/dist/extension.js:2:1972129
	at new Promise (<anonymous>)
	at e.<anonymous> (/home/smitee/.vscode/extensions/codeium.codeium-1.42.3/dist/extension.js:2:1972010)
	at e.<anonymous> (/home/smitee/.vscode/extensions/codeium.codeium-1.42.3/dist/extension.js:2:1978243)
	at e.<anonymous> (/home/smitee/.vscode/extensions/codeium.codeium-1.42.3/dist/extension.js:2:1976812)
	at d (/home/smitee/.vscode/extensions/codeium.codeium-1.42.3/dist/extension.js:2:1964951)
	at Generator.<anonymous> (/home/smitee/.vscode/extensions/codeium.codeium-1.42.3/dist/extension.js:2:1966293)
	at Generator.next (/home/smitee/.vscode/extensions/codeium.codeium-1.42.3/dist/extension.js:2:1965380)
	at s (/home/smitee/.vscode/extensions/codeium.codeium-1.42.3/dist/extension.js:2:1971867)
	at a (/home/smitee/.vscode/extensions/codeium.codeium-1.42.3/dist/extension.js:2:1972070)
	at /home/smitee/.vscode/extensions/codeium.codeium-1.42.3/dist/extension.js:2:1972129
	at new Promise (<anonymous>)
	at e.<anonymous> (/home/smitee/.vscode/extensions/codeium.codeium-1.42.3/dist/extension.js:2:1972010)
	at e.<anonymous> (/home/smitee/.vscode/extensions/codeium.codeium-1.42.3/dist/extension.js:2:1977055)
	at Immediate.<anonymous> (/home/smitee/.vscode/extensions/codeium.codeium-1.42.3/dist/extension.js:2:1974473)
	at process.processImmediate (node:internal/timers:483:21)
2025-03-28 20:45:17.949 [info] Extension host terminating: renderer closed the MessagePort
2025-03-28 20:45:18.001 [info] Extension host with pid 10300 exiting with code 0
