[Server(51531) .config/] onInitialize
[Server(51531) .config/] Number of style sheets - 213
[Server(51531) .config/] setupInitialStylemap
[Server(51531) .config/] Document opened: style.css.
[Server(51531) .config/] Document changed: style.css. Invalidating Cache.
[Server(51531) .config/] Document opened: style.css.
[Server(51531) .config/] Document changed: style.css. Invalidating Cache.
[Server(51543) .config/] onInitialize
[Server(51543) .config/] Number of style sheets - 213
[Server(51543) .config/] setupInitialStylemap
[Server(51543) .config/] Document opened: style.css.
[Server(51543) .config/] Document changed: style.css. Invalidating Cache.
[Server(51543) .config/] Document opened: style.css.
[Server(51543) .config/] Document changed: style.css. Invalidating Cache.
[Server(51543) .config/] Document changed: style.css. Invalidating Cache.
[Server(51531) .config/] Document changed: style.css. Invalidating Cache.
[Server(51531) .config/] Document changed: style.css. Invalidating Cache.
[Server(51543) .config/] Document changed: style.css. Invalidating Cache.
[Server(51543) .config/] Document changed: style.css. Invalidating Cache.
[Server(51531) .config/] Document changed: style.css. Invalidating Cache.
[Server(51531) .config/] Document changed: style.css. Invalidating Cache.
[Server(51543) .config/] Document changed: style.css. Invalidating Cache.
[Server(51531) .config/] Document changed: style.css. Invalidating Cache.
[Server(51543) .config/] Document changed: style.css. Invalidating Cache.
[Server(51531) .config/] Document changed: style.css. Invalidating Cache.
[Server(51543) .config/] Document changed: style.css. Invalidating Cache.
[Server(51531) .config/] Document changed: style.css. Invalidating Cache.
[Server(51543) .config/] Document changed: style.css. Invalidating Cache.
[Server(51531) .config/] Document changed: style.css. Invalidating Cache.
[Server(51543) .config/] Document changed: style.css. Invalidating Cache.
[Server(51531) .config/] Document changed: style.css. Invalidating Cache.
[Server(51543) .config/] Document changed: style.css. Invalidating Cache.
[Server(51531) .config/] Document changed: style.css. Invalidating Cache.
[Server(51543) .config/] Document changed: style.css. Invalidating Cache.
[Server(51531) .config/] Document changed: style.css. Invalidating Cache.
[Server(51543) .config/] Document changed: style.css. Invalidating Cache.
[Server(51543) .config/] Document changed: style.css. Invalidating Cache.
[Server(51531) .config/] Document changed: style.css. Invalidating Cache.
[Server(51531) .config/] Document changed: style.css. Invalidating Cache.
[Server(51543) .config/] Document changed: style.css. Invalidating Cache.
[Server(51531) .config/] Document changed: style.css. Invalidating Cache.
[Server(51543) .config/] Document changed: style.css. Invalidating Cache.
[Server(51531) .config/] Document changed: style.css. Invalidating Cache.
[Server(51543) .config/] Document changed: style.css. Invalidating Cache.
[Server(51531) .config/] Document changed: style.css. Invalidating Cache.
[Server(51543) .config/] Document changed: style.css. Invalidating Cache.
[Server(51543) .config/] Document changed: style.css. Invalidating Cache.
[Server(51531) .config/] Document changed: style.css. Invalidating Cache.
[Server(51531) .config/] Document changed: style.css. Invalidating Cache.
[Server(51543) .config/] Document changed: style.css. Invalidating Cache.
[Server(51531) .config/] Document changed: style.css. Invalidating Cache.
[Server(51543) .config/] Document changed: style.css. Invalidating Cache.
[Server(51531) .config/] Document changed: style.css. Invalidating Cache.
[Server(51543) .config/] Document changed: style.css. Invalidating Cache.
[Server(51531) .config/] Document changed: style.css. Invalidating Cache.
[Server(51543) .config/] Document changed: style.css. Invalidating Cache.
[Server(51531) .config/] Document changed: style.css. Invalidating Cache.
[Server(51543) .config/] Document changed: style.css. Invalidating Cache.
[Server(51531) .config/] Document changed: style.css. Invalidating Cache.
[Server(51543) .config/] Document changed: style.css. Invalidating Cache.
[Server(51531) .config/] Document changed: style.css. Invalidating Cache.
[Server(51543) .config/] Document changed: style.css. Invalidating Cache.
[Server(51531) .config/] Document changed: style.css. Invalidating Cache.
[Server(51543) .config/] Document changed: style.css. Invalidating Cache.
[Server(51531) .config/] Document changed: style.css. Invalidating Cache.
[Server(51543) .config/] Document changed: style.css. Invalidating Cache.
[Server(51531) .config/] Document changed: style.css. Invalidating Cache.
[Server(51543) .config/] Document changed: style.css. Invalidating Cache.
[Server(51531) .config/] Document changed: style.css. Invalidating Cache.
[Server(51543) .config/] Document changed: style.css. Invalidating Cache.
[Server(51531) .config/] Document changed: style.css. Invalidating Cache.
[Server(51543) .config/] Document changed: style.css. Invalidating Cache.
[Server(51531) .config/] Document changed: style.css. Invalidating Cache.
[Server(51543) .config/] Document changed: style.css. Invalidating Cache.
[Server(51531) .config/] Document changed: style.css. Invalidating Cache.
[Server(51543) .config/] Document changed: style.css. Invalidating Cache.
[Server(51531) .config/] Document changed: style.css. Invalidating Cache.
[Server(51543) .config/] Document changed: style.css. Invalidating Cache.
[Server(51531) .config/] Document changed: style.css. Invalidating Cache.
[Server(51543) .config/] Document changed: style.css. Invalidating Cache.
[Server(51531) .config/] Document changed: style.css. Invalidating Cache.
[Server(51543) .config/] Document changed: style.css. Invalidating Cache.
[Server(51531) .config/] Document changed: style.css. Invalidating Cache.
[Server(51543) .config/] Document changed: style.css. Invalidating Cache.
[Server(51531) .config/] Document changed: style.css. Invalidating Cache.
[Server(51543) .config/] Document changed: style.css. Invalidating Cache.
[Server(51543) .config/] Document changed: style.css. Invalidating Cache.
[Server(51531) .config/] Document changed: style.css. Invalidating Cache.
[Server(51531) .config/] Document changed: style.css. Invalidating Cache.
[Server(51543) .config/] Document changed: style.css. Invalidating Cache.
[Server(51531) .config/] Document changed: style.css. Invalidating Cache.
[Server(51543) .config/] Document changed: style.css. Invalidating Cache.
[Server(51531) .config/] Document changed: style.css. Invalidating Cache.
[Server(51543) .config/] Document changed: style.css. Invalidating Cache.
[Server(51531) .config/] Document changed: style.css. Invalidating Cache.
[Server(51543) .config/] Document changed: style.css. Invalidating Cache.
[Server(51531) .config/] Document changed: style.css. Invalidating Cache.
[Server(51543) .config/] Document changed: style.css. Invalidating Cache.
[Server(51531) .config/] Document changed: style.css. Invalidating Cache.
[Server(51543) .config/] Document changed: style.css. Invalidating Cache.
[Server(51531) .config/] Document changed: style.css. Invalidating Cache.
[Server(51543) .config/] Document changed: style.css. Invalidating Cache.
[Server(51531) .config/] Document changed: style.css. Invalidating Cache.
[Server(51543) .config/] Document changed: style.css. Invalidating Cache.
[Server(51531) .config/] Document changed: style.css. Invalidating Cache.
[Server(51543) .config/] Document changed: style.css. Invalidating Cache.
[Server(51531) .config/] Document changed: style.css. Invalidating Cache.
[Server(51543) .config/] Document changed: style.css. Invalidating Cache.
[Server(51531) .config/] Document changed: style.css. Invalidating Cache.
[Server(51543) .config/] Document changed: style.css. Invalidating Cache.
[Server(51531) .config/] Document changed: style.css. Invalidating Cache.
[Server(51543) .config/] Document changed: style.css. Invalidating Cache.
[Server(51531) .config/] Document changed: style.css. Invalidating Cache.
[Server(51543) .config/] Document changed: style.css. Invalidating Cache.
[Server(51531) .config/] Document changed: style.css. Invalidating Cache.
[Server(51543) .config/] Document changed: style.css. Invalidating Cache.
[Server(51531) .config/] Document changed: style.css. Invalidating Cache.
[Server(51543) .config/] Document changed: style.css. Invalidating Cache.
[Server(51531) .config/] Document changed: style.css. Invalidating Cache.
[Server(51543) .config/] Document changed: style.css. Invalidating Cache.
[Server(51531) .config/] Document changed: style.css. Invalidating Cache.
[Server(51543) .config/] Document changed: style.css. Invalidating Cache.
[Server(51531) .config/] Document changed: style.css. Invalidating Cache.
[Server(51543) .config/] Document changed: style.css. Invalidating Cache.
[Server(51531) .config/] Document changed: style.css. Invalidating Cache.
[Server(51543) .config/] Document changed: style.css. Invalidating Cache.
[Server(51531) .config/] Document changed: style.css. Invalidating Cache.
[Server(51543) .config/] Document changed: style.css. Invalidating Cache.
[Server(51531) .config/] Document changed: style.css. Invalidating Cache.
[Server(51543) .config/] Document changed: style.css. Invalidating Cache.
[Server(51531) .config/] Document changed: style.css. Invalidating Cache.
[Server(51543) .config/] Document changed: style.css. Invalidating Cache.
[Server(51531) .config/] Document changed: style.css. Invalidating Cache.
[Server(51543) .config/] Document changed: style.css. Invalidating Cache.
[Server(51531) .config/] Document changed: style.css. Invalidating Cache.
[Server(51543) .config/] Document changed: style.css. Invalidating Cache.
[Server(51531) .config/] Document changed: style.css. Invalidating Cache.
[Server(51543) .config/] Document changed: style.css. Invalidating Cache.
[Server(51531) .config/] Document changed: style.css. Invalidating Cache.
[Server(51543) .config/] Document changed: style.css. Invalidating Cache.
[Server(51531) .config/] Document changed: style.css. Invalidating Cache.
[Server(51543) .config/] Document changed: style.css. Invalidating Cache.
[Server(51543) .config/] Document changed: style.css. Invalidating Cache.
[Server(51531) .config/] Document changed: style.css. Invalidating Cache.
[Server(51531) .config/] Document changed: style.css. Invalidating Cache.
[Server(51543) .config/] Document changed: style.css. Invalidating Cache.
[Server(51531) .config/] Document changed: style.css. Invalidating Cache.
[Server(51543) .config/] Document changed: style.css. Invalidating Cache.
[Server(51531) .config/] Document changed: style.css. Invalidating Cache.
[Server(51543) .config/] Document changed: style.css. Invalidating Cache.
[Server(51531) .config/] Document changed: style.css. Invalidating Cache.
[Server(51543) .config/] Document changed: style.css. Invalidating Cache.
[Server(51531) .config/] Document changed: style.css. Invalidating Cache.
[Server(51543) .config/] Document changed: style.css. Invalidating Cache.
[Server(51531) .config/] Document changed: style.css. Invalidating Cache.
[Server(51543) .config/] Document changed: style.css. Invalidating Cache.
