2025-03-27 17:56:16.955 [info] Extension host with pid 206733 started
2025-03-27 17:56:16.955 [info] Skipping acquiring lock for /home/smitee/.config/Code/User/workspaceStorage/d8734d2d0c9f55360f231bf6dcb54760.
2025-03-27 17:56:17.233 [info] ExtensionService#_doActivateExtension vscode.github-authentication, startup: false, activationEvent: 'onAuthenticationRequest:github'
2025-03-27 17:56:17.233 [info] ExtensionService#_doActivateExtension vscode.emmet, startup: false, activationEvent: 'onLanguage'
2025-03-27 17:56:17.472 [info] ExtensionService#_doActivateExtension vscode.git-base, startup: true, activationEvent: '*', root cause: vscode.git
2025-03-27 17:56:17.535 [info] ExtensionService#_doActivateExtension pranaygp.vscode-css-peek, startup: true, activationEvent: 'workspaceContains:**/*.css,**/*.scss,**/*.sass,**/*.less'
2025-03-27 17:56:17.597 [info] ExtensionService#_doActivateExtension ms-python.python, startup: true, activationEvent: 'workspaceContains:**/*.qml,**/*.ui,**/*.qrc', root cause: seanwu.vscode-qt-for-python
2025-03-27 17:56:17.672 [info] ExtensionService#_doActivateExtension vscode.git, startup: true, activationEvent: '*'
2025-03-27 17:56:17.672 [info] ExtensionService#_doActivateExtension vscode.github, startup: true, activationEvent: '*'
2025-03-27 17:56:18.074 [info] ExtensionService#_doActivateExtension seanwu.vscode-qt-for-python, startup: true, activationEvent: 'workspaceContains:**/*.qml,**/*.ui,**/*.qrc'
2025-03-27 17:56:18.138 [info] Eager extensions activated
2025-03-27 17:56:18.141 [info] ExtensionService#_doActivateExtension vscode.debug-auto-launch, startup: false, activationEvent: 'onStartupFinished'
2025-03-27 17:56:18.142 [info] ExtensionService#_doActivateExtension vscode.merge-conflict, startup: false, activationEvent: 'onStartupFinished'
2025-03-27 17:56:18.142 [info] ExtensionService#_doActivateExtension Codeium.codeium, startup: false, activationEvent: 'onStartupFinished'
2025-03-27 17:56:18.537 [info] ExtensionService#_doActivateExtension PKief.material-icon-theme, startup: false, activationEvent: 'onStartupFinished'
2025-03-27 17:56:18.587 [info] ExtensionService#_doActivateExtension ms-python.vscode-pylance, startup: false, activationEvent: 'api', root cause: ms-python.python
2025-03-27 17:56:23.336 [info] ExtensionService#_doActivateExtension vscode.configuration-editing, startup: false, activationEvent: 'onLanguage:json'
2025-03-27 17:56:23.336 [info] ExtensionService#_doActivateExtension vscode.extension-editing, startup: false, activationEvent: 'onLanguage:json'
2025-03-27 17:56:23.336 [info] ExtensionService#_doActivateExtension vscode.json-language-features, startup: false, activationEvent: 'onLanguage:json'
2025-03-27 17:56:23.337 [info] ExtensionService#_doActivateExtension vscode.npm, startup: false, activationEvent: 'onLanguage:json'
2025-03-27 17:56:23.337 [info] ExtensionService#_doActivateExtension ZainChen.json, startup: false, activationEvent: 'onLanguage:json'
2025-03-27 17:56:23.340 [info] ExtensionService#_doActivateExtension vscode.typescript-language-features, startup: false, activationEvent: 'onLanguage:jsonc'
2025-03-27 17:56:23.344 [info] ExtensionService#_doActivateExtension vscode.css-language-features, startup: false, activationEvent: 'onLanguage:css'
2025-03-27 17:56:43.193 [info] Extension host terminating: renderer closed the MessagePort
2025-03-27 17:56:43.235 [info] Extension host with pid 206733 exiting with code 0
