2025-03-28 15:18:42.832 [info] Reading sessions from keychain...
2025-03-28 15:18:42.832 [info] Getting sessions for all scopes...
2025-03-28 15:18:42.832 [info] Getting sessions for all scopes...
2025-03-28 15:18:42.848 [info] Getting sessions for all scopes...
2025-03-28 15:18:42.849 [info] Getting sessions for all scopes...
2025-03-28 15:18:42.849 [info] Getting sessions for all scopes...
2025-03-28 15:18:42.849 [info] Getting sessions for all scopes...
2025-03-28 15:18:42.849 [info] Getting sessions for all scopes...
2025-03-28 15:18:42.858 [info] Got stored sessions!
2025-03-28 15:18:42.858 [info] Got 1 verified sessions.
2025-03-28 15:18:42.858 [info] Got 1 sessions for ...
2025-03-28 15:18:42.858 [info] Got 1 sessions for ...
2025-03-28 15:18:42.858 [info] Got 1 sessions for ...
2025-03-28 15:18:42.858 [info] Got 1 sessions for ...
2025-03-28 15:18:42.858 [info] Got 1 sessions for ...
2025-03-28 15:18:42.858 [info] Got 1 sessions for ...
2025-03-28 15:18:42.858 [info] Got 1 sessions for ...
2025-03-28 15:18:43.050 [info] Getting sessions for all scopes...
2025-03-28 15:18:43.050 [info] Got 1 sessions for ...
2025-03-28 15:18:44.615 [info] Getting sessions for all scopes...
2025-03-28 15:18:44.615 [info] Got 1 sessions for ...
2025-03-28 15:24:55.589 [info] Reading sessions from keychain...
2025-03-28 15:24:55.589 [info] Getting sessions for all scopes...
2025-03-28 15:24:55.589 [info] Getting sessions for all scopes...
2025-03-28 15:24:55.589 [info] Getting sessions for all scopes...
2025-03-28 15:24:55.589 [info] Got stored sessions!
2025-03-28 15:24:55.589 [info] Got 1 verified sessions.
2025-03-28 15:24:55.589 [info] Got 1 sessions for ...
2025-03-28 15:24:55.589 [info] Got 1 sessions for ...
2025-03-28 15:24:55.589 [info] Got 1 sessions for ...
2025-03-28 15:24:55.600 [info] Getting sessions for all scopes...
2025-03-28 15:24:55.600 [info] Got 1 sessions for ...
2025-03-28 15:24:55.600 [info] Getting sessions for all scopes...
2025-03-28 15:24:55.600 [info] Got 1 sessions for ...
2025-03-28 15:24:55.600 [info] Getting sessions for all scopes...
2025-03-28 15:24:55.600 [info] Got 1 sessions for ...
2025-03-28 15:24:55.600 [info] Getting sessions for all scopes...
2025-03-28 15:24:55.600 [info] Got 1 sessions for ...
2025-03-28 15:24:55.600 [info] Getting sessions for all scopes...
2025-03-28 15:24:55.600 [info] Got 1 sessions for ...
2025-03-28 15:24:57.510 [info] Getting sessions for all scopes...
2025-03-28 15:24:57.510 [info] Got 1 sessions for ...
2025-03-28 16:22:53.707 [info] Reading sessions from keychain...
2025-03-28 16:22:53.707 [info] Getting sessions for all scopes...
2025-03-28 16:22:53.707 [info] Getting sessions for all scopes...
2025-03-28 16:22:53.707 [info] Getting sessions for all scopes...
2025-03-28 16:22:53.707 [info] Getting sessions for all scopes...
2025-03-28 16:22:53.707 [info] Getting sessions for all scopes...
2025-03-28 16:22:53.707 [info] Getting sessions for all scopes...
2025-03-28 16:22:53.707 [info] Getting sessions for all scopes...
2025-03-28 16:22:53.707 [info] Got stored sessions!
2025-03-28 16:22:53.707 [info] Got 1 verified sessions.
2025-03-28 16:22:53.707 [info] Got 1 sessions for ...
2025-03-28 16:22:53.707 [info] Got 1 sessions for ...
2025-03-28 16:22:53.707 [info] Got 1 sessions for ...
2025-03-28 16:22:53.707 [info] Got 1 sessions for ...
2025-03-28 16:22:53.707 [info] Got 1 sessions for ...
2025-03-28 16:22:53.707 [info] Got 1 sessions for ...
2025-03-28 16:22:53.707 [info] Got 1 sessions for ...
2025-03-28 16:22:53.722 [info] Getting sessions for all scopes...
2025-03-28 16:22:53.722 [info] Got 1 sessions for ...
2025-03-28 16:22:55.362 [info] Getting sessions for all scopes...
2025-03-28 16:22:55.362 [info] Got 1 sessions for ...
