2025-03-27 17:56:17.469 [info] Reading sessions from keychain...
2025-03-27 17:56:17.469 [info] Getting sessions for all scopes...
2025-03-27 17:56:17.469 [info] Getting sessions for all scopes...
2025-03-27 17:56:17.469 [info] Got stored sessions!
2025-03-27 17:56:17.469 [info] Got 1 verified sessions.
2025-03-27 17:56:17.469 [info] Got 1 sessions for ...
2025-03-27 17:56:17.469 [info] Got 1 sessions for ...
2025-03-27 17:56:17.469 [info] Getting sessions for all scopes...
2025-03-27 17:56:17.469 [info] Got 1 sessions for ...
2025-03-27 17:56:17.469 [info] Getting sessions for all scopes...
2025-03-27 17:56:17.469 [info] Got 1 sessions for ...
2025-03-27 17:56:17.469 [info] Getting sessions for all scopes...
2025-03-27 17:56:17.469 [info] Got 1 sessions for ...
2025-03-27 17:56:17.469 [info] Getting sessions for all scopes...
2025-03-27 17:56:17.469 [info] Got 1 sessions for ...
2025-03-27 17:56:17.469 [info] Getting sessions for all scopes...
2025-03-27 17:56:17.469 [info] Got 1 sessions for ...
2025-03-27 17:56:17.469 [info] Getting sessions for all scopes...
2025-03-27 17:56:17.469 [info] Got 1 sessions for ...
2025-03-27 17:56:18.970 [info] Getting sessions for all scopes...
2025-03-27 17:56:18.970 [info] Got 1 sessions for ...
