(VSCode) 2025-03-28 15:24:56.313 [INFO]: No proxy settings found
(VSCode) 2025-03-28 15:24:57.253 [INFO]: Checking network connection...
(VSCode) 2025-03-28 15:24:58.082 [INFO]: No Network Issue connecting to https://server.codeium.com/healthz
(VSCode) 2025-03-28 15:24:58.186 [INFO]: Creating manager directory: /tmp/aed6ab03-745d-47f4-b77e-54dad8d1338b/codeium/manager
(VSCode) 2025-03-28 15:24:58.472 [INFO]: Using cached LS with valid crc32: /home/smitee/.vscode/extensions/codeium.codeium-1.42.3/dist/0c9faf39e693eeaf762c0320f624cde0b6c7bb7e/language_server_linux_x64
(VSCode) 2025-03-28 15:24:58.481 [INFO]: Language server started
2025/03/28 15:24:58 maxprocs: Leaving GOMAXPROCS=12: CPU quota undefined
I0328 15:24:58.561180  4126 main.go:581] [Language Server Manager] Setting GOMAXPROCS to 4
I0328 15:24:58.561275  4126 main.go:725] [Language Server Manager] Release 1.42.3 (0c9faf39e693eeaf762c0320f624cde0b6c7bb7e)
I0328 15:24:58.561295  4126 main.go:804] [Language Server Manager] Starting language server manager with pid 4126
I0328 15:24:58.561357  4126 main.go:124] [Language Server Manager] Manager acquired its lock file /tmp/aed6ab03-745d-47f4-b77e-54dad8d1338b/codeium/manager/locks/manager.lock
I0328 15:24:58.561725  4126 main.go:265] [Language Server Manager] Waiting for random port file in /tmp/aed6ab03-745d-47f4-b77e-54dad8d1338b/codeium/manager/child_random_port_1743164698561413669_4023199532332582393 to be created
2025/03/28 15:24:58 maxprocs: Leaving GOMAXPROCS=12: CPU quota undefined
I0328 15:24:58.637028  4144 main.go:581] Setting GOMAXPROCS to 4
I0328 15:24:58.637109  4144 main.go:798] Starting language server process with pid 4144
I0328 15:24:58.637135  4144 server.go:256] Language server will attempt to listen on host 127.0.0.1
I0328 15:24:58.637205  4144 server.go:263] Language server listening on random port at 35423
I0328 15:25:00.160405  4144 server.go:342] Extension server port not specified; skipping extension server client creation
I0328 15:25:00.169095  4144 web_server.go:258] Chat Web Server listening at ws://127.0.0.1:37999
I0328 15:25:00.260535  4144 server.go:849] Local search is enabled, will index local files.
I0328 15:25:00.260554  4144 server.go:853] Using 3 indexer workers
I0328 15:25:00.264639  4144 server.go:995] Child process attempting to acquire lock file /tmp/aed6ab03-745d-47f4-b77e-54dad8d1338b/codeium/manager/locks/child_lock_1743164698561437805_8198024700569890411
I0328 15:25:00.264683  4144 server.go:1003] Child process acquired lock file /tmp/aed6ab03-745d-47f4-b77e-54dad8d1338b/codeium/manager/locks/child_lock_1743164698561437805_8198024700569890411
35483
I0328 15:25:00.366033  4126 main.go:301] [Language Server Manager] Found random server port 35423
I0328 15:25:00.366054  4126 main.go:302] [Language Server Manager] Found random lsp port 35483
I0328 15:25:00.366067  4126 main.go:309] [Language Server Manager] Attempting to connect to language server at 127.0.0.1:35423
I0328 15:25:00.377394  4126 main.go:178] [Language Server Manager] Fixing language server port at 35423
I0328 15:25:00.377406  4126 main.go:361] [Language Server Manager] Successfully connected to new language server at 127.0.0.1:35423
(VSCode) 2025-03-28 15:25:00.387 [INFO]: Found language server running on port 35423
(VSCode) 2025-03-28 15:25:00.662 [INFO]: openAllTextDocuments took 4.34281700000065ms
(VSCode) 2025-03-28 15:25:29.588 [INFO]: Codeium is not enabled for the current document.
(VSCode) 2025-03-28 15:25:53.197 [INFO]: Codeium is not enabled for the current document.
(VSCode) 2025-03-28 15:27:36.987 [INFO]: Codeium is not enabled for the current document.
(VSCode) 2025-03-28 15:30:31.760 [ERROR]: Illegal value for `line`
(VSCode) 2025-03-28 15:30:31.762 [ERROR]: Illegal value for `line`
(VSCode) 2025-03-28 15:30:31.812 [INFO]: Codeium is not enabled for the current document.
(VSCode) 2025-03-28 15:30:37.798 [ERROR]: Illegal value for `line`
(VSCode) 2025-03-28 15:30:37.799 [ERROR]: Illegal value for `line`
(VSCode) 2025-03-28 15:30:38.907 [INFO]: Completion request succeeded (1053.73ms)
(VSCode) 2025-03-28 15:30:38.908 [INFO]: No completions were generated
(VSCode) 2025-03-28 15:30:38.908 [INFO]: provideInlineCompletionItems request succeeded (1055.55ms)
(VSCode) 2025-03-28 15:31:34.332 [INFO]: Completion request was cancelled by token (848.88ms)
(VSCode) 2025-03-28 15:34:45.293 [ERROR]: Illegal value for `line`
(VSCode) 2025-03-28 15:34:45.294 [ERROR]: Illegal value for `line`
(VSCode) 2025-03-28 15:34:45.345 [INFO]: Codeium is not enabled for the current document.
(VSCode) 2025-03-28 15:34:57.197 [ERROR]: Illegal value for `line`
(VSCode) 2025-03-28 15:34:57.199 [ERROR]: Illegal value for `line`
(VSCode) 2025-03-28 15:34:57.249 [INFO]: Codeium is not enabled for the current document.
(VSCode) 2025-03-28 15:35:08.948 [INFO]: Codeium is not enabled for the current document.
(VSCode) 2025-03-28 15:36:12.740 [ERROR]: Illegal value for `line`
(VSCode) 2025-03-28 15:36:12.793 [INFO]: Codeium is not enabled for the current document.
(VSCode) 2025-03-28 15:37:37.887 [INFO]: Codeium is not enabled for the current document.
(VSCode) 2025-03-28 15:37:38.530 [ERROR]: Illegal value for `line`
(VSCode) 2025-03-28 15:37:38.582 [INFO]: Codeium is not enabled for the current document.
(VSCode) 2025-03-28 15:37:47.598 [ERROR]: Illegal value for `line`
(VSCode) 2025-03-28 15:37:47.599 [ERROR]: Illegal value for `line`
(VSCode) 2025-03-28 15:37:47.651 [INFO]: Codeium is not enabled for the current document.
(VSCode) 2025-03-28 15:37:50.901 [INFO]: Codeium is not enabled for the current document.
(VSCode) 2025-03-28 15:38:43.393 [ERROR]: Illegal value for `line`
(VSCode) 2025-03-28 15:38:43.445 [INFO]: Codeium is not enabled for the current document.
(VSCode) 2025-03-28 15:39:09.661 [INFO]: Codeium is not enabled for the current document.
(VSCode) 2025-03-28 15:40:13.414 [INFO]: Codeium is not enabled for the current document.
(VSCode) 2025-03-28 15:41:44.680 [ERROR]: Illegal value for `line`
(VSCode) 2025-03-28 15:41:44.682 [ERROR]: Illegal value for `line`
(VSCode) 2025-03-28 15:41:44.732 [INFO]: Codeium is not enabled for the current document.
(VSCode) 2025-03-28 15:42:57.286 [INFO]: Codeium is not enabled for the current document.
(VSCode) 2025-03-28 15:44:01.144 [ERROR]: Illegal value for `line`
(VSCode) 2025-03-28 15:44:01.146 [ERROR]: Illegal value for `line`
(VSCode) 2025-03-28 15:44:01.196 [INFO]: Codeium is not enabled for the current document.
(VSCode) 2025-03-28 15:51:54.665 [INFO]: Codeium is not enabled for the current document.
(VSCode) 2025-03-28 15:52:14.647 [INFO]: Codeium is not enabled for the current document.
(VSCode) 2025-03-28 15:52:15.359 [INFO]: Codeium is not enabled for the current document.
(VSCode) 2025-03-28 15:52:21.552 [INFO]: Codeium is not enabled for the current document.
(VSCode) 2025-03-28 15:56:13.069 [ERROR]: Illegal value for `line`
(VSCode) 2025-03-28 15:56:13.120 [INFO]: Codeium is not enabled for the current document.
(VSCode) 2025-03-28 16:00:04.572 [INFO]: Completion request was cancelled by token (577.82ms)
(VSCode) 2025-03-28 16:00:12.538 [INFO]: Completion request succeeded (721.47ms)
(VSCode) 2025-03-28 16:00:12.540 [INFO]: No completions were generated
(VSCode) 2025-03-28 16:00:12.541 [INFO]: provideInlineCompletionItems request succeeded (725.05ms)
(VSCode) 2025-03-28 16:00:40.473 [ERROR]: Illegal value for `line`
(VSCode) 2025-03-28 16:00:40.760 [ERROR]: Illegal value for `line`
(VSCode) 2025-03-28 16:00:41.098 [ERROR]: Illegal value for `line`
(VSCode) 2025-03-28 16:00:44.657 [ERROR]: Illegal value for `line`
(VSCode) 2025-03-28 16:03:05.661 [INFO]: Completion request was cancelled by token (132.82ms)
(VSCode) 2025-03-28 16:03:06.852 [INFO]: Completion request succeeded (1140.22ms)
(VSCode) 2025-03-28 16:03:06.855 [INFO]: No completions were generated
(VSCode) 2025-03-28 16:03:06.855 [INFO]: provideInlineCompletionItems request succeeded (1143.89ms)
(VSCode) 2025-03-28 16:03:07.960 [INFO]: Completion request was cancelled by token (245.45ms)
(VSCode) 2025-03-28 16:03:08.175 [INFO]: Completion request was cancelled by token (165.17ms)
(VSCode) 2025-03-28 16:03:09.056 [INFO]: Completion request was cancelled by token (829.76ms)
(VSCode) 2025-03-28 16:03:09.924 [INFO]: Completion request succeeded (817.42ms)
(VSCode) 2025-03-28 16:03:09.926 [INFO]: No completions were generated
(VSCode) 2025-03-28 16:03:09.926 [INFO]: provideInlineCompletionItems request succeeded (820.09ms)
(VSCode) 2025-03-28 16:03:10.989 [INFO]: Completion request succeeded (746.41ms)
(VSCode) 2025-03-28 16:03:10.994 [INFO]: No completions were generated
(VSCode) 2025-03-28 16:03:10.995 [INFO]: provideInlineCompletionItems request succeeded (752.66ms)
(VSCode) 2025-03-28 16:03:12.506 [INFO]: Completion request succeeded (1272ms)
(VSCode) 2025-03-28 16:03:12.508 [INFO]: No completions were generated
(VSCode) 2025-03-28 16:03:12.508 [INFO]: provideInlineCompletionItems request succeeded (1274.2ms)
(VSCode) 2025-03-28 16:06:06.791 [INFO]: Completion request was cancelled by token (1259.35ms)
(VSCode) 2025-03-28 16:06:08.185 [INFO]: Completion request succeeded (1343.03ms)
(VSCode) 2025-03-28 16:06:08.188 [INFO]: Generated 7 completions
(VSCode) 2025-03-28 16:06:08.190 [INFO]: provideInlineCompletionItems request succeeded (1348.09ms)
(VSCode) 2025-03-28 16:06:11.480 [INFO]: Completion request succeeded (1205.02ms)
(VSCode) 2025-03-28 16:06:11.482 [INFO]: Generated 8 completions
(VSCode) 2025-03-28 16:06:11.483 [INFO]: provideInlineCompletionItems request succeeded (1208.67ms)
(VSCode) 2025-03-28 16:06:11.810 [INFO]: Completion request succeeded (4.79ms)
(VSCode) 2025-03-28 16:06:11.812 [INFO]: Generated 8 completions
(VSCode) 2025-03-28 16:06:11.813 [INFO]: provideInlineCompletionItems request succeeded (8.4ms)
(VSCode) 2025-03-28 16:06:15.144 [INFO]: Completion request was cancelled by token (1221.11ms)
(VSCode) 2025-03-28 16:06:15.953 [INFO]: Completion request succeeded (758.6ms)
(VSCode) 2025-03-28 16:06:15.955 [INFO]: No completions were generated
(VSCode) 2025-03-28 16:06:15.955 [INFO]: provideInlineCompletionItems request succeeded (760.66ms)
(VSCode) 2025-03-28 16:06:27.360 [INFO]: Completion request was cancelled by token (612.74ms)
(VSCode) 2025-03-28 16:06:28.490 [INFO]: Completion request succeeded (1079.28ms)
(VSCode) 2025-03-28 16:06:28.491 [INFO]: No completions were generated
(VSCode) 2025-03-28 16:06:28.491 [INFO]: provideInlineCompletionItems request succeeded (1081.36ms)
(VSCode) 2025-03-28 16:06:37.137 [INFO]: Completion request succeeded (803.83ms)
(VSCode) 2025-03-28 16:06:37.139 [INFO]: Generated 1 completion
(VSCode) 2025-03-28 16:06:37.139 [INFO]: provideInlineCompletionItems request succeeded (806.15ms)
(VSCode) 2025-03-28 16:06:37.727 [INFO]: Completion request was cancelled by token (109.55ms)
(VSCode) 2025-03-28 16:06:37.871 [INFO]: Completion request was cancelled by token (93.02ms)
(VSCode) 2025-03-28 16:06:38.023 [INFO]: Completion request was cancelled by token (101.26ms)
(VSCode) 2025-03-28 16:06:38.175 [INFO]: Completion request was cancelled by token (101.45ms)
(VSCode) 2025-03-28 16:06:38.455 [INFO]: Completion request was cancelled by token (229.49ms)
(VSCode) 2025-03-28 16:06:39.355 [INFO]: Completion request succeeded (849.31ms)
(VSCode) 2025-03-28 16:06:39.356 [INFO]: No completions were generated
(VSCode) 2025-03-28 16:06:39.356 [INFO]: provideInlineCompletionItems request succeeded (851.4ms)
(VSCode) 2025-03-28 16:11:01.554 [INFO]: Completion request succeeded (1236.99ms)
(VSCode) 2025-03-28 16:11:01.555 [INFO]: No completions were generated
(VSCode) 2025-03-28 16:11:01.555 [INFO]: provideInlineCompletionItems request succeeded (1238.99ms)
(VSCode) 2025-03-28 16:15:48.716 [INFO]: Completion request succeeded (907.26ms)
(VSCode) 2025-03-28 16:15:48.717 [INFO]: No completions were generated
(VSCode) 2025-03-28 16:15:48.717 [INFO]: provideInlineCompletionItems request succeeded (909.66ms)
(VSCode) 2025-03-28 16:17:27.052 [INFO]: Completion request succeeded (1598.2ms)
(VSCode) 2025-03-28 16:17:27.052 [INFO]: No completions were generated
(VSCode) 2025-03-28 16:17:27.053 [INFO]: provideInlineCompletionItems request succeeded (1600.18ms)
(VSCode) 2025-03-28 16:22:52.193 [INFO]: Disposing language server process
(VSCode) 2025-03-28 16:22:52.193 [INFO]: Deleting manager directory: /tmp/aed6ab03-745d-47f4-b77e-54dad8d1338b/codeium/manager
(VSCode) 2025-03-28 16:22:52.194 [INFO]: Successfully disposed language server
W0328 16:22:52.193928  4126 main.go:128] [Language Server Manager] Got signal terminated, shutting down
