2025-03-29 00:25:17.563 [info] Reading sessions from keychain...
2025-03-29 00:25:17.563 [info] Getting sessions for all scopes...
2025-03-29 00:25:17.563 [info] Getting sessions for all scopes...
2025-03-29 00:25:17.563 [info] Got stored sessions!
2025-03-29 00:25:17.563 [info] Got 1 verified sessions.
2025-03-29 00:25:17.563 [info] Got 1 sessions for ...
2025-03-29 00:25:17.563 [info] Got 1 sessions for ...
2025-03-29 00:25:17.563 [info] Getting sessions for all scopes...
2025-03-29 00:25:17.563 [info] Got 1 sessions for ...
2025-03-29 00:25:17.563 [info] Getting sessions for all scopes...
2025-03-29 00:25:17.563 [info] Got 1 sessions for ...
2025-03-29 00:25:17.563 [info] Getting sessions for all scopes...
2025-03-29 00:25:17.563 [info] Got 1 sessions for ...
2025-03-29 00:25:17.563 [info] Getting sessions for all scopes...
2025-03-29 00:25:17.563 [info] Got 1 sessions for ...
2025-03-29 00:25:17.563 [info] Getting sessions for all scopes...
2025-03-29 00:25:17.563 [info] Got 1 sessions for ...
2025-03-29 00:25:19.363 [info] Getting sessions for all scopes...
2025-03-29 00:25:19.363 [info] Got 1 sessions for ...
2025-03-29 00:25:30.364 [info] Getting sessions for all scopes...
2025-03-29 00:25:30.364 [info] Got 1 sessions for ...
