2025-03-28 15:18:41.839 [info] Started local extension host with pid 2416.
2025-03-28 15:18:43.078 [info] Settings Sync: Account status changed from uninitialized to unavailable
2025-03-28 15:18:44.766 [info] [perf] Render performance baseline is 20ms
2025-03-28 15:18:45.128 [warning] Authentication provider codeium_auth was not declared in the Extension Manifest.
2025-03-28 15:24:04.765 [warning] [lifecycle] onBeforeShutdown is taking a long time, pending operations: veto.backups
2025-03-28 15:24:08.274 [info] [lifecycle]: Shutdown was prevented by final veto (id: veto.backups)
2025-03-28 15:24:54.948 [info] Started local extension host with pid 4028.
2025-03-28 15:24:55.723 [info] Settings Sync: Account status changed from uninitialized to unavailable
2025-03-28 15:24:57.257 [warning] Authentication provider codeium_auth was not declared in the Extension Manifest.
2025-03-28 15:24:57.622 [info] [perf] Render performance baseline is 19ms
2025-03-28 15:30:32.762 [error] Произошла неизвестная ошибка. Подробные сведения см. в журнале.
2025-03-28 15:30:37.799 [error] Illegal value for lineNumber: Error: Illegal value for lineNumber
    at Cf.getLineMaxColumn (vscode-file://vscode-app/opt/visual-studio-code/resources/app/out/vs/workbench/workbench.desktop.main.js:253:112)
    at vscode-file://vscode-app/opt/visual-studio-code/resources/app/out/vs/workbench/workbench.desktop.main.js:2001:13251
    at HI._computeFn (vscode-file://vscode-app/opt/visual-studio-code/resources/app/out/vs/workbench/workbench.desktop.main.js:31:24260)
    at HI.q (vscode-file://vscode-app/opt/visual-studio-code/resources/app/out/vs/workbench/workbench.desktop.main.js:31:25793)
    at HI.get (vscode-file://vscode-app/opt/visual-studio-code/resources/app/out/vs/workbench/workbench.desktop.main.js:31:25545)
    at HI.reportChanges (vscode-file://vscode-app/opt/visual-studio-code/resources/app/out/vs/workbench/workbench.desktop.main.js:31:15998)
    at rse.endUpdate (vscode-file://vscode-app/opt/visual-studio-code/resources/app/out/vs/workbench/workbench.desktop.main.js:31:22892)
    at HI.endUpdate (vscode-file://vscode-app/opt/visual-studio-code/resources/app/out/vs/workbench/workbench.desktop.main.js:31:26591)
    at _5.finish (vscode-file://vscode-app/opt/visual-studio-code/resources/app/out/vs/workbench/workbench.desktop.main.js:31:17858)
    at Hi (vscode-file://vscode-app/opt/visual-studio-code/resources/app/out/vs/workbench/workbench.desktop.main.js:31:17251)
2025-03-28 15:30:38.800 [error] Произошла неизвестная ошибка. Подробные сведения см. в журнале.
2025-03-28 15:34:46.295 [error] Произошла неизвестная ошибка. Подробные сведения см. в журнале.
2025-03-28 15:34:58.199 [error] Произошла неизвестная ошибка. Подробные сведения см. в журнале.
2025-03-28 15:36:13.742 [error] Произошла неизвестная ошибка. Подробные сведения см. в журнале.
2025-03-28 15:37:39.533 [error] Произошла неизвестная ошибка. Подробные сведения см. в журнале.
2025-03-28 15:37:48.599 [error] Произошла неизвестная ошибка. Подробные сведения см. в журнале.
2025-03-28 15:38:44.395 [error] Произошла неизвестная ошибка. Подробные сведения см. в журнале.
2025-03-28 15:41:45.681 [error] Произошла неизвестная ошибка. Подробные сведения см. в журнале.
2025-03-28 15:44:02.146 [error] Произошла неизвестная ошибка. Подробные сведения см. в журнале.
2025-03-28 15:56:14.071 [error] Произошла неизвестная ошибка. Подробные сведения см. в журнале.
2025-03-28 16:00:41.475 [error] Произошла неизвестная ошибка. Подробные сведения см. в журнале.
2025-03-28 16:00:45.658 [error] Произошла неизвестная ошибка. Подробные сведения см. в журнале.
2025-03-28 16:22:52.726 [info] Started local extension host with pid 10300.
2025-03-28 16:22:53.912 [info] Settings Sync: Account status changed from uninitialized to unavailable
2025-03-28 16:22:55.459 [info] [perf] Render performance baseline is 21ms
2025-03-28 16:22:56.017 [warning] Authentication provider codeium_auth was not declared in the Extension Manifest.
2025-03-28 16:23:00.092 [error] Illegal value for lineNumber: Error: Illegal value for lineNumber
    at Cf.getLineMaxColumn (vscode-file://vscode-app/opt/visual-studio-code/resources/app/out/vs/workbench/workbench.desktop.main.js:253:112)
    at vscode-file://vscode-app/opt/visual-studio-code/resources/app/out/vs/workbench/workbench.desktop.main.js:2001:13251
    at HI._computeFn (vscode-file://vscode-app/opt/visual-studio-code/resources/app/out/vs/workbench/workbench.desktop.main.js:31:24260)
    at HI.q (vscode-file://vscode-app/opt/visual-studio-code/resources/app/out/vs/workbench/workbench.desktop.main.js:31:25793)
    at HI.get (vscode-file://vscode-app/opt/visual-studio-code/resources/app/out/vs/workbench/workbench.desktop.main.js:31:25545)
    at HI.reportChanges (vscode-file://vscode-app/opt/visual-studio-code/resources/app/out/vs/workbench/workbench.desktop.main.js:31:15998)
    at rse.endUpdate (vscode-file://vscode-app/opt/visual-studio-code/resources/app/out/vs/workbench/workbench.desktop.main.js:31:22892)
    at HI.endUpdate (vscode-file://vscode-app/opt/visual-studio-code/resources/app/out/vs/workbench/workbench.desktop.main.js:31:26591)
    at _5.finish (vscode-file://vscode-app/opt/visual-studio-code/resources/app/out/vs/workbench/workbench.desktop.main.js:31:17858)
    at Hi (vscode-file://vscode-app/opt/visual-studio-code/resources/app/out/vs/workbench/workbench.desktop.main.js:31:17251)
2025-03-28 16:23:01.096 [error] Произошла неизвестная ошибка. Подробные сведения см. в журнале.
2025-03-28 16:23:36.278 [error] Illegal value for lineNumber: Error: Illegal value for lineNumber
    at Cf.getLineMaxColumn (vscode-file://vscode-app/opt/visual-studio-code/resources/app/out/vs/workbench/workbench.desktop.main.js:253:112)
    at vscode-file://vscode-app/opt/visual-studio-code/resources/app/out/vs/workbench/workbench.desktop.main.js:2001:13251
    at HI._computeFn (vscode-file://vscode-app/opt/visual-studio-code/resources/app/out/vs/workbench/workbench.desktop.main.js:31:24260)
    at HI.q (vscode-file://vscode-app/opt/visual-studio-code/resources/app/out/vs/workbench/workbench.desktop.main.js:31:25793)
    at HI.get (vscode-file://vscode-app/opt/visual-studio-code/resources/app/out/vs/workbench/workbench.desktop.main.js:31:25545)
    at HI.reportChanges (vscode-file://vscode-app/opt/visual-studio-code/resources/app/out/vs/workbench/workbench.desktop.main.js:31:15998)
    at rse.endUpdate (vscode-file://vscode-app/opt/visual-studio-code/resources/app/out/vs/workbench/workbench.desktop.main.js:31:22892)
    at HI.endUpdate (vscode-file://vscode-app/opt/visual-studio-code/resources/app/out/vs/workbench/workbench.desktop.main.js:31:26591)
    at _5.finish (vscode-file://vscode-app/opt/visual-studio-code/resources/app/out/vs/workbench/workbench.desktop.main.js:31:17858)
    at Hi (vscode-file://vscode-app/opt/visual-studio-code/resources/app/out/vs/workbench/workbench.desktop.main.js:31:17251)
2025-03-28 16:23:37.279 [error] Произошла неизвестная ошибка. Подробные сведения см. в журнале.
2025-03-28 19:44:47.759 [error] [Extension Host] FetchError: Unleash Repository error: request to https://unleash.codeium.com/api/client/features failed, reason: 
	at ClientRequest.<anonymous> (/home/smitee/.vscode/extensions/codeium.codeium-1.42.3/dist/extension.js:2:4019489)
	at ClientRequest.emit (node:events:530:35)
	at ClientRequest.emit (node:domain:489:12)
	at emitErrorEvent (node:_http_client:101:11)
	at TLSSocket.socketErrorListener (node:_http_client:504:5)
	at TLSSocket.emit (node:events:518:28)
	at TLSSocket.emit (node:domain:489:12)
	at emitErrorNT (node:internal/streams/destroy:169:8)
	at emitErrorCloseNT (node:internal/streams/destroy:128:3)
	at process.processTicksAndRejections (node:internal/process/task_queues:82:21)
2025-03-28 19:45:55.067 [error] [Extension Host] FetchError: Unleash Repository error: network timeout at: https://unleash.codeium.com/api/client/features
	at Timeout.<anonymous> (/home/smitee/.vscode/extensions/codeium.codeium-1.42.3/dist/extension.js:2:4019363)
	at listOnTimeout (node:internal/timers:581:17)
	at process.processTimers (node:internal/timers:519:7)
2025-03-28 19:50:02.769 [error] [Extension Host] FetchError: Unleash Repository error: network timeout at: https://unleash.codeium.com/api/client/features
	at Timeout.<anonymous> (/home/smitee/.vscode/extensions/codeium.codeium-1.42.3/dist/extension.js:2:4019363)
	at listOnTimeout (node:internal/timers:581:17)
	at process.processTimers (node:internal/timers:519:7)
2025-03-28 19:53:09.717 [error] [Extension Host] FetchError: Unleash Repository error: request to https://unleash.codeium.com/api/client/features failed, reason: 
	at ClientRequest.<anonymous> (/home/smitee/.vscode/extensions/codeium.codeium-1.42.3/dist/extension.js:2:4019489)
	at ClientRequest.emit (node:events:530:35)
	at ClientRequest.emit (node:domain:489:12)
	at emitErrorEvent (node:_http_client:101:11)
	at TLSSocket.socketErrorListener (node:_http_client:504:5)
	at TLSSocket.emit (node:events:518:28)
	at TLSSocket.emit (node:domain:489:12)
	at emitErrorNT (node:internal/streams/destroy:169:8)
	at emitErrorCloseNT (node:internal/streams/destroy:128:3)
	at process.processTicksAndRejections (node:internal/process/task_queues:82:21)
