2025-03-29 00:01:24.806 [info] Extension host with pid 51156 started
2025-03-29 00:01:24.806 [info] Skipping acquiring lock for /home/smitee/.config/Code/User/workspaceStorage/d8734d2d0c9f55360f231bf6dcb54760.
2025-03-29 00:01:25.031 [info] ExtensionService#_doActivateExtension vscode.github-authentication, startup: false, activationEvent: 'onAuthenticationRequest:github'
2025-03-29 00:01:25.031 [info] ExtensionService#_doActivateExtension vscode.emmet, startup: false, activationEvent: 'onLanguage'
2025-03-29 00:01:25.032 [info] ExtensionService#_doActivateExtension vscode.configuration-editing, startup: false, activationEvent: 'onLanguage:jsonc'
2025-03-29 00:01:25.032 [info] ExtensionService#_doActivateExtension vscode.json-language-features, startup: false, activationEvent: 'onLanguage:jsonc'
2025-03-29 00:01:25.032 [info] ExtensionService#_doActivateExtension vscode.typescript-language-features, startup: false, activationEvent: 'onLanguage:jsonc'
2025-03-29 00:01:25.666 [info] ExtensionService#_doActivateExtension vscode.git-base, startup: true, activationEvent: '*', root cause: vscode.git
2025-03-29 00:01:25.691 [info] ExtensionService#_doActivateExtension vscode.git, startup: true, activationEvent: '*'
2025-03-29 00:01:25.692 [info] ExtensionService#_doActivateExtension vscode.github, startup: true, activationEvent: '*'
2025-03-29 00:01:25.692 [info] ExtensionService#_doActivateExtension pranaygp.vscode-css-peek, startup: true, activationEvent: 'workspaceContains:**/*.css,**/*.scss,**/*.sass,**/*.less'
2025-03-29 00:01:25.731 [info] ExtensionService#_doActivateExtension ms-python.python, startup: true, activationEvent: 'workspaceContains:**/*.qml,**/*.ui,**/*.qrc', root cause: seanwu.vscode-qt-for-python
2025-03-29 00:01:26.166 [info] ExtensionService#_doActivateExtension seanwu.vscode-qt-for-python, startup: true, activationEvent: 'workspaceContains:**/*.qml,**/*.ui,**/*.qrc'
2025-03-29 00:01:26.220 [info] Eager extensions activated
2025-03-29 00:01:26.230 [info] ExtensionService#_doActivateExtension vscode.debug-auto-launch, startup: false, activationEvent: 'onStartupFinished'
2025-03-29 00:01:26.231 [info] ExtensionService#_doActivateExtension vscode.merge-conflict, startup: false, activationEvent: 'onStartupFinished'
2025-03-29 00:01:26.231 [info] ExtensionService#_doActivateExtension Codeium.codeium, startup: false, activationEvent: 'onStartupFinished'
2025-03-29 00:01:26.602 [info] ExtensionService#_doActivateExtension PKief.material-icon-theme, startup: false, activationEvent: 'onStartupFinished'
2025-03-29 00:01:26.630 [info] ExtensionService#_doActivateExtension ms-python.vscode-pylance, startup: false, activationEvent: 'api', root cause: ms-python.python
2025-03-29 00:01:33.414 [info] ExtensionService#_doActivateExtension vscode.css-language-features, startup: false, activationEvent: 'onLanguage:css'
2025-03-29 00:01:33.519 [warning] DiagnosticCollection with name 'css-peek' does already exist.
