(VSCode) 2025-03-28 15:18:43.945 [INFO]: No proxy settings found
(VSCode) 2025-03-28 15:18:45.124 [INFO]: Checking network connection...
(VSCode) 2025-03-28 15:18:45.905 [INFO]: No Network Issue connecting to https://server.codeium.com/healthz
(VSCode) 2025-03-28 15:18:45.973 [INFO]: Creating manager directory: /tmp/25b21a24-1bcc-4964-8a20-340cfbbfe02f/codeium/manager
(VSCode) 2025-03-28 15:18:46.509 [INFO]: Using cached LS with valid crc32: /home/smitee/.vscode/extensions/codeium.codeium-1.42.3/dist/0c9faf39e693eeaf762c0320f624cde0b6c7bb7e/language_server_linux_x64
(VSCode) 2025-03-28 15:18:46.514 [INFO]: Language server started
2025/03/28 15:18:46 maxprocs: Leaving GOMAXPROCS=12: CPU quota undefined
I0328 15:18:46.590819  2768 main.go:581] [Language Server Manager] Setting GOMAXPROCS to 4
I0328 15:18:46.590900  2768 main.go:725] [Language Server Manager] Release 1.42.3 (0c9faf39e693eeaf762c0320f624cde0b6c7bb7e)
I0328 15:18:46.590926  2768 main.go:804] [Language Server Manager] Starting language server manager with pid 2768
I0328 15:18:46.591009  2768 main.go:124] [Language Server Manager] Manager acquired its lock file /tmp/25b21a24-1bcc-4964-8a20-340cfbbfe02f/codeium/manager/locks/manager.lock
I0328 15:18:46.591349  2768 main.go:265] [Language Server Manager] Waiting for random port file in /tmp/25b21a24-1bcc-4964-8a20-340cfbbfe02f/codeium/manager/child_random_port_1743164326591100617_8883611422388632123 to be created
2025/03/28 15:18:46 maxprocs: Leaving GOMAXPROCS=12: CPU quota undefined
I0328 15:18:46.669079  2784 main.go:581] Setting GOMAXPROCS to 4
I0328 15:18:46.669317  2784 main.go:798] Starting language server process with pid 2784
I0328 15:18:46.669344  2784 server.go:256] Language server will attempt to listen on host 127.0.0.1
I0328 15:18:46.669413  2784 server.go:263] Language server listening on random port at 35779
I0328 15:18:48.279894  2784 server.go:342] Extension server port not specified; skipping extension server client creation
I0328 15:18:48.288380  2784 web_server.go:258] Chat Web Server listening at ws://127.0.0.1:38281
I0328 15:18:48.407225  2784 server.go:849] Local search is enabled, will index local files.
I0328 15:18:48.407242  2784 server.go:853] Using 3 indexer workers
I0328 15:18:48.412889  2784 server.go:995] Child process attempting to acquire lock file /tmp/25b21a24-1bcc-4964-8a20-340cfbbfe02f/codeium/manager/locks/child_lock_1743164326591120180_6044548120105632063
I0328 15:18:48.412943  2784 server.go:1003] Child process acquired lock file /tmp/25b21a24-1bcc-4964-8a20-340cfbbfe02f/codeium/manager/locks/child_lock_1743164326591120180_6044548120105632063
35921
I0328 15:18:48.496195  2768 main.go:301] [Language Server Manager] Found random server port 35779
I0328 15:18:48.496216  2768 main.go:302] [Language Server Manager] Found random lsp port 35921
I0328 15:18:48.496228  2768 main.go:309] [Language Server Manager] Attempting to connect to language server at 127.0.0.1:35779
I0328 15:18:48.507354  2768 main.go:178] [Language Server Manager] Fixing language server port at 35779
I0328 15:18:48.507369  2768 main.go:361] [Language Server Manager] Successfully connected to new language server at 127.0.0.1:35779
(VSCode) 2025-03-28 15:18:48.517 [INFO]: Found language server running on port 35779
(VSCode) 2025-03-28 15:18:48.848 [INFO]: openAllTextDocuments took 11.946608999999626ms
(VSCode) 2025-03-28 15:20:21.291 [INFO]: Completion request succeeded (1190.3ms)
(VSCode) 2025-03-28 15:20:21.293 [INFO]: No completions were generated
(VSCode) 2025-03-28 15:20:21.293 [INFO]: provideInlineCompletionItems request succeeded (1193.74ms)
(VSCode) 2025-03-28 15:24:38.881 [INFO]: Codeium is not enabled for the current document.
(VSCode) 2025-03-28 15:24:54.400 [INFO]: Disposing language server process
(VSCode) 2025-03-28 15:24:54.400 [INFO]: Deleting manager directory: /tmp/25b21a24-1bcc-4964-8a20-340cfbbfe02f/codeium/manager
(VSCode) 2025-03-28 15:24:54.401 [INFO]: Successfully disposed language server
W0328 15:24:54.400909  2768 main.go:128] [Language Server Manager] Got signal terminated, shutting down
