2025-03-27 19:52:58.758 [info] Extension host with pid 3154 started
2025-03-27 19:52:58.758 [info] Skipping acquiring lock for /home/smitee/.config/Code/User/workspaceStorage/d8734d2d0c9f55360f231bf6dcb54760.
2025-03-27 19:52:59.014 [info] ExtensionService#_doActivateExtension vscode.github-authentication, startup: false, activationEvent: 'onAuthenticationRequest:github'
2025-03-27 19:52:59.015 [info] ExtensionService#_doActivateExtension vscode.emmet, startup: false, activationEvent: 'onLanguage'
2025-03-27 19:52:59.313 [info] ExtensionService#_doActivateExtension vscode.git-base, startup: true, activationEvent: '*', root cause: vscode.git
2025-03-27 19:52:59.375 [info] ExtensionService#_doActivateExtension vscode.git, startup: true, activationEvent: '*'
2025-03-27 19:52:59.376 [info] ExtensionService#_doActivateExtension vscode.github, startup: true, activationEvent: '*'
2025-03-27 19:52:59.376 [info] ExtensionService#_doActivateExtension pranaygp.vscode-css-peek, startup: true, activationEvent: 'workspaceContains:**/*.css,**/*.scss,**/*.sass,**/*.less'
2025-03-27 19:52:59.463 [info] ExtensionService#_doActivateExtension ms-python.python, startup: true, activationEvent: 'workspaceContains:**/*.qml,**/*.ui,**/*.qrc', root cause: seanwu.vscode-qt-for-python
2025-03-27 19:53:00.035 [info] ExtensionService#_doActivateExtension seanwu.vscode-qt-for-python, startup: true, activationEvent: 'workspaceContains:**/*.qml,**/*.ui,**/*.qrc'
2025-03-27 19:53:00.116 [info] Eager extensions activated
2025-03-27 19:53:00.156 [info] ExtensionService#_doActivateExtension vscode.debug-auto-launch, startup: false, activationEvent: 'onStartupFinished'
2025-03-27 19:53:00.157 [info] ExtensionService#_doActivateExtension vscode.merge-conflict, startup: false, activationEvent: 'onStartupFinished'
2025-03-27 19:53:00.157 [info] ExtensionService#_doActivateExtension Codeium.codeium, startup: false, activationEvent: 'onStartupFinished'
2025-03-27 19:53:00.641 [info] ExtensionService#_doActivateExtension PKief.material-icon-theme, startup: false, activationEvent: 'onStartupFinished'
2025-03-27 19:53:00.765 [info] ExtensionService#_doActivateExtension ms-python.vscode-pylance, startup: false, activationEvent: 'api', root cause: ms-python.python
2025-03-27 19:53:06.476 [info] ExtensionService#_doActivateExtension vscode.configuration-editing, startup: false, activationEvent: 'onLanguage:json'
2025-03-27 19:53:06.476 [info] ExtensionService#_doActivateExtension vscode.extension-editing, startup: false, activationEvent: 'onLanguage:json'
2025-03-27 19:53:06.477 [info] ExtensionService#_doActivateExtension vscode.json-language-features, startup: false, activationEvent: 'onLanguage:json'
2025-03-27 19:53:06.477 [info] ExtensionService#_doActivateExtension vscode.npm, startup: false, activationEvent: 'onLanguage:json'
2025-03-27 19:53:06.477 [info] ExtensionService#_doActivateExtension ZainChen.json, startup: false, activationEvent: 'onLanguage:json'
2025-03-27 19:53:06.484 [info] ExtensionService#_doActivateExtension vscode.typescript-language-features, startup: false, activationEvent: 'onLanguage:jsonc'
2025-03-27 19:53:06.486 [info] ExtensionService#_doActivateExtension vscode.css-language-features, startup: false, activationEvent: 'onLanguage:css'
2025-03-27 19:53:26.605 [info] Extension host terminating: renderer closed the MessagePort
2025-03-27 19:53:26.652 [info] Extension host with pid 3154 exiting with code 0
