2025-03-29 00:25:18.239 [info] [основное] Уровень ведения журнала: Info
2025-03-29 00:25:18.239 [info] [основное] Проверка найденного Git в: "git"
2025-03-29 00:25:18.239 [info] [основное] Используется Git "2.49.0" из "git"
2025-03-29 00:25:18.239 [info] [Model][doInitialScan] Initial repository scan started
2025-03-29 00:25:18.239 [info] > git rev-parse --show-toplevel [9ms]
2025-03-29 00:25:18.239 [info] fatal: not a git repository (or any of the parent directories): .git
2025-03-29 00:25:18.239 [info] > git rev-parse --show-toplevel [30ms]
2025-03-29 00:25:18.239 [info] fatal: not a git repository (or any of the parent directories): .git
2025-03-29 00:25:18.245 [info] > git rev-parse --show-toplevel [1ms]
2025-03-29 00:25:18.246 [info] fatal: not a git repository (or any of the parent directories): .git
2025-03-29 00:25:18.300 [info] > git rev-parse --show-toplevel [51ms]
2025-03-29 00:25:18.300 [info] fatal: not a git repository (or any of the parent directories): .git
2025-03-29 00:25:18.348 [info] > git rev-parse --show-toplevel [1ms]
2025-03-29 00:25:18.348 [info] fatal: not a git repository (or any of the parent directories): .git
2025-03-29 00:25:18.831 [info] > git rev-parse --show-toplevel [40ms]
2025-03-29 00:25:18.831 [info] fatal: not a git repository (or any of the parent directories): .git
2025-03-29 00:25:18.898 [info] > git rev-parse --show-toplevel [9ms]
2025-03-29 00:25:18.898 [info] fatal: not a git repository (or any of the parent directories): .git
2025-03-29 00:25:19.221 [info] > git rev-parse --show-toplevel [6ms]
2025-03-29 00:25:19.221 [info] fatal: not a git repository (or any of the parent directories): .git
2025-03-29 00:25:19.228 [info] > git rev-parse --show-toplevel [1ms]
2025-03-29 00:25:19.228 [info] fatal: not a git repository (or any of the parent directories): .git
2025-03-29 00:25:19.234 [info] > git rev-parse --show-toplevel [2ms]
2025-03-29 00:25:19.234 [info] fatal: not a git repository (or any of the parent directories): .git
2025-03-29 00:25:19.272 [info] > git rev-parse --show-toplevel [34ms]
2025-03-29 00:25:19.272 [info] fatal: not a git repository (or any of the parent directories): .git
2025-03-29 00:25:19.278 [info] > git rev-parse --show-toplevel [1ms]
2025-03-29 00:25:19.278 [info] fatal: not a git repository (or any of the parent directories): .git
2025-03-29 00:25:19.285 [info] > git rev-parse --show-toplevel [0ms]
2025-03-29 00:25:19.285 [info] fatal: not a git repository (or any of the parent directories): .git
2025-03-29 00:25:19.314 [info] > git rev-parse --show-toplevel [23ms]
2025-03-29 00:25:19.314 [info] fatal: not a git repository (or any of the parent directories): .git
2025-03-29 00:25:19.319 [info] > git rev-parse --show-toplevel [0ms]
2025-03-29 00:25:19.319 [info] fatal: not a git repository (or any of the parent directories): .git
2025-03-29 00:25:19.324 [info] > git rev-parse --show-toplevel [1ms]
2025-03-29 00:25:19.324 [info] fatal: not a git repository (or any of the parent directories): .git
2025-03-29 00:25:19.328 [info] > git rev-parse --show-toplevel [0ms]
2025-03-29 00:25:19.328 [info] fatal: not a git repository (or any of the parent directories): .git
2025-03-29 00:25:19.333 [info] > git rev-parse --show-toplevel [0ms]
2025-03-29 00:25:19.333 [info] fatal: not a git repository (or any of the parent directories): .git
2025-03-29 00:25:19.338 [info] > git rev-parse --show-toplevel [1ms]
2025-03-29 00:25:19.338 [info] fatal: not a git repository (or any of the parent directories): .git
2025-03-29 00:25:19.343 [info] > git rev-parse --show-toplevel [1ms]
2025-03-29 00:25:19.343 [info] fatal: not a git repository (or any of the parent directories): .git
2025-03-29 00:25:19.348 [info] > git rev-parse --show-toplevel [1ms]
2025-03-29 00:25:19.348 [info] fatal: not a git repository (or any of the parent directories): .git
2025-03-29 00:25:19.353 [info] > git rev-parse --show-toplevel [1ms]
2025-03-29 00:25:19.353 [info] fatal: not a git repository (or any of the parent directories): .git
2025-03-29 00:25:19.358 [info] > git rev-parse --show-toplevel [0ms]
2025-03-29 00:25:19.358 [info] fatal: not a git repository (or any of the parent directories): .git
2025-03-29 00:25:19.364 [info] > git rev-parse --show-toplevel [1ms]
2025-03-29 00:25:19.364 [info] fatal: not a git repository (or any of the parent directories): .git
2025-03-29 00:25:19.369 [info] > git rev-parse --show-toplevel [1ms]
2025-03-29 00:25:19.369 [info] fatal: not a git repository (or any of the parent directories): .git
2025-03-29 00:25:19.374 [info] > git rev-parse --show-toplevel [1ms]
2025-03-29 00:25:19.374 [info] fatal: not a git repository (or any of the parent directories): .git
2025-03-29 00:25:19.379 [info] > git rev-parse --show-toplevel [1ms]
2025-03-29 00:25:19.379 [info] fatal: not a git repository (or any of the parent directories): .git
2025-03-29 00:25:19.384 [info] > git rev-parse --show-toplevel [1ms]
2025-03-29 00:25:19.384 [info] fatal: not a git repository (or any of the parent directories): .git
2025-03-29 00:25:19.388 [info] > git rev-parse --show-toplevel [0ms]
2025-03-29 00:25:19.388 [info] fatal: not a git repository (or any of the parent directories): .git
2025-03-29 00:25:19.393 [info] > git rev-parse --show-toplevel [1ms]
2025-03-29 00:25:19.393 [info] fatal: not a git repository (or any of the parent directories): .git
2025-03-29 00:25:19.398 [info] > git rev-parse --show-toplevel [1ms]
2025-03-29 00:25:19.398 [info] fatal: not a git repository (or any of the parent directories): .git
2025-03-29 00:25:19.403 [info] > git rev-parse --show-toplevel [1ms]
2025-03-29 00:25:19.403 [info] fatal: not a git repository (or any of the parent directories): .git
2025-03-29 00:25:19.407 [info] > git rev-parse --show-toplevel [0ms]
2025-03-29 00:25:19.408 [info] fatal: not a git repository (or any of the parent directories): .git
2025-03-29 00:25:19.418 [info] > git rev-parse --show-toplevel [6ms]
2025-03-29 00:25:19.418 [info] fatal: not a git repository (or any of the parent directories): .git
2025-03-29 00:25:19.423 [info] > git rev-parse --show-toplevel [0ms]
2025-03-29 00:25:19.423 [info] fatal: not a git repository (or any of the parent directories): .git
2025-03-29 00:25:19.429 [info] > git rev-parse --show-toplevel [1ms]
2025-03-29 00:25:19.429 [info] fatal: not a git repository (or any of the parent directories): .git
2025-03-29 00:25:19.445 [info] > git rev-parse --show-toplevel [10ms]
2025-03-29 00:25:19.445 [info] fatal: not a git repository (or any of the parent directories): .git
2025-03-29 00:25:19.453 [info] > git rev-parse --show-toplevel [1ms]
2025-03-29 00:25:19.453 [info] fatal: not a git repository (or any of the parent directories): .git
2025-03-29 00:25:19.459 [info] > git rev-parse --show-toplevel [1ms]
2025-03-29 00:25:19.459 [info] fatal: not a git repository (or any of the parent directories): .git
2025-03-29 00:25:19.464 [info] > git rev-parse --show-toplevel [0ms]
2025-03-29 00:25:19.464 [info] fatal: not a git repository (or any of the parent directories): .git
2025-03-29 00:25:19.470 [info] > git rev-parse --show-toplevel [1ms]
2025-03-29 00:25:19.470 [info] fatal: not a git repository (or any of the parent directories): .git
2025-03-29 00:25:19.475 [info] > git rev-parse --show-toplevel [0ms]
2025-03-29 00:25:19.475 [info] fatal: not a git repository (or any of the parent directories): .git
2025-03-29 00:25:19.481 [info] > git rev-parse --show-toplevel [1ms]
2025-03-29 00:25:19.481 [info] fatal: not a git repository (or any of the parent directories): .git
2025-03-29 00:25:19.489 [info] > git rev-parse --show-toplevel [1ms]
2025-03-29 00:25:19.489 [info] fatal: not a git repository (or any of the parent directories): .git
2025-03-29 00:25:19.497 [info] > git rev-parse --show-toplevel [1ms]
2025-03-29 00:25:19.497 [info] fatal: not a git repository (or any of the parent directories): .git
2025-03-29 00:25:19.504 [info] > git rev-parse --show-toplevel [0ms]
2025-03-29 00:25:19.504 [info] fatal: not a git repository (or any of the parent directories): .git
2025-03-29 00:25:19.510 [info] > git rev-parse --show-toplevel [1ms]
2025-03-29 00:25:19.510 [info] fatal: not a git repository (or any of the parent directories): .git
2025-03-29 00:25:19.520 [info] > git rev-parse --show-toplevel [2ms]
2025-03-29 00:25:19.520 [info] fatal: not a git repository (or any of the parent directories): .git
2025-03-29 00:25:19.529 [info] > git rev-parse --show-toplevel [1ms]
2025-03-29 00:25:19.529 [info] fatal: not a git repository (or any of the parent directories): .git
2025-03-29 00:25:19.537 [info] > git rev-parse --show-toplevel [2ms]
2025-03-29 00:25:19.537 [info] fatal: not a git repository (or any of the parent directories): .git
2025-03-29 00:25:19.542 [info] > git rev-parse --show-toplevel [1ms]
2025-03-29 00:25:19.542 [info] fatal: not a git repository (or any of the parent directories): .git
2025-03-29 00:25:19.548 [info] > git rev-parse --show-toplevel [1ms]
2025-03-29 00:25:19.548 [info] fatal: not a git repository (or any of the parent directories): .git
2025-03-29 00:25:19.549 [info] [Model][doInitialScan] Initial repository scan completed - repositories (0), closed repositories (0), parent repositories (0), unsafe repositories (0)
2025-03-29 00:25:19.554 [info] > git rev-parse --show-toplevel [0ms]
2025-03-29 00:25:19.554 [info] fatal: not a git repository (or any of the parent directories): .git
2025-03-29 00:25:19.559 [info] > git rev-parse --show-toplevel [0ms]
2025-03-29 00:25:19.559 [info] fatal: not a git repository (or any of the parent directories): .git
2025-03-29 00:25:19.564 [info] > git rev-parse --show-toplevel [1ms]
2025-03-29 00:25:19.564 [info] fatal: not a git repository (or any of the parent directories): .git
2025-03-29 00:25:25.438 [info] > git rev-parse --show-toplevel [1ms]
2025-03-29 00:25:25.438 [info] fatal: not a git repository (or any of the parent directories): .git
2025-03-29 00:25:27.366 [info] > git rev-parse --show-toplevel [0ms]
2025-03-29 00:25:27.366 [info] fatal: not a git repository (or any of the parent directories): .git
2025-03-29 00:25:28.384 [info] > git rev-parse --show-toplevel [0ms]
2025-03-29 00:25:28.384 [info] fatal: not a git repository (or any of the parent directories): .git
2025-03-29 00:25:29.377 [info] > git rev-parse --show-toplevel [1ms]
2025-03-29 00:25:29.377 [info] fatal: not a git repository (or any of the parent directories): .git
2025-03-29 00:25:29.479 [info] > git rev-parse --show-toplevel [2ms]
2025-03-29 00:25:29.479 [info] fatal: not a git repository (or any of the parent directories): .git
