2025-03-28 03:12:45.387 [info] Reading sessions from keychain...
2025-03-28 03:12:45.387 [info] Getting sessions for all scopes...
2025-03-28 03:12:45.387 [info] Getting sessions for all scopes...
2025-03-28 03:12:45.387 [info] Getting sessions for all scopes...
2025-03-28 03:12:45.387 [info] Getting sessions for all scopes...
2025-03-28 03:12:45.387 [info] Getting sessions for all scopes...
2025-03-28 03:12:45.387 [info] Getting sessions for all scopes...
2025-03-28 03:12:45.387 [info] Getting sessions for all scopes...
2025-03-28 03:12:45.387 [info] Getting sessions for all scopes...
2025-03-28 03:12:45.398 [info] Got stored sessions!
2025-03-28 03:12:45.398 [info] Got 1 verified sessions.
2025-03-28 03:12:45.398 [info] Got 1 sessions for ...
2025-03-28 03:12:45.398 [info] Got 1 sessions for ...
2025-03-28 03:12:45.398 [info] Got 1 sessions for ...
2025-03-28 03:12:45.398 [info] Got 1 sessions for ...
2025-03-28 03:12:45.398 [info] Got 1 sessions for ...
2025-03-28 03:12:45.398 [info] Got 1 sessions for ...
2025-03-28 03:12:45.398 [info] Got 1 sessions for ...
2025-03-28 03:12:45.398 [info] Got 1 sessions for ...
2025-03-28 03:12:47.309 [info] Getting sessions for all scopes...
2025-03-28 03:12:47.309 [info] Got 1 sessions for ...
