2025-03-28 00:27:14.053 [info] Reading sessions from keychain...
2025-03-28 00:27:14.053 [info] Getting sessions for all scopes...
2025-03-28 00:27:14.053 [info] Getting sessions for all scopes...
2025-03-28 00:27:14.053 [info] Getting sessions for all scopes...
2025-03-28 00:27:14.053 [info] Getting sessions for all scopes...
2025-03-28 00:27:14.053 [info] Getting sessions for all scopes...
2025-03-28 00:27:14.053 [info] Getting sessions for all scopes...
2025-03-28 00:27:14.053 [info] Getting sessions for all scopes...
2025-03-28 00:27:14.056 [info] Got stored sessions!
2025-03-28 00:27:14.056 [info] Got 1 verified sessions.
2025-03-28 00:27:14.056 [info] Got 1 sessions for ...
2025-03-28 00:27:14.056 [info] Got 1 sessions for ...
2025-03-28 00:27:14.056 [info] Got 1 sessions for ...
2025-03-28 00:27:14.056 [info] Got 1 sessions for ...
2025-03-28 00:27:14.056 [info] Got 1 sessions for ...
2025-03-28 00:27:14.056 [info] Got 1 sessions for ...
2025-03-28 00:27:14.056 [info] Got 1 sessions for ...
2025-03-28 00:27:14.306 [info] Getting sessions for all scopes...
2025-03-28 00:27:14.306 [info] Got 1 sessions for ...
2025-03-28 00:27:15.817 [info] Getting sessions for all scopes...
2025-03-28 00:27:15.818 [info] Got 1 sessions for ...
